22/12/28 19:18:47 INFO TextDataConvertor: Dataset: [../../../../data/ml_sample_6000.csv]
22/12/28 19:18:48 INFO TextDataConvertor: DataSet: ../../../../data/ml_sample_6000.csv is finished
22/12/28 19:18:48 INFO TextDataConvertor: rating Scale (real): 0.5 to 5.0
22/12/28 19:18:48 INFO TextDataConvertor: user number: 6000,	 item number is: 14623
22/12/28 19:18:48 INFO TextDataModel: Transform data to Convertor successfully!
22/12/28 19:18:49 INFO TextDataModel: Split data to train Set and test Set successfully!
22/12/28 19:18:50 INFO TextDataModel: Feature appender loaded successfully!
22/12/28 19:18:50 INFO TextDataConvertor: Dataset: [../../../../data/split/cv_1/train.txt]
22/12/28 19:18:50 INFO TextDataConvertor: DataSet: .../../../../data/split/cv_1/train.txt is finished
22/12/28 19:18:50 INFO TextDataConvertor: rating Scale (real): 0.5 to 5.0
22/12/28 19:18:50 INFO TextDataConvertor: user number: 6000,	 item number is: 14623
22/12/28 19:18:50 INFO TextDataModel: Transform data to Convertor successfully!
22/12/28 19:18:50 INFO TextDataConvertor: Dataset: [../../../../data/split/cv_1/test.txt]
22/12/28 19:18:50 INFO TextDataConvertor: DataSet: ..../../../../data/split/cv_1/test.txt is finished
22/12/28 19:18:50 INFO TextDataConvertor: rating Scale (real): 0.5 to 5.0
22/12/28 19:18:50 INFO TextDataConvertor: user number: 6000,	 item number is: 14623
22/12/28 19:18:51 INFO TextDataModel: Split data to train Set and test Set successfully!
22/12/28 19:18:51 INFO TextDataModel: Data cardinality of training is 447256
22/12/28 19:18:51 INFO TextDataModel: Data cardinality of testing is 111814
22/12/28 19:18:51 INFO TextDataModel: Feature appender loaded successfully!
22/12/28 19:18:51 INFO OracleAlgo: Job Setup completed.
** Training model in OracleAlgo **
22/12/28 19:18:51 INFO TextDataConvertor: Dataset: [exp00009/result/out-1.txt]
22/12/28 19:18:51 INFO TextDataConvertor: DataSet: exp00009/result/out-1.txt is finished
22/12/28 19:18:51 INFO TextDataConvertor: user number: 6000,	 item number is: 14623
22/12/28 19:18:51 INFO OracleAlgo: Job Train completed.
22/12/28 19:18:51 INFO OracleAlgo: begin recommend
22/12/28 19:18:53 INFO OracleAlgo: end recommend
22/12/28 19:18:53 INFO RecommenderJob: Evaluator info:NormalizedDCGEvaluator is 0.05990101431759486
22/12/28 19:18:53 INFO RecommenderJob: Evaluator info:PStatisticalParityEvaluator is -0.5113202802227703
22/12/28 19:18:53 INFO TextDataConvertor: Dataset: [../../../../data/split/cv_2/train.txt]
22/12/28 19:18:53 INFO TextDataConvertor: DataSet: .../../../../data/split/cv_2/train.txt is finished
22/12/28 19:18:53 INFO TextDataConvertor: rating Scale (real): 0.5 to 5.0
22/12/28 19:18:53 INFO TextDataConvertor: user number: 6000,	 item number is: 14623
22/12/28 19:18:53 INFO TextDataModel: Transform data to Convertor successfully!
22/12/28 19:18:53 INFO TextDataConvertor: Dataset: [../../../../data/split/cv_2/test.txt]
22/12/28 19:18:53 INFO TextDataConvertor: DataSet: ..../../../../data/split/cv_2/test.txt is finished
22/12/28 19:18:53 INFO TextDataConvertor: rating Scale (real): 0.5 to 5.0
22/12/28 19:18:53 INFO TextDataConvertor: user number: 6000,	 item number is: 14623
22/12/28 19:18:54 INFO TextDataModel: Split data to train Set and test Set successfully!
22/12/28 19:18:54 INFO TextDataModel: Data cardinality of training is 447256
22/12/28 19:18:54 INFO TextDataModel: Data cardinality of testing is 111814
22/12/28 19:18:54 INFO TextDataModel: Feature appender loaded successfully!
22/12/28 19:18:54 INFO OracleAlgo: Job Setup completed.
** Training model in OracleAlgo **
22/12/28 19:18:54 INFO TextDataConvertor: Dataset: [exp00009/result/out-2.txt]
22/12/28 19:18:54 INFO TextDataConvertor: DataSet: exp00009/result/out-2.txt is finished
22/12/28 19:18:54 INFO TextDataConvertor: user number: 6000,	 item number is: 14623
22/12/28 19:18:54 INFO OracleAlgo: Job Train completed.
22/12/28 19:18:54 INFO OracleAlgo: begin recommend
22/12/28 19:18:56 INFO OracleAlgo: end recommend
22/12/28 19:18:56 INFO RecommenderJob: Evaluator info:NormalizedDCGEvaluator is 0.05716044118670805
22/12/28 19:18:56 INFO RecommenderJob: Evaluator info:PStatisticalParityEvaluator is -0.5159393398751606
22/12/28 19:18:56 INFO TextDataConvertor: Dataset: [../../../../data/split/cv_3/train.txt]
22/12/28 19:18:56 INFO TextDataConvertor: DataSet: .../../../../data/split/cv_3/train.txt is finished
22/12/28 19:18:56 INFO TextDataConvertor: rating Scale (real): 0.5 to 5.0
22/12/28 19:18:56 INFO TextDataConvertor: user number: 6000,	 item number is: 14623
22/12/28 19:18:56 INFO TextDataModel: Transform data to Convertor successfully!
22/12/28 19:18:56 INFO TextDataConvertor: Dataset: [../../../../data/split/cv_3/test.txt]
22/12/28 19:18:56 INFO TextDataConvertor: DataSet: ..../../../../data/split/cv_3/test.txt is finished
22/12/28 19:18:56 INFO TextDataConvertor: rating Scale (real): 0.5 to 5.0
22/12/28 19:18:56 INFO TextDataConvertor: user number: 6000,	 item number is: 14623
22/12/28 19:18:56 INFO TextDataModel: Split data to train Set and test Set successfully!
22/12/28 19:18:56 INFO TextDataModel: Data cardinality of training is 447256
22/12/28 19:18:56 INFO TextDataModel: Data cardinality of testing is 111814
22/12/28 19:18:56 INFO TextDataModel: Feature appender loaded successfully!
22/12/28 19:18:56 INFO OracleAlgo: Job Setup completed.
** Training model in OracleAlgo **
22/12/28 19:18:56 INFO TextDataConvertor: Dataset: [exp00009/result/out-3.txt]
22/12/28 19:18:56 INFO TextDataConvertor: DataSet: exp00009/result/out-3.txt is finished
22/12/28 19:18:56 INFO TextDataConvertor: user number: 6000,	 item number is: 14623
22/12/28 19:18:57 INFO OracleAlgo: Job Train completed.
22/12/28 19:18:57 INFO OracleAlgo: begin recommend
22/12/28 19:18:58 INFO OracleAlgo: end recommend
22/12/28 19:18:58 INFO RecommenderJob: Evaluator info:NormalizedDCGEvaluator is 0.05874166816485091
22/12/28 19:18:58 INFO RecommenderJob: Evaluator info:PStatisticalParityEvaluator is -0.5156318141197945
22/12/28 19:18:58 INFO TextDataConvertor: Dataset: [../../../../data/split/cv_4/train.txt]
22/12/28 19:18:58 INFO TextDataConvertor: DataSet: .../../../../data/split/cv_4/train.txt is finished
22/12/28 19:18:58 INFO TextDataConvertor: rating Scale (real): 0.5 to 5.0
22/12/28 19:18:58 INFO TextDataConvertor: user number: 6000,	 item number is: 14623
22/12/28 19:18:58 INFO TextDataModel: Transform data to Convertor successfully!
22/12/28 19:18:58 INFO TextDataConvertor: Dataset: [../../../../data/split/cv_4/test.txt]
22/12/28 19:18:59 INFO TextDataConvertor: DataSet: ..../../../../data/split/cv_4/test.txt is finished
22/12/28 19:18:59 INFO TextDataConvertor: rating Scale (real): 0.5 to 5.0
22/12/28 19:18:59 INFO TextDataConvertor: user number: 6000,	 item number is: 14623
22/12/28 19:18:59 INFO TextDataModel: Split data to train Set and test Set successfully!
22/12/28 19:18:59 INFO TextDataModel: Data cardinality of training is 447256
22/12/28 19:18:59 INFO TextDataModel: Data cardinality of testing is 111814
22/12/28 19:18:59 INFO TextDataModel: Feature appender loaded successfully!
22/12/28 19:18:59 INFO OracleAlgo: Job Setup completed.
** Training model in OracleAlgo **
22/12/28 19:18:59 INFO TextDataConvertor: Dataset: [exp00009/result/out-4.txt]
22/12/28 19:18:59 INFO TextDataConvertor: DataSet: exp00009/result/out-4.txt is finished
22/12/28 19:18:59 INFO TextDataConvertor: user number: 6000,	 item number is: 14623
22/12/28 19:18:59 INFO OracleAlgo: Job Train completed.
22/12/28 19:18:59 INFO OracleAlgo: begin recommend
22/12/28 19:19:01 INFO OracleAlgo: end recommend
22/12/28 19:19:01 INFO RecommenderJob: Evaluator info:NormalizedDCGEvaluator is 0.06206715613987859
22/12/28 19:19:01 INFO RecommenderJob: Evaluator info:PStatisticalParityEvaluator is -0.5103804737975864
22/12/28 19:19:01 INFO TextDataConvertor: Dataset: [../../../../data/split/cv_5/train.txt]
22/12/28 19:19:01 INFO TextDataConvertor: DataSet: .../../../../data/split/cv_5/train.txt is finished
22/12/28 19:19:01 INFO TextDataConvertor: rating Scale (real): 0.5 to 5.0
22/12/28 19:19:01 INFO TextDataConvertor: user number: 6000,	 item number is: 14623
22/12/28 19:19:01 INFO TextDataModel: Transform data to Convertor successfully!
22/12/28 19:19:01 INFO TextDataConvertor: Dataset: [../../../../data/split/cv_5/test.txt]
22/12/28 19:19:01 INFO TextDataConvertor: DataSet: ..../../../../data/split/cv_5/test.txt is finished
22/12/28 19:19:01 INFO TextDataConvertor: rating Scale (real): 0.5 to 5.0
22/12/28 19:19:01 INFO TextDataConvertor: user number: 6000,	 item number is: 14623
22/12/28 19:19:02 INFO TextDataModel: Split data to train Set and test Set successfully!
22/12/28 19:19:02 INFO TextDataModel: Data cardinality of training is 447256
22/12/28 19:19:02 INFO TextDataModel: Data cardinality of testing is 111814
22/12/28 19:19:02 INFO TextDataModel: Feature appender loaded successfully!
22/12/28 19:19:02 INFO OracleAlgo: Job Setup completed.
** Training model in OracleAlgo **
22/12/28 19:19:02 INFO TextDataConvertor: Dataset: [exp00009/result/out-5.txt]
22/12/28 19:19:02 INFO TextDataConvertor: DataSet: exp00009/result/out-5.txt is finished
22/12/28 19:19:02 INFO TextDataConvertor: user number: 6000,	 item number is: 14623
22/12/28 19:19:02 INFO OracleAlgo: Job Train completed.
22/12/28 19:19:02 INFO OracleAlgo: begin recommend
22/12/28 19:19:03 INFO OracleAlgo: end recommend
22/12/28 19:19:04 INFO RecommenderJob: Evaluator info:NormalizedDCGEvaluator is 0.06135587933921069
22/12/28 19:19:04 INFO RecommenderJob: Evaluator info:PStatisticalParityEvaluator is -0.5108138079055938
