22/12/29 12:02:01 INFO TextDataConvertor: Dataset: [../../../../data/ml_sample_6000.csv]
22/12/29 12:02:01 INFO TextDataConvertor: DataSet: ../../../../data/ml_sample_6000.csv is finished
22/12/29 12:02:02 INFO TextDataConvertor: rating Scale (real): 0.5 to 5.0
22/12/29 12:02:02 INFO TextDataConvertor: user number: 6000,	 item number is: 14623
22/12/29 12:02:02 INFO TextDataModel: Transform data to Convertor successfully!
22/12/29 12:02:03 INFO TextDataModel: Split data to train Set and test Set successfully!
22/12/29 12:02:04 INFO TextDataModel: Feature appender loaded successfully!
22/12/29 12:02:04 INFO TextDataConvertor: Dataset: [../../../../data/split/cv_1/train.txt]
22/12/29 12:02:04 INFO TextDataConvertor: DataSet: .../../../../data/split/cv_1/train.txt is finished
22/12/29 12:02:04 INFO TextDataConvertor: rating Scale (real): 0.5 to 5.0
22/12/29 12:02:04 INFO TextDataConvertor: user number: 6000,	 item number is: 14623
22/12/29 12:02:04 INFO TextDataModel: Transform data to Convertor successfully!
22/12/29 12:02:04 INFO TextDataConvertor: Dataset: [../../../../data/split/cv_1/test.txt]
22/12/29 12:02:04 INFO TextDataConvertor: DataSet: ..../../../../data/split/cv_1/test.txt is finished
22/12/29 12:02:04 INFO TextDataConvertor: rating Scale (real): 0.5 to 5.0
22/12/29 12:02:04 INFO TextDataConvertor: user number: 6000,	 item number is: 14623
22/12/29 12:02:05 INFO TextDataModel: Split data to train Set and test Set successfully!
22/12/29 12:02:05 INFO TextDataModel: Data cardinality of training is 447256
22/12/29 12:02:05 INFO TextDataModel: Data cardinality of testing is 111814
22/12/29 12:02:05 INFO TextDataModel: Feature appender loaded successfully!
22/12/29 12:02:05 INFO OracleAlgo: Job Setup completed.
** Training model in OracleAlgo **
22/12/29 12:02:05 INFO TextDataConvertor: Dataset: [exp00013/result/out-1.txt]
22/12/29 12:02:05 INFO TextDataConvertor: DataSet: exp00013/result/out-1.txt is finished
22/12/29 12:02:05 INFO TextDataConvertor: user number: 6000,	 item number is: 14623
22/12/29 12:02:06 INFO OracleAlgo: Job Train completed.
22/12/29 12:02:06 INFO OracleAlgo: begin recommend
22/12/29 12:02:10 INFO OracleAlgo: end recommend
22/12/29 12:02:10 INFO RecommenderJob: Evaluator info:NormalizedDCGEvaluator is 0.060772071821311585
22/12/29 12:02:10 INFO RecommenderJob: Evaluator info:PStatisticalParityEvaluator is -0.6070702353153083
22/12/29 12:02:10 INFO TextDataConvertor: Dataset: [../../../../data/split/cv_2/train.txt]
22/12/29 12:02:11 INFO TextDataConvertor: DataSet: .../../../../data/split/cv_2/train.txt is finished
22/12/29 12:02:11 INFO TextDataConvertor: rating Scale (real): 0.5 to 5.0
22/12/29 12:02:11 INFO TextDataConvertor: user number: 6000,	 item number is: 14623
22/12/29 12:02:11 INFO TextDataModel: Transform data to Convertor successfully!
22/12/29 12:02:11 INFO TextDataConvertor: Dataset: [../../../../data/split/cv_2/test.txt]
22/12/29 12:02:11 INFO TextDataConvertor: DataSet: ..../../../../data/split/cv_2/test.txt is finished
22/12/29 12:02:11 INFO TextDataConvertor: rating Scale (real): 0.5 to 5.0
22/12/29 12:02:11 INFO TextDataConvertor: user number: 6000,	 item number is: 14623
22/12/29 12:02:12 INFO TextDataModel: Split data to train Set and test Set successfully!
22/12/29 12:02:12 INFO TextDataModel: Data cardinality of training is 447256
22/12/29 12:02:12 INFO TextDataModel: Data cardinality of testing is 111814
22/12/29 12:02:12 INFO TextDataModel: Feature appender loaded successfully!
22/12/29 12:02:12 INFO OracleAlgo: Job Setup completed.
** Training model in OracleAlgo **
22/12/29 12:02:12 INFO TextDataConvertor: Dataset: [exp00013/result/out-2.txt]
22/12/29 12:02:12 INFO TextDataConvertor: DataSet: exp00013/result/out-2.txt is finished
22/12/29 12:02:12 INFO TextDataConvertor: user number: 6000,	 item number is: 14623
22/12/29 12:02:12 INFO OracleAlgo: Job Train completed.
22/12/29 12:02:12 INFO OracleAlgo: begin recommend
22/12/29 12:02:14 INFO OracleAlgo: end recommend
22/12/29 12:02:14 INFO RecommenderJob: Evaluator info:NormalizedDCGEvaluator is 0.05954346789347263
22/12/29 12:02:14 INFO RecommenderJob: Evaluator info:PStatisticalParityEvaluator is -0.6079143621766835
22/12/29 12:02:14 INFO TextDataConvertor: Dataset: [../../../../data/split/cv_3/train.txt]
22/12/29 12:02:14 INFO TextDataConvertor: DataSet: .../../../../data/split/cv_3/train.txt is finished
22/12/29 12:02:14 INFO TextDataConvertor: rating Scale (real): 0.5 to 5.0
22/12/29 12:02:14 INFO TextDataConvertor: user number: 6000,	 item number is: 14623
22/12/29 12:02:14 INFO TextDataModel: Transform data to Convertor successfully!
22/12/29 12:02:14 INFO TextDataConvertor: Dataset: [../../../../data/split/cv_3/test.txt]
22/12/29 12:02:14 INFO TextDataConvertor: DataSet: ..../../../../data/split/cv_3/test.txt is finished
22/12/29 12:02:14 INFO TextDataConvertor: rating Scale (real): 0.5 to 5.0
22/12/29 12:02:14 INFO TextDataConvertor: user number: 6000,	 item number is: 14623
22/12/29 12:02:15 INFO TextDataModel: Split data to train Set and test Set successfully!
22/12/29 12:02:15 INFO TextDataModel: Data cardinality of training is 447256
22/12/29 12:02:15 INFO TextDataModel: Data cardinality of testing is 111814
22/12/29 12:02:15 INFO TextDataModel: Feature appender loaded successfully!
22/12/29 12:02:15 INFO OracleAlgo: Job Setup completed.
** Training model in OracleAlgo **
22/12/29 12:02:15 INFO TextDataConvertor: Dataset: [exp00013/result/out-3.txt]
22/12/29 12:02:15 INFO TextDataConvertor: DataSet: exp00013/result/out-3.txt is finished
22/12/29 12:02:15 INFO TextDataConvertor: user number: 6000,	 item number is: 14623
22/12/29 12:02:15 INFO OracleAlgo: Job Train completed.
22/12/29 12:02:15 INFO OracleAlgo: begin recommend
22/12/29 12:02:19 INFO OracleAlgo: end recommend
22/12/29 12:02:19 INFO RecommenderJob: Evaluator info:NormalizedDCGEvaluator is 0.0603129033307837
22/12/29 12:02:19 INFO RecommenderJob: Evaluator info:PStatisticalParityEvaluator is -0.6082645218946071
22/12/29 12:02:19 INFO TextDataConvertor: Dataset: [../../../../data/split/cv_4/train.txt]
22/12/29 12:02:19 INFO TextDataConvertor: DataSet: .../../../../data/split/cv_4/train.txt is finished
22/12/29 12:02:19 INFO TextDataConvertor: rating Scale (real): 0.5 to 5.0
22/12/29 12:02:19 INFO TextDataConvertor: user number: 6000,	 item number is: 14623
22/12/29 12:02:19 INFO TextDataModel: Transform data to Convertor successfully!
22/12/29 12:02:19 INFO TextDataConvertor: Dataset: [../../../../data/split/cv_4/test.txt]
22/12/29 12:02:20 INFO TextDataConvertor: DataSet: ..../../../../data/split/cv_4/test.txt is finished
22/12/29 12:02:20 INFO TextDataConvertor: rating Scale (real): 0.5 to 5.0
22/12/29 12:02:20 INFO TextDataConvertor: user number: 6000,	 item number is: 14623
22/12/29 12:02:20 INFO TextDataModel: Split data to train Set and test Set successfully!
22/12/29 12:02:20 INFO TextDataModel: Data cardinality of training is 447256
22/12/29 12:02:20 INFO TextDataModel: Data cardinality of testing is 111814
22/12/29 12:02:21 INFO TextDataModel: Feature appender loaded successfully!
22/12/29 12:02:21 INFO OracleAlgo: Job Setup completed.
** Training model in OracleAlgo **
22/12/29 12:02:21 INFO TextDataConvertor: Dataset: [exp00013/result/out-4.txt]
22/12/29 12:02:21 INFO TextDataConvertor: DataSet: exp00013/result/out-4.txt is finished
22/12/29 12:02:21 INFO TextDataConvertor: user number: 6000,	 item number is: 14623
22/12/29 12:02:21 INFO OracleAlgo: Job Train completed.
22/12/29 12:02:21 INFO OracleAlgo: begin recommend
22/12/29 12:02:24 INFO OracleAlgo: end recommend
22/12/29 12:02:24 INFO RecommenderJob: Evaluator info:NormalizedDCGEvaluator is 0.05868707678631812
22/12/29 12:02:24 INFO RecommenderJob: Evaluator info:PStatisticalParityEvaluator is -0.6083345297918725
22/12/29 12:02:24 INFO TextDataConvertor: Dataset: [../../../../data/split/cv_5/train.txt]
22/12/29 12:02:24 INFO TextDataConvertor: DataSet: .../../../../data/split/cv_5/train.txt is finished
22/12/29 12:02:24 INFO TextDataConvertor: rating Scale (real): 0.5 to 5.0
22/12/29 12:02:24 INFO TextDataConvertor: user number: 6000,	 item number is: 14623
22/12/29 12:02:24 INFO TextDataModel: Transform data to Convertor successfully!
22/12/29 12:02:24 INFO TextDataConvertor: Dataset: [../../../../data/split/cv_5/test.txt]
22/12/29 12:02:24 INFO TextDataConvertor: DataSet: ..../../../../data/split/cv_5/test.txt is finished
22/12/29 12:02:24 INFO TextDataConvertor: rating Scale (real): 0.5 to 5.0
22/12/29 12:02:24 INFO TextDataConvertor: user number: 6000,	 item number is: 14623
22/12/29 12:02:25 INFO TextDataModel: Split data to train Set and test Set successfully!
22/12/29 12:02:25 INFO TextDataModel: Data cardinality of training is 447256
22/12/29 12:02:25 INFO TextDataModel: Data cardinality of testing is 111814
22/12/29 12:02:25 INFO TextDataModel: Feature appender loaded successfully!
22/12/29 12:02:25 INFO OracleAlgo: Job Setup completed.
** Training model in OracleAlgo **
22/12/29 12:02:25 INFO TextDataConvertor: Dataset: [exp00013/result/out-5.txt]
22/12/29 12:02:25 INFO TextDataConvertor: DataSet: exp00013/result/out-5.txt is finished
22/12/29 12:02:25 INFO TextDataConvertor: user number: 6000,	 item number is: 14623
22/12/29 12:02:25 INFO OracleAlgo: Job Train completed.
22/12/29 12:02:25 INFO OracleAlgo: begin recommend
22/12/29 12:02:26 INFO OracleAlgo: end recommend
22/12/29 12:02:26 INFO RecommenderJob: Evaluator info:NormalizedDCGEvaluator is 0.06010305543196208
22/12/29 12:02:26 INFO RecommenderJob: Evaluator info:PStatisticalParityEvaluator is -0.6067680200322503
