22/12/28 20:12:07 INFO TextDataConvertor: Dataset: [../../../../data/ml_sample_6000.csv]
22/12/28 20:12:08 INFO TextDataConvertor: DataSet: ../../../../data/ml_sample_6000.csv is finished
22/12/28 20:12:08 INFO TextDataConvertor: rating Scale (real): 0.5 to 5.0
22/12/28 20:12:08 INFO TextDataConvertor: user number: 6000,	 item number is: 14623
22/12/28 20:12:08 INFO TextDataModel: Transform data to Convertor successfully!
22/12/28 20:12:10 INFO TextDataModel: Split data to train Set and test Set successfully!
22/12/28 20:12:10 INFO TextDataModel: Feature appender loaded successfully!
22/12/28 20:12:10 INFO TextDataConvertor: Dataset: [../../../../data/split/cv_1/train.txt]
22/12/28 20:12:10 INFO TextDataConvertor: DataSet: .../../../../data/split/cv_1/train.txt is finished
22/12/28 20:12:10 INFO TextDataConvertor: rating Scale (real): 0.5 to 5.0
22/12/28 20:12:10 INFO TextDataConvertor: user number: 6000,	 item number is: 14623
22/12/28 20:12:10 INFO TextDataModel: Transform data to Convertor successfully!
22/12/28 20:12:10 INFO TextDataConvertor: Dataset: [../../../../data/split/cv_1/test.txt]
22/12/28 20:12:11 INFO TextDataConvertor: DataSet: ..../../../../data/split/cv_1/test.txt is finished
22/12/28 20:12:11 INFO TextDataConvertor: rating Scale (real): 0.5 to 5.0
22/12/28 20:12:11 INFO TextDataConvertor: user number: 6000,	 item number is: 14623
22/12/28 20:12:11 INFO TextDataModel: Split data to train Set and test Set successfully!
22/12/28 20:12:11 INFO TextDataModel: Data cardinality of training is 447256
22/12/28 20:12:11 INFO TextDataModel: Data cardinality of testing is 111814
22/12/28 20:12:11 INFO TextDataModel: Feature appender loaded successfully!
22/12/28 20:12:11 INFO RecommenderJob: ExpCMD: START - Executing recommender job on 1.
22/12/28 20:12:11 INFO BPRRecommender: Job Setup completed.
22/12/28 20:12:12 INFO BPRRecommender: BPRRecommender iter 1: loss = 310054.7205360821, delta_loss = -310054.72
22/12/28 20:12:13 INFO BPRRecommender: BPRRecommender iter 2: loss = 310037.43629628135, delta_loss = 17.28424
22/12/28 20:12:13 INFO BPRRecommender: BPRRecommender iter 3: loss = 310029.20051037613, delta_loss = 8.2357855
22/12/28 20:12:14 INFO BPRRecommender: BPRRecommender iter 4: loss = 310024.20803279267, delta_loss = 4.9924774
22/12/28 20:12:14 INFO BPRRecommender: BPRRecommender iter 5: loss = 310021.02133943, delta_loss = 3.1866934
22/12/28 20:12:15 INFO BPRRecommender: BPRRecommender iter 6: loss = 310018.91601349134, delta_loss = 2.105326
22/12/28 20:12:16 INFO BPRRecommender: BPRRecommender iter 7: loss = 310017.48700170254, delta_loss = 1.4290118
22/12/28 20:12:16 INFO BPRRecommender: BPRRecommender iter 8: loss = 310016.5002888685, delta_loss = 0.9867128
22/12/28 20:12:17 INFO BPRRecommender: BPRRecommender iter 9: loss = 310015.8162170318, delta_loss = 0.68407184
22/12/28 20:12:17 INFO BPRRecommender: BPRRecommender iter 10: loss = 310015.3381387781, delta_loss = 0.47807825
22/12/28 20:12:18 INFO BPRRecommender: BPRRecommender iter 11: loss = 310015.01125156647, delta_loss = 0.32688722
22/12/28 20:12:18 INFO BPRRecommender: BPRRecommender iter 12: loss = 310014.7970485927, delta_loss = 0.21420297
22/12/28 20:12:19 INFO BPRRecommender: BPRRecommender iter 13: loss = 310014.66912841477, delta_loss = 0.12792018
22/12/28 20:12:19 INFO BPRRecommender: BPRRecommender iter 14: loss = 310014.61849679216, delta_loss = 0.050631624
22/12/28 20:12:20 INFO BPRRecommender: BPRRecommender iter 15: loss = 310014.64376428304, delta_loss = -0.025267491
22/12/28 20:12:21 INFO BPRRecommender: BPRRecommender iter 16: loss = 310014.7189858833, delta_loss = -0.0752216
22/12/28 20:12:21 INFO BPRRecommender: BPRRecommender iter 17: loss = 310014.7761172759, delta_loss = -0.05713139
22/12/28 20:12:22 INFO BPRRecommender: BPRRecommender iter 18: loss = 310014.81325330504, delta_loss = -0.03713603
22/12/28 20:12:22 INFO BPRRecommender: BPRRecommender iter 19: loss = 310014.83322636, delta_loss = -0.019973055
22/12/28 20:12:23 INFO BPRRecommender: BPRRecommender iter 20: loss = 310014.843021369, delta_loss = -0.009795009
22/12/28 20:12:24 INFO BPRRecommender: BPRRecommender iter 21: loss = 310014.85050702386, delta_loss = -0.0074856547
22/12/28 20:12:24 INFO BPRRecommender: BPRRecommender iter 22: loss = 310014.85139957455, delta_loss = -8.925507E-4
22/12/28 20:12:25 INFO BPRRecommender: BPRRecommender iter 23: loss = 310014.8527450936, delta_loss = -0.001345519
22/12/28 20:12:25 INFO BPRRecommender: BPRRecommender iter 24: loss = 310014.8542325545, delta_loss = -0.0014874609
22/12/28 20:12:26 INFO BPRRecommender: BPRRecommender iter 25: loss = 310014.8543123672, delta_loss = -7.9812715E-5
22/12/28 20:12:26 INFO BPRRecommender: BPRRecommender iter 26: loss = 310014.8547325634, delta_loss = -4.2019621E-4
22/12/28 20:12:27 INFO BPRRecommender: BPRRecommender iter 27: loss = 310014.8539981241, delta_loss = 7.3443935E-4
22/12/28 20:12:27 INFO BPRRecommender: BPRRecommender iter 28: loss = 310014.8539912534, delta_loss = 6.8706577E-6
22/12/28 20:12:27 INFO BPRRecommender: Job Train completed.
22/12/28 20:12:27 INFO RecommenderJob: ExpCMD: COMPLETE
22/12/28 20:12:27 INFO RecommenderJob: EvalCMD: START
22/12/28 20:12:27 INFO BPRRecommender: begin recommend
22/12/28 20:12:31 INFO BPRRecommender: end recommend
22/12/28 20:12:31 INFO RecommenderJob: Evaluator info:NormalizedDCGEvaluator is 0.10182184744783934
22/12/28 20:12:31 INFO RecommenderJob: Evaluator info:PStatisticalParityEvaluator is -0.6464091970541253
22/12/28 20:12:31 INFO BPRRecommender: begin recommend
22/12/28 20:12:34 INFO BPRRecommender: end recommend
22/12/28 20:12:34 INFO RecommenderJob: Result path is exp00012/result/out-1.txt
22/12/28 20:12:35 INFO RecommenderJob: EvalCMD: COMPLETE.
22/12/28 20:12:35 INFO TextDataConvertor: Dataset: [../../../../data/split/cv_2/train.txt]
22/12/28 20:12:35 INFO TextDataConvertor: DataSet: .../../../../data/split/cv_2/train.txt is finished
22/12/28 20:12:35 INFO TextDataConvertor: rating Scale (real): 0.5 to 5.0
22/12/28 20:12:35 INFO TextDataConvertor: user number: 6000,	 item number is: 14623
22/12/28 20:12:35 INFO TextDataModel: Transform data to Convertor successfully!
22/12/28 20:12:35 INFO TextDataConvertor: Dataset: [../../../../data/split/cv_2/test.txt]
22/12/28 20:12:35 INFO TextDataConvertor: DataSet: ..../../../../data/split/cv_2/test.txt is finished
22/12/28 20:12:35 INFO TextDataConvertor: rating Scale (real): 0.5 to 5.0
22/12/28 20:12:35 INFO TextDataConvertor: user number: 6000,	 item number is: 14623
22/12/28 20:12:35 INFO TextDataModel: Split data to train Set and test Set successfully!
22/12/28 20:12:35 INFO TextDataModel: Data cardinality of training is 447256
22/12/28 20:12:35 INFO TextDataModel: Data cardinality of testing is 111814
22/12/28 20:12:35 INFO TextDataModel: Feature appender loaded successfully!
22/12/28 20:12:35 INFO RecommenderJob: ExpCMD: START - Executing recommender job on 2.
22/12/28 20:12:36 INFO BPRRecommender: Job Setup completed.
22/12/28 20:12:37 INFO BPRRecommender: BPRRecommender iter 1: loss = 310054.7584616201, delta_loss = -310054.75
22/12/28 20:12:37 INFO BPRRecommender: BPRRecommender iter 2: loss = 310037.4588880037, delta_loss = 17.299574
22/12/28 20:12:38 INFO BPRRecommender: BPRRecommender iter 3: loss = 310029.2089529261, delta_loss = 8.249935
22/12/28 20:12:38 INFO BPRRecommender: BPRRecommender iter 4: loss = 310024.2016491316, delta_loss = 5.0073037
22/12/28 20:12:39 INFO BPRRecommender: BPRRecommender iter 5: loss = 310021.01787346817, delta_loss = 3.1837757
22/12/28 20:12:39 INFO BPRRecommender: BPRRecommender iter 6: loss = 310018.9131086888, delta_loss = 2.1047647
22/12/28 20:12:40 INFO BPRRecommender: BPRRecommender iter 7: loss = 310017.4879706422, delta_loss = 1.425138
22/12/28 20:12:41 INFO BPRRecommender: BPRRecommender iter 8: loss = 310016.4992437301, delta_loss = 0.9887269
22/12/28 20:12:41 INFO BPRRecommender: BPRRecommender iter 9: loss = 310015.8150572775, delta_loss = 0.68418646
22/12/28 20:12:42 INFO BPRRecommender: BPRRecommender iter 10: loss = 310015.33834364626, delta_loss = 0.47671363
22/12/28 20:12:42 INFO BPRRecommender: BPRRecommender iter 11: loss = 310015.00895679643, delta_loss = 0.32938686
22/12/28 20:12:43 INFO BPRRecommender: BPRRecommender iter 12: loss = 310014.7942655288, delta_loss = 0.21469127
22/12/28 20:12:43 INFO BPRRecommender: BPRRecommender iter 13: loss = 310014.66604924714, delta_loss = 0.12821628
22/12/28 20:12:44 INFO BPRRecommender: BPRRecommender iter 14: loss = 310014.6131301774, delta_loss = 0.05291907
22/12/28 20:12:44 INFO BPRRecommender: BPRRecommender iter 15: loss = 310014.63186343544, delta_loss = -0.018733257
22/12/28 20:12:45 INFO BPRRecommender: BPRRecommender iter 16: loss = 310014.70065254706, delta_loss = -0.06878911
22/12/28 20:12:45 INFO BPRRecommender: BPRRecommender iter 17: loss = 310014.7541820224, delta_loss = -0.053529475
22/12/28 20:12:46 INFO BPRRecommender: BPRRecommender iter 18: loss = 310014.7861671369, delta_loss = -0.031985115
22/12/28 20:12:46 INFO BPRRecommender: BPRRecommender iter 19: loss = 310014.80750768597, delta_loss = -0.021340549
22/12/28 20:12:47 INFO BPRRecommender: BPRRecommender iter 20: loss = 310014.8140365793, delta_loss = -0.0065288935
22/12/28 20:12:47 INFO BPRRecommender: BPRRecommender iter 21: loss = 310014.8214587077, delta_loss = -0.007422128
22/12/28 20:12:48 INFO BPRRecommender: BPRRecommender iter 22: loss = 310014.8241409321, delta_loss = -0.0026822244
22/12/28 20:12:48 INFO BPRRecommender: BPRRecommender iter 23: loss = 310014.8248244853, delta_loss = -6.8355317E-4
22/12/28 20:12:49 INFO BPRRecommender: BPRRecommender iter 24: loss = 310014.8243509372, delta_loss = 4.7354808E-4
22/12/28 20:12:49 INFO BPRRecommender: BPRRecommender iter 25: loss = 310014.8255313097, delta_loss = -0.0011803724
22/12/28 20:12:50 INFO BPRRecommender: BPRRecommender iter 26: loss = 310014.8264364, delta_loss = -9.050903E-4
22/12/28 20:12:50 INFO BPRRecommender: BPRRecommender iter 27: loss = 310014.82541135774, delta_loss = 0.0010250423
22/12/28 20:12:51 INFO BPRRecommender: BPRRecommender iter 28: loss = 310014.8248669541, delta_loss = 5.444036E-4
22/12/28 20:12:51 INFO BPRRecommender: BPRRecommender iter 29: loss = 310014.827021017, delta_loss = -0.002154063
22/12/28 20:12:52 INFO BPRRecommender: BPRRecommender iter 30: loss = 310014.82598405395, delta_loss = 0.001036963
22/12/28 20:12:52 INFO BPRRecommender: BPRRecommender iter 31: loss = 310014.8261665924, delta_loss = -1.8253847E-4
22/12/28 20:12:53 INFO BPRRecommender: BPRRecommender iter 32: loss = 310014.82579015434, delta_loss = 3.7643808E-4
22/12/28 20:12:53 INFO BPRRecommender: BPRRecommender iter 33: loss = 310014.82681177533, delta_loss = -0.001021621
22/12/28 20:12:54 INFO BPRRecommender: BPRRecommender iter 34: loss = 310014.8268011668, delta_loss = 1.0608521E-5
22/12/28 20:12:54 INFO BPRRecommender: BPRRecommender iter 35: loss = 310014.8268482415, delta_loss = -4.707469E-5
22/12/28 20:12:55 INFO BPRRecommender: BPRRecommender iter 36: loss = 310014.8258983721, delta_loss = 9.498694E-4
22/12/28 20:12:55 INFO BPRRecommender: BPRRecommender iter 37: loss = 310014.8266015605, delta_loss = -7.031884E-4
22/12/28 20:12:56 INFO BPRRecommender: BPRRecommender iter 38: loss = 310014.82577872294, delta_loss = 8.228376E-4
22/12/28 20:12:56 INFO BPRRecommender: BPRRecommender iter 39: loss = 310014.82454009424, delta_loss = 0.0012386288
22/12/28 20:12:57 INFO BPRRecommender: BPRRecommender iter 40: loss = 310014.82606724295, delta_loss = -0.0015271488
22/12/28 20:12:57 INFO BPRRecommender: BPRRecommender iter 41: loss = 310014.8248572267, delta_loss = 0.0012100162
22/12/28 20:12:58 INFO BPRRecommender: BPRRecommender iter 42: loss = 310014.8258773995, delta_loss = -0.0010201728
22/12/28 20:12:59 INFO BPRRecommender: BPRRecommender iter 43: loss = 310014.82628202665, delta_loss = -4.0462718E-4
22/12/28 20:12:59 INFO BPRRecommender: BPRRecommender iter 44: loss = 310014.8261701551, delta_loss = 1.1187157E-4
22/12/28 20:13:00 INFO BPRRecommender: BPRRecommender iter 45: loss = 310014.8259484648, delta_loss = 2.2169028E-4
22/12/28 20:13:00 INFO BPRRecommender: BPRRecommender iter 46: loss = 310014.8256106365, delta_loss = 3.378283E-4
22/12/28 20:13:01 INFO BPRRecommender: BPRRecommender iter 47: loss = 310014.82605258067, delta_loss = -4.4194417E-4
22/12/28 20:13:01 INFO BPRRecommender: BPRRecommender iter 48: loss = 310014.8269844047, delta_loss = -9.3182403E-4
22/12/28 20:13:02 INFO BPRRecommender: BPRRecommender iter 49: loss = 310014.8262631151, delta_loss = 7.212896E-4
22/12/28 20:13:02 INFO BPRRecommender: BPRRecommender iter 50: loss = 310014.8265787012, delta_loss = -3.155861E-4
22/12/28 20:13:02 INFO BPRRecommender: Job Train completed.
22/12/28 20:13:02 INFO RecommenderJob: ExpCMD: COMPLETE
22/12/28 20:13:02 INFO RecommenderJob: EvalCMD: START
22/12/28 20:13:02 INFO BPRRecommender: begin recommend
22/12/28 20:13:06 INFO BPRRecommender: end recommend
22/12/28 20:13:06 INFO RecommenderJob: Evaluator info:NormalizedDCGEvaluator is 0.10047798987902995
22/12/28 20:13:06 INFO RecommenderJob: Evaluator info:PStatisticalParityEvaluator is -0.6459589652096911
22/12/28 20:13:06 INFO BPRRecommender: begin recommend
22/12/28 20:13:09 INFO BPRRecommender: end recommend
22/12/28 20:13:09 INFO RecommenderJob: Result path is exp00012/result/out-2.txt
22/12/28 20:13:09 INFO RecommenderJob: EvalCMD: COMPLETE.
22/12/28 20:13:09 INFO TextDataConvertor: Dataset: [../../../../data/split/cv_3/train.txt]
22/12/28 20:13:10 INFO TextDataConvertor: DataSet: .../../../../data/split/cv_3/train.txt is finished
22/12/28 20:13:10 INFO TextDataConvertor: rating Scale (real): 0.5 to 5.0
22/12/28 20:13:10 INFO TextDataConvertor: user number: 6000,	 item number is: 14623
22/12/28 20:13:10 INFO TextDataModel: Transform data to Convertor successfully!
22/12/28 20:13:10 INFO TextDataConvertor: Dataset: [../../../../data/split/cv_3/test.txt]
22/12/28 20:13:10 INFO TextDataConvertor: DataSet: ..../../../../data/split/cv_3/test.txt is finished
22/12/28 20:13:10 INFO TextDataConvertor: rating Scale (real): 0.5 to 5.0
22/12/28 20:13:10 INFO TextDataConvertor: user number: 6000,	 item number is: 14623
22/12/28 20:13:10 INFO TextDataModel: Split data to train Set and test Set successfully!
22/12/28 20:13:10 INFO TextDataModel: Data cardinality of training is 447256
22/12/28 20:13:10 INFO TextDataModel: Data cardinality of testing is 111814
22/12/28 20:13:10 INFO TextDataModel: Feature appender loaded successfully!
22/12/28 20:13:10 INFO RecommenderJob: ExpCMD: START - Executing recommender job on 3.
22/12/28 20:13:10 INFO BPRRecommender: Job Setup completed.
22/12/28 20:13:11 INFO BPRRecommender: BPRRecommender iter 1: loss = 310054.79074445844, delta_loss = -310054.78
22/12/28 20:13:12 INFO BPRRecommender: BPRRecommender iter 2: loss = 310037.43871065724, delta_loss = 17.352034
22/12/28 20:13:12 INFO BPRRecommender: BPRRecommender iter 3: loss = 310029.1824509709, delta_loss = 8.25626
22/12/28 20:13:13 INFO BPRRecommender: BPRRecommender iter 4: loss = 310024.2066405603, delta_loss = 4.9758105
22/12/28 20:13:14 INFO BPRRecommender: BPRRecommender iter 5: loss = 310021.01652237144, delta_loss = 3.190118
22/12/28 20:13:14 INFO BPRRecommender: BPRRecommender iter 6: loss = 310018.9134274298, delta_loss = 2.103095
22/12/28 20:13:15 INFO BPRRecommender: BPRRecommender iter 7: loss = 310017.4877507918, delta_loss = 1.4256766
22/12/28 20:13:15 INFO BPRRecommender: BPRRecommender iter 8: loss = 310016.50569445966, delta_loss = 0.9820563
22/12/28 20:13:16 INFO BPRRecommender: BPRRecommender iter 9: loss = 310015.81867915165, delta_loss = 0.6870153
22/12/28 20:13:17 INFO BPRRecommender: BPRRecommender iter 10: loss = 310015.3409975779, delta_loss = 0.47768158
22/12/28 20:13:17 INFO BPRRecommender: BPRRecommender iter 11: loss = 310015.01464889135, delta_loss = 0.3263487
22/12/28 20:13:18 INFO BPRRecommender: BPRRecommender iter 12: loss = 310014.7994728202, delta_loss = 0.21517608
22/12/28 20:13:19 INFO BPRRecommender: BPRRecommender iter 13: loss = 310014.6689058074, delta_loss = 0.13056701
22/12/28 20:13:19 INFO BPRRecommender: BPRRecommender iter 14: loss = 310014.6137019932, delta_loss = 0.055203814
22/12/28 20:13:20 INFO BPRRecommender: BPRRecommender iter 15: loss = 310014.6315041251, delta_loss = -0.017802132
22/12/28 20:13:21 INFO BPRRecommender: BPRRecommender iter 16: loss = 310014.69605998974, delta_loss = -0.06455586
22/12/28 20:13:21 INFO BPRRecommender: BPRRecommender iter 17: loss = 310014.75200056005, delta_loss = -0.05594057
22/12/28 20:13:22 INFO BPRRecommender: BPRRecommender iter 18: loss = 310014.78397360566, delta_loss = -0.031973045
22/12/28 20:13:23 INFO BPRRecommender: BPRRecommender iter 19: loss = 310014.801090323, delta_loss = -0.017116718
22/12/28 20:13:23 INFO BPRRecommender: BPRRecommender iter 20: loss = 310014.81115994655, delta_loss = -0.010069624
22/12/28 20:13:24 INFO BPRRecommender: BPRRecommender iter 21: loss = 310014.81654243043, delta_loss = -0.005382484
22/12/28 20:13:25 INFO BPRRecommender: BPRRecommender iter 22: loss = 310014.81865808973, delta_loss = -0.0021156594
22/12/28 20:13:25 INFO BPRRecommender: BPRRecommender iter 23: loss = 310014.81945357076, delta_loss = -7.95481E-4
22/12/28 20:13:26 INFO BPRRecommender: BPRRecommender iter 24: loss = 310014.8200527416, delta_loss = -5.9917086E-4
22/12/28 20:13:26 INFO BPRRecommender: BPRRecommender iter 25: loss = 310014.82011341484, delta_loss = -6.067322E-5
22/12/28 20:13:27 INFO BPRRecommender: BPRRecommender iter 26: loss = 310014.8216413515, delta_loss = -0.0015279367
22/12/28 20:13:28 INFO BPRRecommender: BPRRecommender iter 27: loss = 310014.82250781794, delta_loss = -8.6646643E-4
22/12/28 20:13:28 INFO BPRRecommender: BPRRecommender iter 28: loss = 310014.82074008696, delta_loss = 0.001767731
22/12/28 20:13:29 INFO BPRRecommender: BPRRecommender iter 29: loss = 310014.8198254337, delta_loss = 9.1465324E-4
22/12/28 20:13:29 INFO BPRRecommender: BPRRecommender iter 30: loss = 310014.82158077275, delta_loss = -0.0017553391
22/12/28 20:13:30 INFO BPRRecommender: BPRRecommender iter 31: loss = 310014.8208205809, delta_loss = 7.601919E-4
22/12/28 20:13:31 INFO BPRRecommender: BPRRecommender iter 32: loss = 310014.8199337263, delta_loss = 8.868546E-4
22/12/28 20:13:31 INFO BPRRecommender: BPRRecommender iter 33: loss = 310014.8205604906, delta_loss = -6.267643E-4
22/12/28 20:13:32 INFO BPRRecommender: BPRRecommender iter 34: loss = 310014.82133102854, delta_loss = -7.7053794E-4
22/12/28 20:13:32 INFO BPRRecommender: BPRRecommender iter 35: loss = 310014.8207320638, delta_loss = 5.9896475E-4
22/12/28 20:13:33 INFO BPRRecommender: BPRRecommender iter 36: loss = 310014.82150325057, delta_loss = -7.711868E-4
22/12/28 20:13:34 INFO BPRRecommender: BPRRecommender iter 37: loss = 310014.8222319816, delta_loss = -7.2873104E-4
22/12/28 20:13:34 INFO BPRRecommender: BPRRecommender iter 38: loss = 310014.8210866114, delta_loss = 0.0011453702
22/12/28 20:13:35 INFO BPRRecommender: BPRRecommender iter 39: loss = 310014.8210525934, delta_loss = 3.4018012E-5
22/12/28 20:13:35 INFO BPRRecommender: BPRRecommender iter 40: loss = 310014.8209050297, delta_loss = 1.475637E-4
22/12/28 20:13:36 INFO BPRRecommender: BPRRecommender iter 41: loss = 310014.8208585097, delta_loss = 4.652003E-5
22/12/28 20:13:37 INFO BPRRecommender: BPRRecommender iter 42: loss = 310014.81980839936, delta_loss = 0.0010501103
22/12/28 20:13:37 INFO BPRRecommender: BPRRecommender iter 43: loss = 310014.8193540094, delta_loss = 4.5438996E-4
22/12/28 20:13:38 INFO BPRRecommender: BPRRecommender iter 44: loss = 310014.8213827287, delta_loss = -0.0020287193
22/12/28 20:13:38 INFO BPRRecommender: BPRRecommender iter 45: loss = 310014.82125088095, delta_loss = 1.3184774E-4
22/12/28 20:13:39 INFO BPRRecommender: BPRRecommender iter 46: loss = 310014.8218053333, delta_loss = -5.5445236E-4
22/12/28 20:13:40 INFO BPRRecommender: BPRRecommender iter 47: loss = 310014.8208806973, delta_loss = 9.24636E-4
22/12/28 20:13:41 INFO BPRRecommender: BPRRecommender iter 48: loss = 310014.8211742733, delta_loss = -2.9357604E-4
22/12/28 20:13:41 INFO BPRRecommender: BPRRecommender iter 49: loss = 310014.82160836447, delta_loss = -4.3409114E-4
22/12/28 20:13:42 INFO BPRRecommender: BPRRecommender iter 50: loss = 310014.81992950564, delta_loss = 0.0016788589
22/12/28 20:13:42 INFO BPRRecommender: Job Train completed.
22/12/28 20:13:42 INFO RecommenderJob: ExpCMD: COMPLETE
22/12/28 20:13:42 INFO RecommenderJob: EvalCMD: START
22/12/28 20:13:42 INFO BPRRecommender: begin recommend
22/12/28 20:13:45 INFO BPRRecommender: end recommend
22/12/28 20:13:45 INFO RecommenderJob: Evaluator info:NormalizedDCGEvaluator is 0.1006603756590101
22/12/28 20:13:45 INFO RecommenderJob: Evaluator info:PStatisticalParityEvaluator is -0.650688114387903
22/12/28 20:13:45 INFO BPRRecommender: begin recommend
22/12/28 20:13:48 INFO BPRRecommender: end recommend
22/12/28 20:13:48 INFO RecommenderJob: Result path is exp00012/result/out-3.txt
22/12/28 20:13:49 INFO RecommenderJob: EvalCMD: COMPLETE.
22/12/28 20:13:49 INFO TextDataConvertor: Dataset: [../../../../data/split/cv_4/train.txt]
22/12/28 20:13:49 INFO TextDataConvertor: DataSet: .../../../../data/split/cv_4/train.txt is finished
22/12/28 20:13:49 INFO TextDataConvertor: rating Scale (real): 0.5 to 5.0
22/12/28 20:13:49 INFO TextDataConvertor: user number: 6000,	 item number is: 14623
22/12/28 20:13:49 INFO TextDataModel: Transform data to Convertor successfully!
22/12/28 20:13:49 INFO TextDataConvertor: Dataset: [../../../../data/split/cv_4/test.txt]
22/12/28 20:13:49 INFO TextDataConvertor: DataSet: ..../../../../data/split/cv_4/test.txt is finished
22/12/28 20:13:49 INFO TextDataConvertor: rating Scale (real): 0.5 to 5.0
22/12/28 20:13:49 INFO TextDataConvertor: user number: 6000,	 item number is: 14623
22/12/28 20:13:50 INFO TextDataModel: Split data to train Set and test Set successfully!
22/12/28 20:13:50 INFO TextDataModel: Data cardinality of training is 447256
22/12/28 20:13:50 INFO TextDataModel: Data cardinality of testing is 111814
22/12/28 20:13:50 INFO TextDataModel: Feature appender loaded successfully!
22/12/28 20:13:50 INFO RecommenderJob: ExpCMD: START - Executing recommender job on 4.
22/12/28 20:13:50 INFO BPRRecommender: Job Setup completed.
22/12/28 20:13:50 INFO BPRRecommender: BPRRecommender iter 1: loss = 310054.7067401457, delta_loss = -310054.72
22/12/28 20:13:51 INFO BPRRecommender: BPRRecommender iter 2: loss = 310037.40778275597, delta_loss = 17.298958
22/12/28 20:13:52 INFO BPRRecommender: BPRRecommender iter 3: loss = 310029.144888549, delta_loss = 8.262895
22/12/28 20:13:52 INFO BPRRecommender: BPRRecommender iter 4: loss = 310024.1714417473, delta_loss = 4.973447
22/12/28 20:13:53 INFO BPRRecommender: BPRRecommender iter 5: loss = 310021.0011553822, delta_loss = 3.1702864
22/12/28 20:13:54 INFO BPRRecommender: BPRRecommender iter 6: loss = 310018.9000824922, delta_loss = 2.1010728
22/12/28 20:13:54 INFO BPRRecommender: BPRRecommender iter 7: loss = 310017.4776881542, delta_loss = 1.4223944
22/12/28 20:13:55 INFO BPRRecommender: BPRRecommender iter 8: loss = 310016.4915977181, delta_loss = 0.9860904
22/12/28 20:13:55 INFO BPRRecommender: BPRRecommender iter 9: loss = 310015.8066958946, delta_loss = 0.68490183
22/12/28 20:13:56 INFO BPRRecommender: BPRRecommender iter 10: loss = 310015.3333767647, delta_loss = 0.47331914
22/12/28 20:13:57 INFO BPRRecommender: BPRRecommender iter 11: loss = 310015.00769105536, delta_loss = 0.3256857
22/12/28 20:13:57 INFO BPRRecommender: BPRRecommender iter 12: loss = 310014.79321669444, delta_loss = 0.21447437
22/12/28 20:13:58 INFO BPRRecommender: BPRRecommender iter 13: loss = 310014.668259044, delta_loss = 0.12495765
22/12/28 20:13:58 INFO BPRRecommender: BPRRecommender iter 14: loss = 310014.61894534295, delta_loss = 0.0493137
22/12/28 20:13:59 INFO BPRRecommender: BPRRecommender iter 15: loss = 310014.64688753616, delta_loss = -0.027942194
22/12/28 20:14:00 INFO BPRRecommender: BPRRecommender iter 16: loss = 310014.72467130225, delta_loss = -0.07778376
22/12/28 20:14:00 INFO BPRRecommender: BPRRecommender iter 17: loss = 310014.78665221296, delta_loss = -0.06198091
22/12/28 20:14:01 INFO BPRRecommender: BPRRecommender iter 18: loss = 310014.82354434894, delta_loss = -0.036892135
