22/12/29 11:37:39 INFO TextDataConvertor: Dataset: [../../../../data/ml_sample_6000.csv]
22/12/29 11:37:40 INFO TextDataConvertor: DataSet: ../../../../data/ml_sample_6000.csv is finished
22/12/29 11:37:40 INFO TextDataConvertor: rating Scale (real): 0.5 to 5.0
22/12/29 11:37:40 INFO TextDataConvertor: user number: 6000,	 item number is: 14623
22/12/29 11:37:40 INFO TextDataModel: Transform data to Convertor successfully!
22/12/29 11:37:41 INFO TextDataModel: Split data to train Set and test Set successfully!
22/12/29 11:37:41 INFO TextDataModel: Feature appender loaded successfully!
22/12/29 11:37:41 INFO TextDataConvertor: Dataset: [../../../../data/split/cv_1/train.txt]
22/12/29 11:37:42 INFO TextDataConvertor: DataSet: .../../../../data/split/cv_1/train.txt is finished
22/12/29 11:37:42 INFO TextDataConvertor: rating Scale (real): 0.5 to 5.0
22/12/29 11:37:42 INFO TextDataConvertor: user number: 6000,	 item number is: 14623
22/12/29 11:37:42 INFO TextDataModel: Transform data to Convertor successfully!
22/12/29 11:37:42 INFO TextDataConvertor: Dataset: [../../../../data/split/cv_1/test.txt]
22/12/29 11:37:42 INFO TextDataConvertor: DataSet: ..../../../../data/split/cv_1/test.txt is finished
22/12/29 11:37:42 INFO TextDataConvertor: rating Scale (real): 0.5 to 5.0
22/12/29 11:37:42 INFO TextDataConvertor: user number: 6000,	 item number is: 14623
22/12/29 11:37:42 INFO TextDataModel: Split data to train Set and test Set successfully!
22/12/29 11:37:42 INFO TextDataModel: Data cardinality of training is 447256
22/12/29 11:37:42 INFO TextDataModel: Data cardinality of testing is 111814
22/12/29 11:37:42 INFO TextDataModel: Feature appender loaded successfully!
22/12/29 11:37:42 INFO OracleAlgo: Job Setup completed.
** Training model in OracleAlgo **
22/12/29 11:37:42 INFO TextDataConvertor: Dataset: [exp00012/result/out-1.txt]
22/12/29 11:37:43 INFO TextDataConvertor: DataSet: exp00012/result/out-1.txt is finished
22/12/29 11:37:43 INFO TextDataConvertor: user number: 6000,	 item number is: 14623
22/12/29 11:37:43 INFO OracleAlgo: Job Train completed.
22/12/29 11:37:43 INFO OracleAlgo: begin recommend
22/12/29 11:37:45 INFO OracleAlgo: end recommend
22/12/29 11:37:45 INFO RecommenderJob: Evaluator info:NormalizedDCGEvaluator is 0.060936874651301806
22/12/29 11:37:45 INFO RecommenderJob: Evaluator info:PStatisticalParityEvaluator is -0.6123585414047642
22/12/29 11:37:45 INFO TextDataConvertor: Dataset: [../../../../data/split/cv_2/train.txt]
22/12/29 11:37:45 INFO TextDataConvertor: DataSet: .../../../../data/split/cv_2/train.txt is finished
22/12/29 11:37:45 INFO TextDataConvertor: rating Scale (real): 0.5 to 5.0
22/12/29 11:37:45 INFO TextDataConvertor: user number: 6000,	 item number is: 14623
22/12/29 11:37:45 INFO TextDataModel: Transform data to Convertor successfully!
22/12/29 11:37:45 INFO TextDataConvertor: Dataset: [../../../../data/split/cv_2/test.txt]
22/12/29 11:37:45 INFO TextDataConvertor: DataSet: ..../../../../data/split/cv_2/test.txt is finished
22/12/29 11:37:45 INFO TextDataConvertor: rating Scale (real): 0.5 to 5.0
22/12/29 11:37:45 INFO TextDataConvertor: user number: 6000,	 item number is: 14623
22/12/29 11:37:46 INFO TextDataModel: Split data to train Set and test Set successfully!
22/12/29 11:37:46 INFO TextDataModel: Data cardinality of training is 447256
22/12/29 11:37:46 INFO TextDataModel: Data cardinality of testing is 111814
22/12/29 11:37:46 INFO TextDataModel: Feature appender loaded successfully!
22/12/29 11:37:46 INFO OracleAlgo: Job Setup completed.
** Training model in OracleAlgo **
22/12/29 11:37:46 INFO TextDataConvertor: Dataset: [exp00012/result/out-2.txt]
22/12/29 11:37:46 INFO TextDataConvertor: DataSet: exp00012/result/out-2.txt is finished
22/12/29 11:37:46 INFO TextDataConvertor: user number: 6000,	 item number is: 14623
22/12/29 11:37:46 INFO OracleAlgo: Job Train completed.
22/12/29 11:37:46 INFO OracleAlgo: begin recommend
22/12/29 11:37:48 INFO OracleAlgo: end recommend
22/12/29 11:37:48 INFO RecommenderJob: Evaluator info:NormalizedDCGEvaluator is 0.06046376277400896
22/12/29 11:37:48 INFO RecommenderJob: Evaluator info:PStatisticalParityEvaluator is -0.6127029438002346
22/12/29 11:37:48 INFO TextDataConvertor: Dataset: [../../../../data/split/cv_3/train.txt]
22/12/29 11:37:48 INFO TextDataConvertor: DataSet: .../../../../data/split/cv_3/train.txt is finished
22/12/29 11:37:48 INFO TextDataConvertor: rating Scale (real): 0.5 to 5.0
22/12/29 11:37:48 INFO TextDataConvertor: user number: 6000,	 item number is: 14623
22/12/29 11:37:48 INFO TextDataModel: Transform data to Convertor successfully!
22/12/29 11:37:48 INFO TextDataConvertor: Dataset: [../../../../data/split/cv_3/test.txt]
22/12/29 11:37:48 INFO TextDataConvertor: DataSet: ..../../../../data/split/cv_3/test.txt is finished
22/12/29 11:37:48 INFO TextDataConvertor: rating Scale (real): 0.5 to 5.0
22/12/29 11:37:48 INFO TextDataConvertor: user number: 6000,	 item number is: 14623
22/12/29 11:37:49 INFO TextDataModel: Split data to train Set and test Set successfully!
22/12/29 11:37:49 INFO TextDataModel: Data cardinality of training is 447256
22/12/29 11:37:49 INFO TextDataModel: Data cardinality of testing is 111814
22/12/29 11:37:49 INFO TextDataModel: Feature appender loaded successfully!
22/12/29 11:37:49 INFO OracleAlgo: Job Setup completed.
** Training model in OracleAlgo **
22/12/29 11:37:49 INFO TextDataConvertor: Dataset: [exp00012/result/out-3.txt]
22/12/29 11:37:49 INFO TextDataConvertor: DataSet: exp00012/result/out-3.txt is finished
22/12/29 11:37:49 INFO TextDataConvertor: user number: 6000,	 item number is: 14623
22/12/29 11:37:49 INFO OracleAlgo: Job Train completed.
22/12/29 11:37:49 INFO OracleAlgo: begin recommend
22/12/29 11:37:50 INFO OracleAlgo: end recommend
22/12/29 11:37:50 INFO RecommenderJob: Evaluator info:NormalizedDCGEvaluator is 0.05996819285768856
22/12/29 11:37:50 INFO RecommenderJob: Evaluator info:PStatisticalParityEvaluator is -0.6083646112601089
22/12/29 11:37:50 INFO TextDataConvertor: Dataset: [../../../../data/split/cv_4/train.txt]
22/12/29 11:37:51 INFO TextDataConvertor: DataSet: .../../../../data/split/cv_4/train.txt is finished
22/12/29 11:37:51 INFO TextDataConvertor: rating Scale (real): 0.5 to 5.0
22/12/29 11:37:51 INFO TextDataConvertor: user number: 6000,	 item number is: 14623
22/12/29 11:37:51 INFO TextDataModel: Transform data to Convertor successfully!
22/12/29 11:37:51 INFO TextDataConvertor: Dataset: [../../../../data/split/cv_4/test.txt]
22/12/29 11:37:51 INFO TextDataConvertor: DataSet: ..../../../../data/split/cv_4/test.txt is finished
22/12/29 11:37:51 INFO TextDataConvertor: rating Scale (real): 0.5 to 5.0
22/12/29 11:37:51 INFO TextDataConvertor: user number: 6000,	 item number is: 14623
22/12/29 11:37:52 INFO TextDataModel: Split data to train Set and test Set successfully!
22/12/29 11:37:52 INFO TextDataModel: Data cardinality of training is 447256
22/12/29 11:37:52 INFO TextDataModel: Data cardinality of testing is 111814
22/12/29 11:37:52 INFO TextDataModel: Feature appender loaded successfully!
22/12/29 11:37:52 INFO OracleAlgo: Job Setup completed.
** Training model in OracleAlgo **
22/12/29 11:37:52 INFO TextDataConvertor: Dataset: [exp00012/result/out-4.txt]
22/12/29 11:37:52 INFO TextDataConvertor: DataSet: exp00012/result/out-4.txt is finished
22/12/29 11:37:52 INFO TextDataConvertor: user number: 6000,	 item number is: 14623
22/12/29 11:37:52 INFO OracleAlgo: Job Train completed.
22/12/29 11:37:52 INFO OracleAlgo: begin recommend
22/12/29 11:37:55 INFO OracleAlgo: end recommend
22/12/29 11:37:55 INFO RecommenderJob: Evaluator info:NormalizedDCGEvaluator is 0.05907530118471856
22/12/29 11:37:55 INFO RecommenderJob: Evaluator info:PStatisticalParityEvaluator is -0.6129504666188642
22/12/29 11:37:55 INFO TextDataConvertor: Dataset: [../../../../data/split/cv_5/train.txt]
22/12/29 11:37:55 INFO TextDataConvertor: DataSet: .../../../../data/split/cv_5/train.txt is finished
22/12/29 11:37:55 INFO TextDataConvertor: rating Scale (real): 0.5 to 5.0
22/12/29 11:37:55 INFO TextDataConvertor: user number: 6000,	 item number is: 14623
22/12/29 11:37:55 INFO TextDataModel: Transform data to Convertor successfully!
22/12/29 11:37:55 INFO TextDataConvertor: Dataset: [../../../../data/split/cv_5/test.txt]
22/12/29 11:37:55 INFO TextDataConvertor: DataSet: ..../../../../data/split/cv_5/test.txt is finished
22/12/29 11:37:55 INFO TextDataConvertor: rating Scale (real): 0.5 to 5.0
22/12/29 11:37:55 INFO TextDataConvertor: user number: 6000,	 item number is: 14623
22/12/29 11:37:56 INFO TextDataModel: Split data to train Set and test Set successfully!
22/12/29 11:37:56 INFO TextDataModel: Data cardinality of training is 447256
22/12/29 11:37:56 INFO TextDataModel: Data cardinality of testing is 111814
22/12/29 11:37:56 INFO TextDataModel: Feature appender loaded successfully!
22/12/29 11:37:56 INFO OracleAlgo: Job Setup completed.
** Training model in OracleAlgo **
22/12/29 11:37:56 INFO TextDataConvertor: Dataset: [exp00012/result/out-5.txt]
22/12/29 11:37:56 INFO TextDataConvertor: DataSet: exp00012/result/out-5.txt is finished
22/12/29 11:37:56 INFO TextDataConvertor: user number: 6000,	 item number is: 14623
22/12/29 11:37:56 INFO OracleAlgo: Job Train completed.
22/12/29 11:37:56 INFO OracleAlgo: begin recommend
22/12/29 11:37:58 INFO OracleAlgo: end recommend
22/12/29 11:37:58 INFO RecommenderJob: Evaluator info:NormalizedDCGEvaluator is 0.060505880040074046
22/12/29 11:37:58 INFO RecommenderJob: Evaluator info:PStatisticalParityEvaluator is -0.6119692362726374
