22/12/29 12:19:48 INFO TextDataConvertor: Dataset: [../../../../data/ml_sample_6000.csv]
22/12/29 12:19:49 INFO TextDataConvertor: DataSet: ../../../../data/ml_sample_6000.csv is finished
22/12/29 12:19:49 INFO TextDataConvertor: rating Scale (real): 0.5 to 5.0
22/12/29 12:19:49 INFO TextDataConvertor: user number: 6000,	 item number is: 14623
22/12/29 12:19:49 INFO TextDataModel: Transform data to Convertor successfully!
22/12/29 12:19:51 INFO TextDataModel: Split data to train Set and test Set successfully!
22/12/29 12:19:51 INFO TextDataModel: Feature appender loaded successfully!
22/12/29 12:19:51 INFO TextDataConvertor: Dataset: [../../../../data/split/cv_1/train.txt]
22/12/29 12:19:52 INFO TextDataConvertor: DataSet: .../../../../data/split/cv_1/train.txt is finished
22/12/29 12:19:52 INFO TextDataConvertor: rating Scale (real): 0.5 to 5.0
22/12/29 12:19:52 INFO TextDataConvertor: user number: 6000,	 item number is: 14623
22/12/29 12:19:52 INFO TextDataModel: Transform data to Convertor successfully!
22/12/29 12:19:52 INFO TextDataConvertor: Dataset: [../../../../data/split/cv_1/test.txt]
22/12/29 12:19:52 INFO TextDataConvertor: DataSet: ..../../../../data/split/cv_1/test.txt is finished
22/12/29 12:19:52 INFO TextDataConvertor: rating Scale (real): 0.5 to 5.0
22/12/29 12:19:52 INFO TextDataConvertor: user number: 6000,	 item number is: 14623
22/12/29 12:19:52 INFO TextDataModel: Split data to train Set and test Set successfully!
22/12/29 12:19:52 INFO TextDataModel: Data cardinality of training is 447256
22/12/29 12:19:52 INFO TextDataModel: Data cardinality of testing is 111814
22/12/29 12:19:52 INFO TextDataModel: Feature appender loaded successfully!
22/12/29 12:19:53 INFO OracleAlgo: Job Setup completed.
** Training model in OracleAlgo **
22/12/29 12:19:53 INFO TextDataConvertor: Dataset: [exp00014/result/out-1.txt]
22/12/29 12:19:53 INFO TextDataConvertor: DataSet: exp00014/result/out-1.txt is finished
22/12/29 12:19:53 INFO TextDataConvertor: user number: 6000,	 item number is: 14623
22/12/29 12:19:53 INFO OracleAlgo: Job Train completed.
22/12/29 12:19:53 INFO OracleAlgo: begin recommend
22/12/29 12:19:55 INFO OracleAlgo: end recommend
22/12/29 12:19:55 INFO RecommenderJob: Evaluator info:NormalizedDCGEvaluator is 0.1112258825874255
22/12/29 12:19:55 INFO RecommenderJob: Evaluator info:PStatisticalParityEvaluator is -0.4653493802766132
22/12/29 12:19:55 INFO TextDataConvertor: Dataset: [../../../../data/split/cv_2/train.txt]
22/12/29 12:19:55 INFO TextDataConvertor: DataSet: .../../../../data/split/cv_2/train.txt is finished
22/12/29 12:19:55 INFO TextDataConvertor: rating Scale (real): 0.5 to 5.0
22/12/29 12:19:55 INFO TextDataConvertor: user number: 6000,	 item number is: 14623
22/12/29 12:19:55 INFO TextDataModel: Transform data to Convertor successfully!
22/12/29 12:19:55 INFO TextDataConvertor: Dataset: [../../../../data/split/cv_2/test.txt]
22/12/29 12:19:55 INFO TextDataConvertor: DataSet: ..../../../../data/split/cv_2/test.txt is finished
22/12/29 12:19:55 INFO TextDataConvertor: rating Scale (real): 0.5 to 5.0
22/12/29 12:19:55 INFO TextDataConvertor: user number: 6000,	 item number is: 14623
22/12/29 12:19:56 INFO TextDataModel: Split data to train Set and test Set successfully!
22/12/29 12:19:56 INFO TextDataModel: Data cardinality of training is 447256
22/12/29 12:19:56 INFO TextDataModel: Data cardinality of testing is 111814
22/12/29 12:19:56 INFO TextDataModel: Feature appender loaded successfully!
22/12/29 12:19:56 INFO OracleAlgo: Job Setup completed.
** Training model in OracleAlgo **
22/12/29 12:19:56 INFO TextDataConvertor: Dataset: [exp00014/result/out-2.txt]
22/12/29 12:19:56 INFO TextDataConvertor: DataSet: exp00014/result/out-2.txt is finished
22/12/29 12:19:56 INFO TextDataConvertor: user number: 6000,	 item number is: 14623
22/12/29 12:19:56 INFO OracleAlgo: Job Train completed.
22/12/29 12:19:56 INFO OracleAlgo: begin recommend
22/12/29 12:19:58 INFO OracleAlgo: end recommend
22/12/29 12:19:58 INFO RecommenderJob: Evaluator info:NormalizedDCGEvaluator is 0.10835845309625003
22/12/29 12:19:58 INFO RecommenderJob: Evaluator info:PStatisticalParityEvaluator is -0.4572203389830253
22/12/29 12:19:58 INFO TextDataConvertor: Dataset: [../../../../data/split/cv_3/train.txt]
22/12/29 12:19:58 INFO TextDataConvertor: DataSet: .../../../../data/split/cv_3/train.txt is finished
22/12/29 12:19:58 INFO TextDataConvertor: rating Scale (real): 0.5 to 5.0
22/12/29 12:19:58 INFO TextDataConvertor: user number: 6000,	 item number is: 14623
22/12/29 12:19:58 INFO TextDataModel: Transform data to Convertor successfully!
22/12/29 12:19:58 INFO TextDataConvertor: Dataset: [../../../../data/split/cv_3/test.txt]
22/12/29 12:19:58 INFO TextDataConvertor: DataSet: ..../../../../data/split/cv_3/test.txt is finished
22/12/29 12:19:58 INFO TextDataConvertor: rating Scale (real): 0.5 to 5.0
22/12/29 12:19:58 INFO TextDataConvertor: user number: 6000,	 item number is: 14623
22/12/29 12:19:59 INFO TextDataModel: Split data to train Set and test Set successfully!
22/12/29 12:19:59 INFO TextDataModel: Data cardinality of training is 447256
22/12/29 12:19:59 INFO TextDataModel: Data cardinality of testing is 111814
22/12/29 12:19:59 INFO TextDataModel: Feature appender loaded successfully!
22/12/29 12:19:59 INFO OracleAlgo: Job Setup completed.
** Training model in OracleAlgo **
22/12/29 12:19:59 INFO TextDataConvertor: Dataset: [exp00014/result/out-3.txt]
22/12/29 12:19:59 INFO TextDataConvertor: DataSet: exp00014/result/out-3.txt is finished
22/12/29 12:19:59 INFO TextDataConvertor: user number: 6000,	 item number is: 14623
22/12/29 12:19:59 INFO OracleAlgo: Job Train completed.
22/12/29 12:19:59 INFO OracleAlgo: begin recommend
22/12/29 12:20:00 INFO OracleAlgo: end recommend
22/12/29 12:20:00 INFO RecommenderJob: Evaluator info:NormalizedDCGEvaluator is 0.10690079049953842
22/12/29 12:20:00 INFO RecommenderJob: Evaluator info:PStatisticalParityEvaluator is -0.4520750670240962
22/12/29 12:20:00 INFO TextDataConvertor: Dataset: [../../../../data/split/cv_4/train.txt]
22/12/29 12:20:01 INFO TextDataConvertor: DataSet: .../../../../data/split/cv_4/train.txt is finished
22/12/29 12:20:01 INFO TextDataConvertor: rating Scale (real): 0.5 to 5.0
22/12/29 12:20:01 INFO TextDataConvertor: user number: 6000,	 item number is: 14623
22/12/29 12:20:01 INFO TextDataModel: Transform data to Convertor successfully!
22/12/29 12:20:01 INFO TextDataConvertor: Dataset: [../../../../data/split/cv_4/test.txt]
22/12/29 12:20:01 INFO TextDataConvertor: DataSet: ..../../../../data/split/cv_4/test.txt is finished
22/12/29 12:20:01 INFO TextDataConvertor: rating Scale (real): 0.5 to 5.0
22/12/29 12:20:01 INFO TextDataConvertor: user number: 6000,	 item number is: 14623
22/12/29 12:20:01 INFO TextDataModel: Split data to train Set and test Set successfully!
22/12/29 12:20:01 INFO TextDataModel: Data cardinality of training is 447256
22/12/29 12:20:01 INFO TextDataModel: Data cardinality of testing is 111814
22/12/29 12:20:01 INFO TextDataModel: Feature appender loaded successfully!
22/12/29 12:20:01 INFO OracleAlgo: Job Setup completed.
** Training model in OracleAlgo **
22/12/29 12:20:01 INFO TextDataConvertor: Dataset: [exp00014/result/out-4.txt]
22/12/29 12:20:01 INFO TextDataConvertor: DataSet: exp00014/result/out-4.txt is finished
22/12/29 12:20:01 INFO TextDataConvertor: user number: 6000,	 item number is: 14623
22/12/29 12:20:02 INFO OracleAlgo: Job Train completed.
22/12/29 12:20:02 INFO OracleAlgo: begin recommend
22/12/29 12:20:03 INFO OracleAlgo: end recommend
22/12/29 12:20:03 INFO RecommenderJob: Evaluator info:NormalizedDCGEvaluator is 0.10739787752667844
22/12/29 12:20:03 INFO RecommenderJob: Evaluator info:PStatisticalParityEvaluator is -0.4617229002153424
22/12/29 12:20:03 INFO TextDataConvertor: Dataset: [../../../../data/split/cv_5/train.txt]
22/12/29 12:20:04 INFO TextDataConvertor: DataSet: .../../../../data/split/cv_5/train.txt is finished
22/12/29 12:20:04 INFO TextDataConvertor: rating Scale (real): 0.5 to 5.0
22/12/29 12:20:04 INFO TextDataConvertor: user number: 6000,	 item number is: 14623
22/12/29 12:20:04 INFO TextDataModel: Transform data to Convertor successfully!
22/12/29 12:20:04 INFO TextDataConvertor: Dataset: [../../../../data/split/cv_5/test.txt]
22/12/29 12:20:04 INFO TextDataConvertor: DataSet: ..../../../../data/split/cv_5/test.txt is finished
22/12/29 12:20:04 INFO TextDataConvertor: rating Scale (real): 0.5 to 5.0
22/12/29 12:20:04 INFO TextDataConvertor: user number: 6000,	 item number is: 14623
22/12/29 12:20:04 INFO TextDataModel: Split data to train Set and test Set successfully!
22/12/29 12:20:04 INFO TextDataModel: Data cardinality of training is 447256
22/12/29 12:20:04 INFO TextDataModel: Data cardinality of testing is 111814
22/12/29 12:20:04 INFO TextDataModel: Feature appender loaded successfully!
22/12/29 12:20:04 INFO OracleAlgo: Job Setup completed.
** Training model in OracleAlgo **
22/12/29 12:20:04 INFO TextDataConvertor: Dataset: [exp00014/result/out-5.txt]
22/12/29 12:20:04 INFO TextDataConvertor: DataSet: exp00014/result/out-5.txt is finished
22/12/29 12:20:04 INFO TextDataConvertor: user number: 6000,	 item number is: 14623
22/12/29 12:20:04 INFO OracleAlgo: Job Train completed.
22/12/29 12:20:04 INFO OracleAlgo: begin recommend
22/12/29 12:20:06 INFO OracleAlgo: end recommend
22/12/29 12:20:06 INFO RecommenderJob: Evaluator info:NormalizedDCGEvaluator is 0.10702137687468732
22/12/29 12:20:06 INFO RecommenderJob: Evaluator info:PStatisticalParityEvaluator is -0.45402969057411297
