23/04/01 13:03:38 INFO TextDataConvertor: Dataset: [../../../../data/ml_sample_6000.csv]
23/04/01 13:03:39 INFO TextDataConvertor: DataSet: ../../../../data/ml_sample_6000.csv is finished
23/04/01 13:03:39 INFO TextDataConvertor: rating Scale (real): 0.5 to 5.0
23/04/01 13:03:39 INFO TextDataConvertor: user number: 6000,	 item number is: 14623
23/04/01 13:03:39 INFO TextDataModel: Transform data to Convertor successfully!
23/04/01 13:03:40 INFO TextDataModel: Split data to train Set and test Set successfully!
23/04/01 13:03:40 INFO TextDataModel: Feature appender loaded successfully!
23/04/01 13:03:40 INFO TextDataConvertor: Dataset: [../../../../data/split/cv_1/train.txt]
23/04/01 13:03:41 INFO TextDataConvertor: DataSet: .../../../../data/split/cv_1/train.txt is finished
23/04/01 13:03:41 INFO TextDataConvertor: rating Scale (real): 0.5 to 5.0
23/04/01 13:03:41 INFO TextDataConvertor: user number: 6000,	 item number is: 14623
23/04/01 13:03:41 INFO TextDataModel: Transform data to Convertor successfully!
23/04/01 13:03:41 INFO TextDataConvertor: Dataset: [../../../../data/split/cv_1/test.txt]
23/04/01 13:03:41 INFO TextDataConvertor: DataSet: ..../../../../data/split/cv_1/test.txt is finished
23/04/01 13:03:41 INFO TextDataConvertor: rating Scale (real): 0.5 to 5.0
23/04/01 13:03:41 INFO TextDataConvertor: user number: 6000,	 item number is: 14623
23/04/01 13:03:41 INFO TextDataModel: Split data to train Set and test Set successfully!
23/04/01 13:03:41 INFO TextDataModel: Data cardinality of training is 447256
23/04/01 13:03:41 INFO TextDataModel: Data cardinality of testing is 111814
23/04/01 13:03:41 INFO TextDataModel: Feature appender loaded successfully!
23/04/01 13:36:41 INFO OracleAlgo: Job Setup completed.
** Training model in OracleAlgo **
23/04/01 13:36:41 INFO TextDataConvertor: Dataset: [exp00003/result/out-1.txt]
23/04/01 13:36:41 INFO TextDataConvertor: DataSet: exp00003/result/out-1.txt is finished
23/04/01 13:36:41 INFO TextDataConvertor: user number: 6000,	 item number is: 14623
23/04/01 13:36:41 INFO OracleAlgo: Job Train completed.
23/04/01 13:36:41 INFO OracleAlgo: begin recommend
23/04/01 13:36:45 INFO OracleAlgo: end recommend
23/04/01 13:36:45 INFO RecommenderJob: Evaluator info:NormalizedDCGEvaluator is 0.02431925769385908
23/04/01 13:36:45 INFO RecommenderJob: Evaluator info:PStatisticalParityEvaluator is -0.8085432010059428
23/04/01 13:36:45 INFO TextDataConvertor: Dataset: [../../../../data/split/cv_2/train.txt]
23/04/01 13:36:45 INFO TextDataConvertor: DataSet: .../../../../data/split/cv_2/train.txt is finished
23/04/01 13:36:45 INFO TextDataConvertor: rating Scale (real): 0.5 to 5.0
23/04/01 13:36:45 INFO TextDataConvertor: user number: 6000,	 item number is: 14623
23/04/01 13:36:45 INFO TextDataModel: Transform data to Convertor successfully!
23/04/01 13:36:45 INFO TextDataConvertor: Dataset: [../../../../data/split/cv_2/test.txt]
23/04/01 13:36:46 INFO TextDataConvertor: DataSet: ..../../../../data/split/cv_2/test.txt is finished
23/04/01 13:36:46 INFO TextDataConvertor: rating Scale (real): 0.5 to 5.0
23/04/01 13:36:46 INFO TextDataConvertor: user number: 6000,	 item number is: 14623
23/04/01 13:36:46 INFO TextDataModel: Split data to train Set and test Set successfully!
23/04/01 13:36:46 INFO TextDataModel: Data cardinality of training is 447256
23/04/01 13:36:46 INFO TextDataModel: Data cardinality of testing is 111814
23/04/01 13:36:46 INFO TextDataModel: Feature appender loaded successfully!
23/04/01 13:36:57 INFO OracleAlgo: Job Setup completed.
** Training model in OracleAlgo **
23/04/01 13:36:57 INFO TextDataConvertor: Dataset: [exp00003/result/out-2.txt]
23/04/01 13:36:57 INFO TextDataConvertor: DataSet: exp00003/result/out-2.txt is finished
23/04/01 13:36:57 INFO TextDataConvertor: user number: 6000,	 item number is: 14623
23/04/01 13:36:57 INFO OracleAlgo: Job Train completed.
23/04/01 13:36:57 INFO OracleAlgo: begin recommend
23/04/01 13:36:59 INFO OracleAlgo: end recommend
23/04/01 13:36:59 INFO RecommenderJob: Evaluator info:NormalizedDCGEvaluator is 0.024178677552759542
23/04/01 13:36:59 INFO RecommenderJob: Evaluator info:PStatisticalParityEvaluator is -0.7996931311329432
23/04/01 13:36:59 INFO TextDataConvertor: Dataset: [../../../../data/split/cv_3/train.txt]
23/04/01 13:36:59 INFO TextDataConvertor: DataSet: .../../../../data/split/cv_3/train.txt is finished
23/04/01 13:36:59 INFO TextDataConvertor: rating Scale (real): 0.5 to 5.0
23/04/01 13:36:59 INFO TextDataConvertor: user number: 6000,	 item number is: 14623
23/04/01 13:36:59 INFO TextDataModel: Transform data to Convertor successfully!
23/04/01 13:36:59 INFO TextDataConvertor: Dataset: [../../../../data/split/cv_3/test.txt]
23/04/01 13:36:59 INFO TextDataConvertor: DataSet: ..../../../../data/split/cv_3/test.txt is finished
23/04/01 13:36:59 INFO TextDataConvertor: rating Scale (real): 0.5 to 5.0
23/04/01 13:36:59 INFO TextDataConvertor: user number: 6000,	 item number is: 14623
23/04/01 13:37:00 INFO TextDataModel: Split data to train Set and test Set successfully!
23/04/01 13:37:00 INFO TextDataModel: Data cardinality of training is 447256
23/04/01 13:37:00 INFO TextDataModel: Data cardinality of testing is 111814
23/04/01 13:37:00 INFO TextDataModel: Feature appender loaded successfully!
23/04/01 13:37:09 INFO OracleAlgo: Job Setup completed.
** Training model in OracleAlgo **
23/04/01 13:37:09 INFO TextDataConvertor: Dataset: [exp00003/result/out-3.txt]
23/04/01 13:37:09 INFO TextDataConvertor: DataSet: exp00003/result/out-3.txt is finished
23/04/01 13:37:09 INFO TextDataConvertor: user number: 6000,	 item number is: 14623
23/04/01 13:37:09 INFO OracleAlgo: Job Train completed.
23/04/01 13:37:09 INFO OracleAlgo: begin recommend
23/04/01 13:37:12 INFO OracleAlgo: end recommend
23/04/01 13:37:12 INFO RecommenderJob: Evaluator info:NormalizedDCGEvaluator is 0.02298359773824493
23/04/01 13:37:12 INFO RecommenderJob: Evaluator info:PStatisticalParityEvaluator is -0.8174512957998257
23/04/01 13:37:12 INFO TextDataConvertor: Dataset: [../../../../data/split/cv_4/train.txt]
23/04/01 13:37:12 INFO TextDataConvertor: DataSet: .../../../../data/split/cv_4/train.txt is finished
23/04/01 13:37:12 INFO TextDataConvertor: rating Scale (real): 0.5 to 5.0
23/04/01 13:37:12 INFO TextDataConvertor: user number: 6000,	 item number is: 14623
23/04/01 13:37:12 INFO TextDataModel: Transform data to Convertor successfully!
23/04/01 13:37:12 INFO TextDataConvertor: Dataset: [../../../../data/split/cv_4/test.txt]
23/04/01 13:37:12 INFO TextDataConvertor: DataSet: ..../../../../data/split/cv_4/test.txt is finished
23/04/01 13:37:12 INFO TextDataConvertor: rating Scale (real): 0.5 to 5.0
23/04/01 13:37:12 INFO TextDataConvertor: user number: 6000,	 item number is: 14623
23/04/01 13:37:13 INFO TextDataModel: Split data to train Set and test Set successfully!
23/04/01 13:37:13 INFO TextDataModel: Data cardinality of training is 447256
23/04/01 13:37:13 INFO TextDataModel: Data cardinality of testing is 111814
23/04/01 13:37:13 INFO TextDataModel: Feature appender loaded successfully!
23/04/01 13:37:20 INFO OracleAlgo: Job Setup completed.
** Training model in OracleAlgo **
23/04/01 13:37:20 INFO TextDataConvertor: Dataset: [exp00003/result/out-4.txt]
23/04/01 13:37:20 INFO TextDataConvertor: DataSet: exp00003/result/out-4.txt is finished
23/04/01 13:37:20 INFO TextDataConvertor: user number: 6000,	 item number is: 14623
23/04/01 13:37:20 INFO OracleAlgo: Job Train completed.
23/04/01 13:37:20 INFO OracleAlgo: begin recommend
23/04/01 13:37:23 INFO OracleAlgo: end recommend
23/04/01 13:37:23 INFO RecommenderJob: Evaluator info:NormalizedDCGEvaluator is 0.023118754420505414
23/04/01 13:37:23 INFO RecommenderJob: Evaluator info:PStatisticalParityEvaluator is -0.8371141421392739
23/04/01 13:37:23 INFO TextDataConvertor: Dataset: [../../../../data/split/cv_5/train.txt]
23/04/01 13:37:23 INFO TextDataConvertor: DataSet: .../../../../data/split/cv_5/train.txt is finished
23/04/01 13:37:23 INFO TextDataConvertor: rating Scale (real): 0.5 to 5.0
23/04/01 13:37:23 INFO TextDataConvertor: user number: 6000,	 item number is: 14623
23/04/01 13:37:23 INFO TextDataModel: Transform data to Convertor successfully!
23/04/01 13:37:23 INFO TextDataConvertor: Dataset: [../../../../data/split/cv_5/test.txt]
23/04/01 13:37:23 INFO TextDataConvertor: DataSet: ..../../../../data/split/cv_5/test.txt is finished
23/04/01 13:37:23 INFO TextDataConvertor: rating Scale (real): 0.5 to 5.0
23/04/01 13:37:23 INFO TextDataConvertor: user number: 6000,	 item number is: 14623
23/04/01 13:37:23 INFO TextDataModel: Split data to train Set and test Set successfully!
23/04/01 13:37:23 INFO TextDataModel: Data cardinality of training is 447256
23/04/01 13:37:23 INFO TextDataModel: Data cardinality of testing is 111814
23/04/01 13:37:23 INFO TextDataModel: Feature appender loaded successfully!
23/04/01 13:37:31 INFO OracleAlgo: Job Setup completed.
** Training model in OracleAlgo **
23/04/01 13:37:31 INFO TextDataConvertor: Dataset: [exp00003/result/out-5.txt]
23/04/01 13:37:31 INFO TextDataConvertor: DataSet: exp00003/result/out-5.txt is finished
23/04/01 13:37:31 INFO TextDataConvertor: user number: 6000,	 item number is: 14623
23/04/01 13:37:31 INFO OracleAlgo: Job Train completed.
23/04/01 13:37:31 INFO OracleAlgo: begin recommend
23/04/01 13:37:33 INFO OracleAlgo: end recommend
23/04/01 13:37:33 INFO RecommenderJob: Evaluator info:NormalizedDCGEvaluator is 0.023679256530469824
23/04/01 13:37:33 INFO RecommenderJob: Evaluator info:PStatisticalParityEvaluator is -0.8073117510284546
