22/12/28 15:26:33 INFO TextDataConvertor: Dataset: [../../../../data/ml_sample_6000.csv]
22/12/28 15:26:33 INFO TextDataConvertor: DataSet: ../../../../data/ml_sample_6000.csv is finished
22/12/28 15:26:33 INFO TextDataConvertor: rating Scale (real): 0.5 to 5.0
22/12/28 15:26:33 INFO TextDataConvertor: user number: 6000,	 item number is: 14623
22/12/28 15:26:33 INFO TextDataModel: Transform data to Convertor successfully!
22/12/28 15:26:34 INFO TextDataModel: Split data to train Set and test Set successfully!
22/12/28 15:26:35 INFO TextDataModel: Feature appender loaded successfully!
22/12/28 15:26:35 INFO TextDataConvertor: Dataset: [../../../../data/split/cv_1/train.txt]
22/12/28 15:26:35 INFO TextDataConvertor: DataSet: .../../../../data/split/cv_1/train.txt is finished
22/12/28 15:26:35 INFO TextDataConvertor: rating Scale (real): 0.5 to 5.0
22/12/28 15:26:35 INFO TextDataConvertor: user number: 6000,	 item number is: 14623
22/12/28 15:26:35 INFO TextDataModel: Transform data to Convertor successfully!
22/12/28 15:26:35 INFO TextDataConvertor: Dataset: [../../../../data/split/cv_1/test.txt]
22/12/28 15:26:35 INFO TextDataConvertor: DataSet: ..../../../../data/split/cv_1/test.txt is finished
22/12/28 15:26:35 INFO TextDataConvertor: rating Scale (real): 0.5 to 5.0
22/12/28 15:26:35 INFO TextDataConvertor: user number: 6000,	 item number is: 14623
22/12/28 15:26:35 INFO TextDataModel: Split data to train Set and test Set successfully!
22/12/28 15:26:35 INFO TextDataModel: Data cardinality of training is 447256
22/12/28 15:26:35 INFO TextDataModel: Data cardinality of testing is 111814
22/12/28 15:26:36 INFO TextDataModel: Feature appender loaded successfully!
22/12/28 15:26:36 INFO OracleAlgo: Job Setup completed.
** Training model in OracleAlgo **
22/12/28 15:26:36 INFO TextDataConvertor: Dataset: [exp00002/result/out-1.txt]
22/12/28 15:26:36 INFO TextDataConvertor: DataSet: exp00002/result/out-1.txt is finished
22/12/28 15:26:36 INFO TextDataConvertor: user number: 6000,	 item number is: 14623
22/12/28 15:26:36 INFO OracleAlgo: Job Train completed.
22/12/28 15:26:36 INFO OracleAlgo: begin recommend
22/12/28 15:26:37 INFO OracleAlgo: end recommend
22/12/28 15:26:37 INFO RecommenderJob: Evaluator info:NormalizedDCGEvaluator is 0.06050058201877853
22/12/28 15:26:37 INFO RecommenderJob: Evaluator info:PStatisticalParityEvaluator is -0.548316867253521
22/12/28 15:26:37 INFO TextDataConvertor: Dataset: [../../../../data/split/cv_2/train.txt]
22/12/28 15:26:37 INFO TextDataConvertor: DataSet: .../../../../data/split/cv_2/train.txt is finished
22/12/28 15:26:37 INFO TextDataConvertor: rating Scale (real): 0.5 to 5.0
22/12/28 15:26:37 INFO TextDataConvertor: user number: 6000,	 item number is: 14623
22/12/28 15:26:37 INFO TextDataModel: Transform data to Convertor successfully!
22/12/28 15:26:37 INFO TextDataConvertor: Dataset: [../../../../data/split/cv_2/test.txt]
22/12/28 15:26:38 INFO TextDataConvertor: DataSet: ..../../../../data/split/cv_2/test.txt is finished
22/12/28 15:26:38 INFO TextDataConvertor: rating Scale (real): 0.5 to 5.0
22/12/28 15:26:38 INFO TextDataConvertor: user number: 6000,	 item number is: 14623
22/12/28 15:26:38 INFO TextDataModel: Split data to train Set and test Set successfully!
22/12/28 15:26:38 INFO TextDataModel: Data cardinality of training is 447256
22/12/28 15:26:38 INFO TextDataModel: Data cardinality of testing is 111814
22/12/28 15:26:38 INFO TextDataModel: Feature appender loaded successfully!
22/12/28 15:26:38 INFO OracleAlgo: Job Setup completed.
** Training model in OracleAlgo **
22/12/28 15:26:38 INFO TextDataConvertor: Dataset: [exp00002/result/out-2.txt]
22/12/28 15:26:38 INFO TextDataConvertor: DataSet: exp00002/result/out-2.txt is finished
22/12/28 15:26:38 INFO TextDataConvertor: user number: 6000,	 item number is: 14623
22/12/28 15:26:38 INFO OracleAlgo: Job Train completed.
22/12/28 15:26:38 INFO OracleAlgo: begin recommend
22/12/28 15:26:39 INFO OracleAlgo: end recommend
22/12/28 15:26:39 INFO RecommenderJob: Evaluator info:NormalizedDCGEvaluator is 0.05373644425962117
22/12/28 15:26:39 INFO RecommenderJob: Evaluator info:PStatisticalParityEvaluator is -0.5539197145406441
22/12/28 15:26:39 INFO TextDataConvertor: Dataset: [../../../../data/split/cv_3/train.txt]
22/12/28 15:26:40 INFO TextDataConvertor: DataSet: .../../../../data/split/cv_3/train.txt is finished
22/12/28 15:26:40 INFO TextDataConvertor: rating Scale (real): 0.5 to 5.0
22/12/28 15:26:40 INFO TextDataConvertor: user number: 6000,	 item number is: 14623
22/12/28 15:26:40 INFO TextDataModel: Transform data to Convertor successfully!
22/12/28 15:26:40 INFO TextDataConvertor: Dataset: [../../../../data/split/cv_3/test.txt]
22/12/28 15:26:40 INFO TextDataConvertor: DataSet: ..../../../../data/split/cv_3/test.txt is finished
22/12/28 15:26:40 INFO TextDataConvertor: rating Scale (real): 0.5 to 5.0
22/12/28 15:26:40 INFO TextDataConvertor: user number: 6000,	 item number is: 14623
22/12/28 15:26:40 INFO TextDataModel: Split data to train Set and test Set successfully!
22/12/28 15:26:40 INFO TextDataModel: Data cardinality of training is 447256
22/12/28 15:26:40 INFO TextDataModel: Data cardinality of testing is 111814
22/12/28 15:26:40 INFO TextDataModel: Feature appender loaded successfully!
22/12/28 15:26:40 INFO OracleAlgo: Job Setup completed.
** Training model in OracleAlgo **
22/12/28 15:26:40 INFO TextDataConvertor: Dataset: [exp00002/result/out-3.txt]
22/12/28 15:26:40 INFO TextDataConvertor: DataSet: exp00002/result/out-3.txt is finished
22/12/28 15:26:40 INFO TextDataConvertor: user number: 6000,	 item number is: 14623
22/12/28 15:26:40 INFO OracleAlgo: Job Train completed.
22/12/28 15:26:40 INFO OracleAlgo: begin recommend
22/12/28 15:26:41 INFO OracleAlgo: end recommend
22/12/28 15:26:41 INFO RecommenderJob: Evaluator info:NormalizedDCGEvaluator is 0.059497888831430645
22/12/28 15:26:41 INFO RecommenderJob: Evaluator info:PStatisticalParityEvaluator is -0.526327077748053
22/12/28 15:26:41 INFO TextDataConvertor: Dataset: [../../../../data/split/cv_4/train.txt]
22/12/28 15:26:42 INFO TextDataConvertor: DataSet: .../../../../data/split/cv_4/train.txt is finished
22/12/28 15:26:42 INFO TextDataConvertor: rating Scale (real): 0.5 to 5.0
22/12/28 15:26:42 INFO TextDataConvertor: user number: 6000,	 item number is: 14623
22/12/28 15:26:42 INFO TextDataModel: Transform data to Convertor successfully!
22/12/28 15:26:42 INFO TextDataConvertor: Dataset: [../../../../data/split/cv_4/test.txt]
22/12/28 15:26:42 INFO TextDataConvertor: DataSet: ..../../../../data/split/cv_4/test.txt is finished
22/12/28 15:26:42 INFO TextDataConvertor: rating Scale (real): 0.5 to 5.0
22/12/28 15:26:42 INFO TextDataConvertor: user number: 6000,	 item number is: 14623
22/12/28 15:26:42 INFO TextDataModel: Split data to train Set and test Set successfully!
22/12/28 15:26:42 INFO TextDataModel: Data cardinality of training is 447256
22/12/28 15:26:42 INFO TextDataModel: Data cardinality of testing is 111814
22/12/28 15:26:42 INFO TextDataModel: Feature appender loaded successfully!
22/12/28 15:26:42 INFO OracleAlgo: Job Setup completed.
** Training model in OracleAlgo **
22/12/28 15:26:42 INFO TextDataConvertor: Dataset: [exp00002/result/out-4.txt]
22/12/28 15:26:42 INFO TextDataConvertor: DataSet: exp00002/result/out-4.txt is finished
22/12/28 15:26:42 INFO TextDataConvertor: user number: 6000,	 item number is: 14623
22/12/28 15:26:42 INFO OracleAlgo: Job Train completed.
22/12/28 15:26:42 INFO OracleAlgo: begin recommend
22/12/28 15:26:43 INFO OracleAlgo: end recommend
22/12/28 15:26:43 INFO RecommenderJob: Evaluator info:NormalizedDCGEvaluator is 0.06082654856508262
22/12/28 15:26:43 INFO RecommenderJob: Evaluator info:PStatisticalParityEvaluator is -0.5458435032304975
22/12/28 15:26:43 INFO TextDataConvertor: Dataset: [../../../../data/split/cv_5/train.txt]
22/12/28 15:26:44 INFO TextDataConvertor: DataSet: .../../../../data/split/cv_5/train.txt is finished
22/12/28 15:26:44 INFO TextDataConvertor: rating Scale (real): 0.5 to 5.0
22/12/28 15:26:44 INFO TextDataConvertor: user number: 6000,	 item number is: 14623
22/12/28 15:26:44 INFO TextDataModel: Transform data to Convertor successfully!
22/12/28 15:26:44 INFO TextDataConvertor: Dataset: [../../../../data/split/cv_5/test.txt]
22/12/28 15:26:44 INFO TextDataConvertor: DataSet: ..../../../../data/split/cv_5/test.txt is finished
22/12/28 15:26:44 INFO TextDataConvertor: rating Scale (real): 0.5 to 5.0
22/12/28 15:26:44 INFO TextDataConvertor: user number: 6000,	 item number is: 14623
22/12/28 15:26:44 INFO TextDataModel: Split data to train Set and test Set successfully!
22/12/28 15:26:44 INFO TextDataModel: Data cardinality of training is 447256
22/12/28 15:26:44 INFO TextDataModel: Data cardinality of testing is 111814
22/12/28 15:26:44 INFO TextDataModel: Feature appender loaded successfully!
22/12/28 15:26:44 INFO OracleAlgo: Job Setup completed.
** Training model in OracleAlgo **
22/12/28 15:26:44 INFO TextDataConvertor: Dataset: [exp00002/result/out-5.txt]
22/12/28 15:26:44 INFO TextDataConvertor: DataSet: exp00002/result/out-5.txt is finished
22/12/28 15:26:44 INFO TextDataConvertor: user number: 6000,	 item number is: 14623
22/12/28 15:26:44 INFO OracleAlgo: Job Train completed.
22/12/28 15:26:44 INFO OracleAlgo: begin recommend
22/12/28 15:26:45 INFO OracleAlgo: end recommend
22/12/28 15:26:45 INFO RecommenderJob: Evaluator info:NormalizedDCGEvaluator is 0.05468584032017834
22/12/28 15:26:45 INFO RecommenderJob: Evaluator info:PStatisticalParityEvaluator is -0.5496619567162098
