22/12/28 17:59:04 INFO TextDataConvertor: Dataset: [../../../../data/ml_sample_6000.csv]
22/12/28 17:59:05 INFO TextDataConvertor: DataSet: ../../../../data/ml_sample_6000.csv is finished
22/12/28 17:59:05 INFO TextDataConvertor: rating Scale (real): 0.5 to 5.0
22/12/28 17:59:05 INFO TextDataConvertor: user number: 6000,	 item number is: 14623
22/12/28 17:59:05 INFO TextDataModel: Transform data to Convertor successfully!
22/12/28 17:59:06 INFO TextDataModel: Split data to train Set and test Set successfully!
22/12/28 17:59:07 INFO TextDataModel: Feature appender loaded successfully!
22/12/28 17:59:07 INFO TextDataConvertor: Dataset: [../../../../data/split/cv_1/train.txt]
22/12/28 17:59:07 INFO TextDataConvertor: DataSet: .../../../../data/split/cv_1/train.txt is finished
22/12/28 17:59:07 INFO TextDataConvertor: rating Scale (real): 0.5 to 5.0
22/12/28 17:59:07 INFO TextDataConvertor: user number: 6000,	 item number is: 14623
22/12/28 17:59:07 INFO TextDataModel: Transform data to Convertor successfully!
22/12/28 17:59:07 INFO TextDataConvertor: Dataset: [../../../../data/split/cv_1/test.txt]
22/12/28 17:59:07 INFO TextDataConvertor: DataSet: ..../../../../data/split/cv_1/test.txt is finished
22/12/28 17:59:07 INFO TextDataConvertor: rating Scale (real): 0.5 to 5.0
22/12/28 17:59:07 INFO TextDataConvertor: user number: 6000,	 item number is: 14623
22/12/28 17:59:08 INFO TextDataModel: Split data to train Set and test Set successfully!
22/12/28 17:59:08 INFO TextDataModel: Data cardinality of training is 447256
22/12/28 17:59:08 INFO TextDataModel: Data cardinality of testing is 111814
22/12/28 17:59:08 INFO TextDataModel: Feature appender loaded successfully!
22/12/28 17:59:08 INFO OracleAlgo: Job Setup completed.
** Training model in OracleAlgo **
22/12/28 17:59:08 INFO TextDataConvertor: Dataset: [exp00004/result/out-1.txt]
22/12/28 17:59:08 INFO TextDataConvertor: DataSet: exp00004/result/out-1.txt is finished
22/12/28 17:59:08 INFO TextDataConvertor: user number: 6000,	 item number is: 14623
22/12/28 17:59:08 INFO OracleAlgo: Job Train completed.
22/12/28 17:59:08 INFO OracleAlgo: begin recommend
22/12/28 17:59:10 INFO OracleAlgo: end recommend
22/12/28 17:59:10 INFO RecommenderJob: Evaluator info:NormalizedDCGEvaluator is 0.10708417366554655
22/12/28 17:59:10 INFO RecommenderJob: Evaluator info:PStatisticalParityEvaluator is -0.615721214298603
22/12/28 17:59:10 INFO TextDataConvertor: Dataset: [../../../../data/split/cv_2/train.txt]
22/12/28 17:59:10 INFO TextDataConvertor: DataSet: .../../../../data/split/cv_2/train.txt is finished
22/12/28 17:59:10 INFO TextDataConvertor: rating Scale (real): 0.5 to 5.0
22/12/28 17:59:10 INFO TextDataConvertor: user number: 6000,	 item number is: 14623
22/12/28 17:59:10 INFO TextDataModel: Transform data to Convertor successfully!
22/12/28 17:59:10 INFO TextDataConvertor: Dataset: [../../../../data/split/cv_2/test.txt]
22/12/28 17:59:10 INFO TextDataConvertor: DataSet: ..../../../../data/split/cv_2/test.txt is finished
22/12/28 17:59:10 INFO TextDataConvertor: rating Scale (real): 0.5 to 5.0
22/12/28 17:59:10 INFO TextDataConvertor: user number: 6000,	 item number is: 14623
22/12/28 17:59:11 INFO TextDataModel: Split data to train Set and test Set successfully!
22/12/28 17:59:11 INFO TextDataModel: Data cardinality of training is 447256
22/12/28 17:59:11 INFO TextDataModel: Data cardinality of testing is 111814
22/12/28 17:59:11 INFO TextDataModel: Feature appender loaded successfully!
22/12/28 17:59:11 INFO OracleAlgo: Job Setup completed.
** Training model in OracleAlgo **
22/12/28 17:59:11 INFO TextDataConvertor: Dataset: [exp00004/result/out-2.txt]
22/12/28 17:59:11 INFO TextDataConvertor: DataSet: exp00004/result/out-2.txt is finished
22/12/28 17:59:11 INFO TextDataConvertor: user number: 6000,	 item number is: 14623
22/12/28 17:59:11 INFO OracleAlgo: Job Train completed.
22/12/28 17:59:11 INFO OracleAlgo: begin recommend
22/12/28 17:59:12 INFO OracleAlgo: end recommend
22/12/28 17:59:12 INFO RecommenderJob: Evaluator info:NormalizedDCGEvaluator is 0.1060980176738524
22/12/28 17:59:13 INFO RecommenderJob: Evaluator info:PStatisticalParityEvaluator is -0.6166351471900666
22/12/28 17:59:13 INFO TextDataConvertor: Dataset: [../../../../data/split/cv_3/train.txt]
22/12/28 17:59:13 INFO TextDataConvertor: DataSet: .../../../../data/split/cv_3/train.txt is finished
22/12/28 17:59:13 INFO TextDataConvertor: rating Scale (real): 0.5 to 5.0
22/12/28 17:59:13 INFO TextDataConvertor: user number: 6000,	 item number is: 14623
22/12/28 17:59:13 INFO TextDataModel: Transform data to Convertor successfully!
22/12/28 17:59:13 INFO TextDataConvertor: Dataset: [../../../../data/split/cv_3/test.txt]
22/12/28 17:59:13 INFO TextDataConvertor: DataSet: ..../../../../data/split/cv_3/test.txt is finished
22/12/28 17:59:13 INFO TextDataConvertor: rating Scale (real): 0.5 to 5.0
22/12/28 17:59:13 INFO TextDataConvertor: user number: 6000,	 item number is: 14623
22/12/28 17:59:13 INFO TextDataModel: Split data to train Set and test Set successfully!
22/12/28 17:59:13 INFO TextDataModel: Data cardinality of training is 447256
22/12/28 17:59:13 INFO TextDataModel: Data cardinality of testing is 111814
22/12/28 17:59:13 INFO TextDataModel: Feature appender loaded successfully!
22/12/28 17:59:14 INFO OracleAlgo: Job Setup completed.
** Training model in OracleAlgo **
22/12/28 17:59:14 INFO TextDataConvertor: Dataset: [exp00004/result/out-3.txt]
22/12/28 17:59:14 INFO TextDataConvertor: DataSet: exp00004/result/out-3.txt is finished
22/12/28 17:59:14 INFO TextDataConvertor: user number: 6000,	 item number is: 14623
22/12/28 17:59:14 INFO OracleAlgo: Job Train completed.
22/12/28 17:59:14 INFO OracleAlgo: begin recommend
22/12/28 17:59:15 INFO OracleAlgo: end recommend
22/12/28 17:59:15 INFO RecommenderJob: Evaluator info:NormalizedDCGEvaluator is 0.10490319327495432
22/12/28 17:59:15 INFO RecommenderJob: Evaluator info:PStatisticalParityEvaluator is -0.6161930294906744
22/12/28 17:59:15 INFO TextDataConvertor: Dataset: [../../../../data/split/cv_4/train.txt]
22/12/28 17:59:15 INFO TextDataConvertor: DataSet: .../../../../data/split/cv_4/train.txt is finished
22/12/28 17:59:15 INFO TextDataConvertor: rating Scale (real): 0.5 to 5.0
22/12/28 17:59:15 INFO TextDataConvertor: user number: 6000,	 item number is: 14623
22/12/28 17:59:15 INFO TextDataModel: Transform data to Convertor successfully!
22/12/28 17:59:15 INFO TextDataConvertor: Dataset: [../../../../data/split/cv_4/test.txt]
22/12/28 17:59:16 INFO TextDataConvertor: DataSet: ..../../../../data/split/cv_4/test.txt is finished
22/12/28 17:59:16 INFO TextDataConvertor: rating Scale (real): 0.5 to 5.0
22/12/28 17:59:16 INFO TextDataConvertor: user number: 6000,	 item number is: 14623
22/12/28 17:59:16 INFO TextDataModel: Split data to train Set and test Set successfully!
22/12/28 17:59:16 INFO TextDataModel: Data cardinality of training is 447256
22/12/28 17:59:16 INFO TextDataModel: Data cardinality of testing is 111814
22/12/28 17:59:16 INFO TextDataModel: Feature appender loaded successfully!
22/12/28 17:59:16 INFO OracleAlgo: Job Setup completed.
** Training model in OracleAlgo **
22/12/28 17:59:16 INFO TextDataConvertor: Dataset: [exp00004/result/out-4.txt]
22/12/28 17:59:16 INFO TextDataConvertor: DataSet: exp00004/result/out-4.txt is finished
22/12/28 17:59:16 INFO TextDataConvertor: user number: 6000,	 item number is: 14623
22/12/28 17:59:16 INFO OracleAlgo: Job Train completed.
22/12/28 17:59:16 INFO OracleAlgo: begin recommend
22/12/28 17:59:18 INFO OracleAlgo: end recommend
22/12/28 17:59:18 INFO RecommenderJob: Evaluator info:NormalizedDCGEvaluator is 0.10144268275593744
22/12/28 17:59:18 INFO RecommenderJob: Evaluator info:PStatisticalParityEvaluator is -0.6178176597272651
22/12/28 17:59:18 INFO TextDataConvertor: Dataset: [../../../../data/split/cv_5/train.txt]
22/12/28 17:59:18 INFO TextDataConvertor: DataSet: .../../../../data/split/cv_5/train.txt is finished
22/12/28 17:59:18 INFO TextDataConvertor: rating Scale (real): 0.5 to 5.0
22/12/28 17:59:18 INFO TextDataConvertor: user number: 6000,	 item number is: 14623
22/12/28 17:59:18 INFO TextDataModel: Transform data to Convertor successfully!
22/12/28 17:59:18 INFO TextDataConvertor: Dataset: [../../../../data/split/cv_5/test.txt]
22/12/28 17:59:18 INFO TextDataConvertor: DataSet: ..../../../../data/split/cv_5/test.txt is finished
22/12/28 17:59:18 INFO TextDataConvertor: rating Scale (real): 0.5 to 5.0
22/12/28 17:59:18 INFO TextDataConvertor: user number: 6000,	 item number is: 14623
22/12/28 17:59:19 INFO TextDataModel: Split data to train Set and test Set successfully!
22/12/28 17:59:19 INFO TextDataModel: Data cardinality of training is 447256
22/12/28 17:59:19 INFO TextDataModel: Data cardinality of testing is 111814
22/12/28 17:59:19 INFO TextDataModel: Feature appender loaded successfully!
22/12/28 17:59:19 INFO OracleAlgo: Job Setup completed.
** Training model in OracleAlgo **
22/12/28 17:59:19 INFO TextDataConvertor: Dataset: [exp00004/result/out-5.txt]
22/12/28 17:59:19 INFO TextDataConvertor: DataSet: exp00004/result/out-5.txt is finished
22/12/28 17:59:19 INFO TextDataConvertor: user number: 6000,	 item number is: 14623
22/12/28 17:59:19 INFO OracleAlgo: Job Train completed.
22/12/28 17:59:19 INFO OracleAlgo: begin recommend
22/12/28 17:59:20 INFO OracleAlgo: end recommend
22/12/28 17:59:20 INFO RecommenderJob: Evaluator info:NormalizedDCGEvaluator is 0.10315456669039086
22/12/28 17:59:20 INFO RecommenderJob: Evaluator info:PStatisticalParityEvaluator is -0.6168341978179798
