22/12/28 17:42:28 INFO TextDataConvertor: Dataset: [../../../../data/ml_sample_6000.csv]
22/12/28 17:42:29 INFO TextDataConvertor: DataSet: ../../../../data/ml_sample_6000.csv is finished
22/12/28 17:42:29 INFO TextDataConvertor: rating Scale (real): 0.5 to 5.0
22/12/28 17:42:29 INFO TextDataConvertor: user number: 6000,	 item number is: 14623
22/12/28 17:42:29 INFO TextDataModel: Transform data to Convertor successfully!
22/12/28 17:42:30 INFO TextDataModel: Split data to train Set and test Set successfully!
22/12/28 17:42:30 INFO TextDataModel: Feature appender loaded successfully!
22/12/28 17:42:30 INFO TextDataConvertor: Dataset: [../../../../data/split/cv_1/train.txt]
22/12/28 17:42:30 INFO TextDataConvertor: DataSet: .../../../../data/split/cv_1/train.txt is finished
22/12/28 17:42:30 INFO TextDataConvertor: rating Scale (real): 0.5 to 5.0
22/12/28 17:42:30 INFO TextDataConvertor: user number: 6000,	 item number is: 14623
22/12/28 17:42:30 INFO TextDataModel: Transform data to Convertor successfully!
22/12/28 17:42:30 INFO TextDataConvertor: Dataset: [../../../../data/split/cv_1/test.txt]
22/12/28 17:42:30 INFO TextDataConvertor: DataSet: ..../../../../data/split/cv_1/test.txt is finished
22/12/28 17:42:30 INFO TextDataConvertor: rating Scale (real): 0.5 to 5.0
22/12/28 17:42:30 INFO TextDataConvertor: user number: 6000,	 item number is: 14623
22/12/28 17:42:31 INFO TextDataModel: Split data to train Set and test Set successfully!
22/12/28 17:42:31 INFO TextDataModel: Data cardinality of training is 447256
22/12/28 17:42:31 INFO TextDataModel: Data cardinality of testing is 111814
22/12/28 17:42:31 INFO TextDataModel: Feature appender loaded successfully!
22/12/28 17:42:31 INFO OracleAlgo: Job Setup completed.
** Training model in OracleAlgo **
22/12/28 17:42:31 INFO TextDataConvertor: Dataset: [exp00003/result/out-1.txt]
22/12/28 17:42:31 INFO TextDataConvertor: DataSet: exp00003/result/out-1.txt is finished
22/12/28 17:42:31 INFO TextDataConvertor: user number: 6000,	 item number is: 14623
22/12/28 17:42:31 INFO OracleAlgo: Job Train completed.
22/12/28 17:42:31 INFO OracleAlgo: begin recommend
22/12/28 17:42:33 INFO OracleAlgo: end recommend
22/12/28 17:42:33 INFO RecommenderJob: Evaluator info:NormalizedDCGEvaluator is 0.061817150850884926
22/12/28 17:42:33 INFO RecommenderJob: Evaluator info:PStatisticalParityEvaluator is -0.6005101490929246
22/12/28 17:42:33 INFO TextDataConvertor: Dataset: [../../../../data/split/cv_2/train.txt]
22/12/28 17:42:33 INFO TextDataConvertor: DataSet: .../../../../data/split/cv_2/train.txt is finished
22/12/28 17:42:33 INFO TextDataConvertor: rating Scale (real): 0.5 to 5.0
22/12/28 17:42:33 INFO TextDataConvertor: user number: 6000,	 item number is: 14623
22/12/28 17:42:33 INFO TextDataModel: Transform data to Convertor successfully!
22/12/28 17:42:33 INFO TextDataConvertor: Dataset: [../../../../data/split/cv_2/test.txt]
22/12/28 17:42:33 INFO TextDataConvertor: DataSet: ..../../../../data/split/cv_2/test.txt is finished
22/12/28 17:42:33 INFO TextDataConvertor: rating Scale (real): 0.5 to 5.0
22/12/28 17:42:33 INFO TextDataConvertor: user number: 6000,	 item number is: 14623
22/12/28 17:42:33 INFO TextDataModel: Split data to train Set and test Set successfully!
22/12/28 17:42:33 INFO TextDataModel: Data cardinality of training is 447256
22/12/28 17:42:33 INFO TextDataModel: Data cardinality of testing is 111814
22/12/28 17:42:33 INFO TextDataModel: Feature appender loaded successfully!
22/12/28 17:42:33 INFO OracleAlgo: Job Setup completed.
** Training model in OracleAlgo **
22/12/28 17:42:33 INFO TextDataConvertor: Dataset: [exp00003/result/out-2.txt]
22/12/28 17:42:34 INFO TextDataConvertor: DataSet: exp00003/result/out-2.txt is finished
22/12/28 17:42:34 INFO TextDataConvertor: user number: 6000,	 item number is: 14623
22/12/28 17:42:34 INFO OracleAlgo: Job Train completed.
22/12/28 17:42:34 INFO OracleAlgo: begin recommend
22/12/28 17:42:35 INFO OracleAlgo: end recommend
22/12/28 17:42:35 INFO RecommenderJob: Evaluator info:NormalizedDCGEvaluator is 0.06087842210817286
22/12/28 17:42:35 INFO RecommenderJob: Evaluator info:PStatisticalParityEvaluator is -0.6006636931311891
22/12/28 17:42:35 INFO TextDataConvertor: Dataset: [../../../../data/split/cv_3/train.txt]
22/12/28 17:42:35 INFO TextDataConvertor: DataSet: .../../../../data/split/cv_3/train.txt is finished
22/12/28 17:42:35 INFO TextDataConvertor: rating Scale (real): 0.5 to 5.0
22/12/28 17:42:35 INFO TextDataConvertor: user number: 6000,	 item number is: 14623
22/12/28 17:42:35 INFO TextDataModel: Transform data to Convertor successfully!
22/12/28 17:42:35 INFO TextDataConvertor: Dataset: [../../../../data/split/cv_3/test.txt]
22/12/28 17:42:35 INFO TextDataConvertor: DataSet: ..../../../../data/split/cv_3/test.txt is finished
22/12/28 17:42:35 INFO TextDataConvertor: rating Scale (real): 0.5 to 5.0
22/12/28 17:42:35 INFO TextDataConvertor: user number: 6000,	 item number is: 14623
22/12/28 17:42:36 INFO TextDataModel: Split data to train Set and test Set successfully!
22/12/28 17:42:36 INFO TextDataModel: Data cardinality of training is 447256
22/12/28 17:42:36 INFO TextDataModel: Data cardinality of testing is 111814
22/12/28 17:42:36 INFO TextDataModel: Feature appender loaded successfully!
22/12/28 17:42:36 INFO OracleAlgo: Job Setup completed.
** Training model in OracleAlgo **
22/12/28 17:42:36 INFO TextDataConvertor: Dataset: [exp00003/result/out-3.txt]
22/12/28 17:42:36 INFO TextDataConvertor: DataSet: exp00003/result/out-3.txt is finished
22/12/28 17:42:36 INFO TextDataConvertor: user number: 6000,	 item number is: 14623
22/12/28 17:42:36 INFO OracleAlgo: Job Train completed.
22/12/28 17:42:36 INFO OracleAlgo: begin recommend
22/12/28 17:42:37 INFO OracleAlgo: end recommend
22/12/28 17:42:37 INFO RecommenderJob: Evaluator info:NormalizedDCGEvaluator is 0.06152702534703036
22/12/28 17:42:37 INFO RecommenderJob: Evaluator info:PStatisticalParityEvaluator is -0.6010652368186458
22/12/28 17:42:37 INFO TextDataConvertor: Dataset: [../../../../data/split/cv_4/train.txt]
22/12/28 17:42:37 INFO TextDataConvertor: DataSet: .../../../../data/split/cv_4/train.txt is finished
22/12/28 17:42:37 INFO TextDataConvertor: rating Scale (real): 0.5 to 5.0
22/12/28 17:42:37 INFO TextDataConvertor: user number: 6000,	 item number is: 14623
22/12/28 17:42:37 INFO TextDataModel: Transform data to Convertor successfully!
22/12/28 17:42:37 INFO TextDataConvertor: Dataset: [../../../../data/split/cv_4/test.txt]
22/12/28 17:42:37 INFO TextDataConvertor: DataSet: ..../../../../data/split/cv_4/test.txt is finished
22/12/28 17:42:37 INFO TextDataConvertor: rating Scale (real): 0.5 to 5.0
22/12/28 17:42:37 INFO TextDataConvertor: user number: 6000,	 item number is: 14623
22/12/28 17:42:38 INFO TextDataModel: Split data to train Set and test Set successfully!
22/12/28 17:42:38 INFO TextDataModel: Data cardinality of training is 447256
22/12/28 17:42:38 INFO TextDataModel: Data cardinality of testing is 111814
22/12/28 17:42:38 INFO TextDataModel: Feature appender loaded successfully!
22/12/28 17:42:38 INFO OracleAlgo: Job Setup completed.
** Training model in OracleAlgo **
22/12/28 17:42:38 INFO TextDataConvertor: Dataset: [exp00003/result/out-4.txt]
22/12/28 17:42:38 INFO TextDataConvertor: DataSet: exp00003/result/out-4.txt is finished
22/12/28 17:42:38 INFO TextDataConvertor: user number: 6000,	 item number is: 14623
22/12/28 17:42:38 INFO OracleAlgo: Job Train completed.
22/12/28 17:42:38 INFO OracleAlgo: begin recommend
22/12/28 17:42:39 INFO OracleAlgo: end recommend
22/12/28 17:42:39 INFO RecommenderJob: Evaluator info:NormalizedDCGEvaluator is 0.05968795541878514
22/12/28 17:42:39 INFO RecommenderJob: Evaluator info:PStatisticalParityEvaluator is -0.6005886575736386
22/12/28 17:42:39 INFO TextDataConvertor: Dataset: [../../../../data/split/cv_5/train.txt]
22/12/28 17:42:39 INFO TextDataConvertor: DataSet: .../../../../data/split/cv_5/train.txt is finished
22/12/28 17:42:39 INFO TextDataConvertor: rating Scale (real): 0.5 to 5.0
22/12/28 17:42:39 INFO TextDataConvertor: user number: 6000,	 item number is: 14623
22/12/28 17:42:39 INFO TextDataModel: Transform data to Convertor successfully!
22/12/28 17:42:39 INFO TextDataConvertor: Dataset: [../../../../data/split/cv_5/test.txt]
22/12/28 17:42:40 INFO TextDataConvertor: DataSet: ..../../../../data/split/cv_5/test.txt is finished
22/12/28 17:42:40 INFO TextDataConvertor: rating Scale (real): 0.5 to 5.0
22/12/28 17:42:40 INFO TextDataConvertor: user number: 6000,	 item number is: 14623
22/12/28 17:42:40 INFO TextDataModel: Split data to train Set and test Set successfully!
22/12/28 17:42:40 INFO TextDataModel: Data cardinality of training is 447256
22/12/28 17:42:40 INFO TextDataModel: Data cardinality of testing is 111814
22/12/28 17:42:40 INFO TextDataModel: Feature appender loaded successfully!
22/12/28 17:42:40 INFO OracleAlgo: Job Setup completed.
** Training model in OracleAlgo **
22/12/28 17:42:40 INFO TextDataConvertor: Dataset: [exp00003/result/out-5.txt]
22/12/28 17:42:40 INFO TextDataConvertor: DataSet: exp00003/result/out-5.txt is finished
22/12/28 17:42:40 INFO TextDataConvertor: user number: 6000,	 item number is: 14623
22/12/28 17:42:40 INFO OracleAlgo: Job Train completed.
22/12/28 17:42:40 INFO OracleAlgo: begin recommend
22/12/28 17:42:41 INFO OracleAlgo: end recommend
22/12/28 17:42:41 INFO RecommenderJob: Evaluator info:NormalizedDCGEvaluator is 0.06143378623482049
22/12/28 17:42:41 INFO RecommenderJob: Evaluator info:PStatisticalParityEvaluator is -0.5995206582007335
