22/12/30 12:35:27 INFO TextDataConvertor: Dataset: [../../../../data/ml_sample_6000.csv]
22/12/30 12:35:28 INFO TextDataConvertor: DataSet: ../../../../data/ml_sample_6000.csv is finished
22/12/30 12:35:28 INFO TextDataConvertor: rating Scale (real): 0.5 to 5.0
22/12/30 12:35:28 INFO TextDataConvertor: user number: 6000,	 item number is: 14623
22/12/30 12:35:28 INFO TextDataModel: Transform data to Convertor successfully!
22/12/30 12:35:29 INFO TextDataModel: Split data to train Set and test Set successfully!
22/12/30 12:35:30 INFO TextDataModel: Feature appender loaded successfully!
22/12/30 12:35:30 INFO RecommenderJob: SplitCMD: START - Splitting training and testing.
22/12/30 12:35:30 INFO RecommenderJob: SplitCMD: Splitting training and testing with 0.8% ratio on fold 1.
22/12/30 12:35:30 INFO TextDataModel: Split data to train Set and test Set successfully!
22/12/30 12:35:30 INFO TextDataModel: Data cardinality of training is 447256
22/12/30 12:35:30 INFO TextDataModel: Data cardinality of testing is 111814
22/12/30 12:35:30 INFO RecommenderJob: SplitCMD: START - Splitting training and testing.
22/12/30 12:35:30 INFO RecommenderJob: SplitCMD: Splitting training and testing with 0.8% ratio on fold 2.
22/12/30 12:35:30 INFO TextDataModel: Split data to train Set and test Set successfully!
22/12/30 12:35:30 INFO TextDataModel: Data cardinality of training is 447256
22/12/30 12:35:30 INFO TextDataModel: Data cardinality of testing is 111814
22/12/30 12:35:30 INFO RecommenderJob: SplitCMD: START - Splitting training and testing.
22/12/30 12:35:31 INFO RecommenderJob: SplitCMD: Splitting training and testing with 0.8% ratio on fold 3.
22/12/30 12:35:31 INFO TextDataModel: Split data to train Set and test Set successfully!
22/12/30 12:35:31 INFO TextDataModel: Data cardinality of training is 447256
22/12/30 12:35:31 INFO TextDataModel: Data cardinality of testing is 111814
22/12/30 12:35:31 INFO RecommenderJob: SplitCMD: START - Splitting training and testing.
22/12/30 12:35:32 INFO RecommenderJob: SplitCMD: Splitting training and testing with 0.8% ratio on fold 4.
22/12/30 12:35:32 INFO TextDataModel: Split data to train Set and test Set successfully!
22/12/30 12:35:32 INFO TextDataModel: Data cardinality of training is 447256
22/12/30 12:35:32 INFO TextDataModel: Data cardinality of testing is 111814
22/12/30 12:35:32 INFO RecommenderJob: SplitCMD: START - Splitting training and testing.
22/12/30 12:35:33 INFO RecommenderJob: SplitCMD: Splitting training and testing with 0.8% ratio on fold 5.
22/12/30 12:35:33 INFO TextDataModel: Split data to train Set and test Set successfully!
22/12/30 12:35:33 INFO TextDataModel: Data cardinality of training is 447256
22/12/30 12:35:33 INFO TextDataModel: Data cardinality of testing is 111814
22/12/30 12:35:33 INFO RecommenderJob: Average Evaluation Result of Cross Validation:
