22/12/29 14:10:17 INFO TextDataConvertor: Dataset: [../../../../data/ml_sample_6000.csv]
22/12/29 14:10:17 INFO TextDataConvertor: DataSet: ../../../../data/ml_sample_6000.csv is finished
22/12/29 14:10:17 INFO TextDataConvertor: rating Scale (real): 0.5 to 5.0
22/12/29 14:10:17 INFO TextDataConvertor: user number: 6000,	 item number is: 14623
22/12/29 14:10:17 INFO TextDataModel: Transform data to Convertor successfully!
22/12/29 14:10:19 INFO TextDataModel: Split data to train Set and test Set successfully!
22/12/29 14:10:19 INFO TextDataModel: Feature appender loaded successfully!
22/12/29 14:10:19 INFO TextDataConvertor: Dataset: [../../../../data/split/cv_1/train.txt]
22/12/29 14:10:19 INFO TextDataConvertor: DataSet: .../../../../data/split/cv_1/train.txt is finished
22/12/29 14:10:19 INFO TextDataConvertor: rating Scale (real): 0.5 to 5.0
22/12/29 14:10:19 INFO TextDataConvertor: user number: 6000,	 item number is: 14623
22/12/29 14:10:19 INFO TextDataModel: Transform data to Convertor successfully!
22/12/29 14:10:19 INFO TextDataConvertor: Dataset: [../../../../data/split/cv_1/test.txt]
22/12/29 14:10:19 INFO TextDataConvertor: DataSet: ..../../../../data/split/cv_1/test.txt is finished
22/12/29 14:10:19 INFO TextDataConvertor: rating Scale (real): 0.5 to 5.0
22/12/29 14:10:19 INFO TextDataConvertor: user number: 6000,	 item number is: 14623
22/12/29 14:10:20 INFO TextDataModel: Split data to train Set and test Set successfully!
22/12/29 14:10:20 INFO TextDataModel: Data cardinality of training is 447256
22/12/29 14:10:20 INFO TextDataModel: Data cardinality of testing is 111814
22/12/29 14:10:20 INFO TextDataModel: Feature appender loaded successfully!
22/12/29 14:10:20 INFO OracleAlgo: Job Setup completed.
** Training model in OracleAlgo **
22/12/29 14:10:20 INFO TextDataConvertor: Dataset: [exp00015/result/out-1.txt]
22/12/29 14:10:20 INFO TextDataConvertor: DataSet: exp00015/result/out-1.txt is finished
22/12/29 14:10:20 INFO TextDataConvertor: user number: 6000,	 item number is: 14623
22/12/29 14:10:20 INFO OracleAlgo: Job Train completed.
22/12/29 14:10:20 INFO OracleAlgo: begin recommend
22/12/29 14:10:21 INFO OracleAlgo: end recommend
22/12/29 14:10:21 INFO RecommenderJob: Evaluator info:NormalizedDCGEvaluator is 0.06341469601875326
22/12/29 14:10:21 INFO RecommenderJob: Evaluator info:PStatisticalParityEvaluator is -0.5919310220945402
22/12/29 14:10:21 INFO TextDataConvertor: Dataset: [../../../../data/split/cv_2/train.txt]
22/12/29 14:10:22 INFO TextDataConvertor: DataSet: .../../../../data/split/cv_2/train.txt is finished
22/12/29 14:10:22 INFO TextDataConvertor: rating Scale (real): 0.5 to 5.0
22/12/29 14:10:22 INFO TextDataConvertor: user number: 6000,	 item number is: 14623
22/12/29 14:10:22 INFO TextDataModel: Transform data to Convertor successfully!
22/12/29 14:10:22 INFO TextDataConvertor: Dataset: [../../../../data/split/cv_2/test.txt]
22/12/29 14:10:22 INFO TextDataConvertor: DataSet: ..../../../../data/split/cv_2/test.txt is finished
22/12/29 14:10:22 INFO TextDataConvertor: rating Scale (real): 0.5 to 5.0
22/12/29 14:10:22 INFO TextDataConvertor: user number: 6000,	 item number is: 14623
22/12/29 14:10:22 INFO TextDataModel: Split data to train Set and test Set successfully!
22/12/29 14:10:22 INFO TextDataModel: Data cardinality of training is 447256
22/12/29 14:10:22 INFO TextDataModel: Data cardinality of testing is 111814
22/12/29 14:10:22 INFO TextDataModel: Feature appender loaded successfully!
22/12/29 14:10:22 INFO OracleAlgo: Job Setup completed.
** Training model in OracleAlgo **
22/12/29 14:10:22 INFO TextDataConvertor: Dataset: [exp00015/result/out-2.txt]
22/12/29 14:10:22 INFO TextDataConvertor: DataSet: exp00015/result/out-2.txt is finished
22/12/29 14:10:22 INFO TextDataConvertor: user number: 6000,	 item number is: 14623
22/12/29 14:10:22 INFO OracleAlgo: Job Train completed.
22/12/29 14:10:22 INFO OracleAlgo: begin recommend
22/12/29 14:10:24 INFO OracleAlgo: end recommend
22/12/29 14:10:24 INFO RecommenderJob: Evaluator info:NormalizedDCGEvaluator is 0.06201834568464502
22/12/29 14:10:24 INFO RecommenderJob: Evaluator info:PStatisticalParityEvaluator is -0.5893951828724905
22/12/29 14:10:24 INFO TextDataConvertor: Dataset: [../../../../data/split/cv_3/train.txt]
22/12/29 14:10:24 INFO TextDataConvertor: DataSet: .../../../../data/split/cv_3/train.txt is finished
22/12/29 14:10:24 INFO TextDataConvertor: rating Scale (real): 0.5 to 5.0
22/12/29 14:10:24 INFO TextDataConvertor: user number: 6000,	 item number is: 14623
22/12/29 14:10:24 INFO TextDataModel: Transform data to Convertor successfully!
22/12/29 14:10:24 INFO TextDataConvertor: Dataset: [../../../../data/split/cv_3/test.txt]
22/12/29 14:10:24 INFO TextDataConvertor: DataSet: ..../../../../data/split/cv_3/test.txt is finished
22/12/29 14:10:24 INFO TextDataConvertor: rating Scale (real): 0.5 to 5.0
22/12/29 14:10:24 INFO TextDataConvertor: user number: 6000,	 item number is: 14623
22/12/29 14:10:24 INFO TextDataModel: Split data to train Set and test Set successfully!
22/12/29 14:10:24 INFO TextDataModel: Data cardinality of training is 447256
22/12/29 14:10:24 INFO TextDataModel: Data cardinality of testing is 111814
22/12/29 14:10:24 INFO TextDataModel: Feature appender loaded successfully!
22/12/29 14:10:24 INFO OracleAlgo: Job Setup completed.
** Training model in OracleAlgo **
22/12/29 14:10:24 INFO TextDataConvertor: Dataset: [exp00015/result/out-3.txt]
22/12/29 14:10:24 INFO TextDataConvertor: DataSet: exp00015/result/out-3.txt is finished
22/12/29 14:10:24 INFO TextDataConvertor: user number: 6000,	 item number is: 14623
22/12/29 14:10:24 INFO OracleAlgo: Job Train completed.
22/12/29 14:10:24 INFO OracleAlgo: begin recommend
22/12/29 14:10:26 INFO OracleAlgo: end recommend
22/12/29 14:10:26 INFO RecommenderJob: Evaluator info:NormalizedDCGEvaluator is 0.06272049550554278
22/12/29 14:10:26 INFO RecommenderJob: Evaluator info:PStatisticalParityEvaluator is -0.5829562109026466
22/12/29 14:10:26 INFO TextDataConvertor: Dataset: [../../../../data/split/cv_4/train.txt]
22/12/29 14:10:26 INFO TextDataConvertor: DataSet: .../../../../data/split/cv_4/train.txt is finished
22/12/29 14:10:26 INFO TextDataConvertor: rating Scale (real): 0.5 to 5.0
22/12/29 14:10:26 INFO TextDataConvertor: user number: 6000,	 item number is: 14623
22/12/29 14:10:26 INFO TextDataModel: Transform data to Convertor successfully!
22/12/29 14:10:26 INFO TextDataConvertor: Dataset: [../../../../data/split/cv_4/test.txt]
22/12/29 14:10:26 INFO TextDataConvertor: DataSet: ..../../../../data/split/cv_4/test.txt is finished
22/12/29 14:10:26 INFO TextDataConvertor: rating Scale (real): 0.5 to 5.0
22/12/29 14:10:26 INFO TextDataConvertor: user number: 6000,	 item number is: 14623
22/12/29 14:10:26 INFO TextDataModel: Split data to train Set and test Set successfully!
22/12/29 14:10:26 INFO TextDataModel: Data cardinality of training is 447256
22/12/29 14:10:26 INFO TextDataModel: Data cardinality of testing is 111814
22/12/29 14:10:26 INFO TextDataModel: Feature appender loaded successfully!
22/12/29 14:10:27 INFO OracleAlgo: Job Setup completed.
** Training model in OracleAlgo **
22/12/29 14:10:27 INFO TextDataConvertor: Dataset: [exp00015/result/out-4.txt]
22/12/29 14:10:27 INFO TextDataConvertor: DataSet: exp00015/result/out-4.txt is finished
22/12/29 14:10:27 INFO TextDataConvertor: user number: 6000,	 item number is: 14623
22/12/29 14:10:27 INFO OracleAlgo: Job Train completed.
22/12/29 14:10:27 INFO OracleAlgo: begin recommend
22/12/29 14:10:28 INFO OracleAlgo: end recommend
22/12/29 14:10:28 INFO RecommenderJob: Evaluator info:NormalizedDCGEvaluator is 0.061078309518362885
22/12/29 14:10:28 INFO RecommenderJob: Evaluator info:PStatisticalParityEvaluator is -0.5909906676238889
22/12/29 14:10:28 INFO TextDataConvertor: Dataset: [../../../../data/split/cv_5/train.txt]
22/12/29 14:10:28 INFO TextDataConvertor: DataSet: .../../../../data/split/cv_5/train.txt is finished
22/12/29 14:10:28 INFO TextDataConvertor: rating Scale (real): 0.5 to 5.0
22/12/29 14:10:28 INFO TextDataConvertor: user number: 6000,	 item number is: 14623
22/12/29 14:10:28 INFO TextDataModel: Transform data to Convertor successfully!
22/12/29 14:10:28 INFO TextDataConvertor: Dataset: [../../../../data/split/cv_5/test.txt]
22/12/29 14:10:28 INFO TextDataConvertor: DataSet: ..../../../../data/split/cv_5/test.txt is finished
22/12/29 14:10:28 INFO TextDataConvertor: rating Scale (real): 0.5 to 5.0
22/12/29 14:10:28 INFO TextDataConvertor: user number: 6000,	 item number is: 14623
22/12/29 14:10:29 INFO TextDataModel: Split data to train Set and test Set successfully!
22/12/29 14:10:29 INFO TextDataModel: Data cardinality of training is 447256
22/12/29 14:10:29 INFO TextDataModel: Data cardinality of testing is 111814
22/12/29 14:10:29 INFO TextDataModel: Feature appender loaded successfully!
22/12/29 14:10:29 INFO OracleAlgo: Job Setup completed.
** Training model in OracleAlgo **
22/12/29 14:10:29 INFO TextDataConvertor: Dataset: [exp00015/result/out-5.txt]
22/12/29 14:10:29 INFO TextDataConvertor: DataSet: exp00015/result/out-5.txt is finished
22/12/29 14:10:29 INFO TextDataConvertor: user number: 6000,	 item number is: 14623
22/12/29 14:10:29 INFO OracleAlgo: Job Train completed.
22/12/29 14:10:29 INFO OracleAlgo: begin recommend
22/12/29 14:10:30 INFO OracleAlgo: end recommend
22/12/29 14:10:30 INFO RecommenderJob: Evaluator info:NormalizedDCGEvaluator is 0.06249960621745436
22/12/29 14:10:30 INFO RecommenderJob: Evaluator info:PStatisticalParityEvaluator is -0.590627794670059
