22/12/28 19:30:15 INFO TextDataConvertor: Dataset: [../../../../data/ml_sample_6000.csv]
22/12/28 19:30:16 INFO TextDataConvertor: DataSet: ../../../../data/ml_sample_6000.csv is finished
22/12/28 19:30:16 INFO TextDataConvertor: rating Scale (real): 0.5 to 5.0
22/12/28 19:30:16 INFO TextDataConvertor: user number: 6000,	 item number is: 14623
22/12/28 19:30:16 INFO TextDataModel: Transform data to Convertor successfully!
22/12/28 19:30:18 INFO TextDataModel: Split data to train Set and test Set successfully!
22/12/28 19:30:18 INFO TextDataModel: Feature appender loaded successfully!
22/12/28 19:30:18 INFO TextDataConvertor: Dataset: [../../../../data/split/cv_1/train.txt]
22/12/28 19:30:18 INFO TextDataConvertor: DataSet: .../../../../data/split/cv_1/train.txt is finished
22/12/28 19:30:18 INFO TextDataConvertor: rating Scale (real): 0.5 to 5.0
22/12/28 19:30:18 INFO TextDataConvertor: user number: 6000,	 item number is: 14623
22/12/28 19:30:18 INFO TextDataModel: Transform data to Convertor successfully!
22/12/28 19:30:18 INFO TextDataConvertor: Dataset: [../../../../data/split/cv_1/test.txt]
22/12/28 19:30:18 INFO TextDataConvertor: DataSet: ..../../../../data/split/cv_1/test.txt is finished
22/12/28 19:30:18 INFO TextDataConvertor: rating Scale (real): 0.5 to 5.0
22/12/28 19:30:18 INFO TextDataConvertor: user number: 6000,	 item number is: 14623
22/12/28 19:30:19 INFO TextDataModel: Split data to train Set and test Set successfully!
22/12/28 19:30:19 INFO TextDataModel: Data cardinality of training is 447256
22/12/28 19:30:19 INFO TextDataModel: Data cardinality of testing is 111814
22/12/28 19:30:19 INFO TextDataModel: Feature appender loaded successfully!
22/12/28 19:30:19 INFO OracleAlgo: Job Setup completed.
** Training model in OracleAlgo **
22/12/28 19:30:19 INFO TextDataConvertor: Dataset: [exp00009/result/out-1.txt]
22/12/28 19:30:19 INFO TextDataConvertor: DataSet: exp00009/result/out-1.txt is finished
22/12/28 19:30:19 INFO TextDataConvertor: user number: 6000,	 item number is: 14623
22/12/28 19:30:19 INFO OracleAlgo: Job Train completed.
22/12/28 19:30:19 INFO OracleAlgo: begin recommend
22/12/28 19:30:21 INFO OracleAlgo: end recommend
22/12/28 19:30:21 INFO RecommenderJob: Evaluator info:NormalizedDCGEvaluator is 0.12245361303256083
22/12/28 19:30:21 INFO RecommenderJob: Evaluator info:PStatisticalParityEvaluator is -0.6155918807257623
22/12/28 19:30:21 INFO TextDataConvertor: Dataset: [../../../../data/split/cv_2/train.txt]
22/12/28 19:30:22 INFO TextDataConvertor: DataSet: .../../../../data/split/cv_2/train.txt is finished
22/12/28 19:30:22 INFO TextDataConvertor: rating Scale (real): 0.5 to 5.0
22/12/28 19:30:22 INFO TextDataConvertor: user number: 6000,	 item number is: 14623
22/12/28 19:30:22 INFO TextDataModel: Transform data to Convertor successfully!
22/12/28 19:30:22 INFO TextDataConvertor: Dataset: [../../../../data/split/cv_2/test.txt]
22/12/28 19:30:22 INFO TextDataConvertor: DataSet: ..../../../../data/split/cv_2/test.txt is finished
22/12/28 19:30:22 INFO TextDataConvertor: rating Scale (real): 0.5 to 5.0
22/12/28 19:30:22 INFO TextDataConvertor: user number: 6000,	 item number is: 14623
22/12/28 19:30:22 INFO TextDataModel: Split data to train Set and test Set successfully!
22/12/28 19:30:22 INFO TextDataModel: Data cardinality of training is 447256
22/12/28 19:30:22 INFO TextDataModel: Data cardinality of testing is 111814
22/12/28 19:30:22 INFO TextDataModel: Feature appender loaded successfully!
22/12/28 19:30:22 INFO OracleAlgo: Job Setup completed.
** Training model in OracleAlgo **
22/12/28 19:30:22 INFO TextDataConvertor: Dataset: [exp00009/result/out-2.txt]
22/12/28 19:30:22 INFO TextDataConvertor: DataSet: exp00009/result/out-2.txt is finished
22/12/28 19:30:22 INFO TextDataConvertor: user number: 6000,	 item number is: 14623
22/12/28 19:30:22 INFO OracleAlgo: Job Train completed.
22/12/28 19:30:22 INFO OracleAlgo: begin recommend
22/12/28 19:30:24 INFO OracleAlgo: end recommend
22/12/28 19:30:24 INFO RecommenderJob: Evaluator info:NormalizedDCGEvaluator is 0.12447823813215987
22/12/28 19:30:24 INFO RecommenderJob: Evaluator info:PStatisticalParityEvaluator is -0.612495985727085
22/12/28 19:30:24 INFO TextDataConvertor: Dataset: [../../../../data/split/cv_3/train.txt]
22/12/28 19:30:24 INFO TextDataConvertor: DataSet: .../../../../data/split/cv_3/train.txt is finished
22/12/28 19:30:24 INFO TextDataConvertor: rating Scale (real): 0.5 to 5.0
22/12/28 19:30:24 INFO TextDataConvertor: user number: 6000,	 item number is: 14623
22/12/28 19:30:24 INFO TextDataModel: Transform data to Convertor successfully!
22/12/28 19:30:24 INFO TextDataConvertor: Dataset: [../../../../data/split/cv_3/test.txt]
22/12/28 19:30:24 INFO TextDataConvertor: DataSet: ..../../../../data/split/cv_3/test.txt is finished
22/12/28 19:30:24 INFO TextDataConvertor: rating Scale (real): 0.5 to 5.0
22/12/28 19:30:24 INFO TextDataConvertor: user number: 6000,	 item number is: 14623
22/12/28 19:30:25 INFO TextDataModel: Split data to train Set and test Set successfully!
22/12/28 19:30:25 INFO TextDataModel: Data cardinality of training is 447256
22/12/28 19:30:25 INFO TextDataModel: Data cardinality of testing is 111814
22/12/28 19:30:25 INFO TextDataModel: Feature appender loaded successfully!
22/12/28 19:30:25 INFO OracleAlgo: Job Setup completed.
** Training model in OracleAlgo **
22/12/28 19:30:25 INFO TextDataConvertor: Dataset: [exp00009/result/out-3.txt]
22/12/28 19:30:25 INFO TextDataConvertor: DataSet: exp00009/result/out-3.txt is finished
22/12/28 19:30:25 INFO TextDataConvertor: user number: 6000,	 item number is: 14623
22/12/28 19:30:25 INFO OracleAlgo: Job Train completed.
22/12/28 19:30:25 INFO OracleAlgo: begin recommend
22/12/28 19:30:27 INFO OracleAlgo: end recommend
22/12/28 19:30:27 INFO RecommenderJob: Evaluator info:NormalizedDCGEvaluator is 0.1273039317031353
22/12/28 19:30:27 INFO RecommenderJob: Evaluator info:PStatisticalParityEvaluator is -0.6075638963360702
22/12/28 19:30:27 INFO TextDataConvertor: Dataset: [../../../../data/split/cv_4/train.txt]
22/12/28 19:30:27 INFO TextDataConvertor: DataSet: .../../../../data/split/cv_4/train.txt is finished
22/12/28 19:30:27 INFO TextDataConvertor: rating Scale (real): 0.5 to 5.0
22/12/28 19:30:27 INFO TextDataConvertor: user number: 6000,	 item number is: 14623
22/12/28 19:30:27 INFO TextDataModel: Transform data to Convertor successfully!
22/12/28 19:30:27 INFO TextDataConvertor: Dataset: [../../../../data/split/cv_4/test.txt]
22/12/28 19:30:27 INFO TextDataConvertor: DataSet: ..../../../../data/split/cv_4/test.txt is finished
22/12/28 19:30:27 INFO TextDataConvertor: rating Scale (real): 0.5 to 5.0
22/12/28 19:30:27 INFO TextDataConvertor: user number: 6000,	 item number is: 14623
22/12/28 19:30:27 INFO TextDataModel: Split data to train Set and test Set successfully!
22/12/28 19:30:27 INFO TextDataModel: Data cardinality of training is 447256
22/12/28 19:30:27 INFO TextDataModel: Data cardinality of testing is 111814
22/12/28 19:30:27 INFO TextDataModel: Feature appender loaded successfully!
22/12/28 19:30:27 INFO OracleAlgo: Job Setup completed.
** Training model in OracleAlgo **
22/12/28 19:30:27 INFO TextDataConvertor: Dataset: [exp00009/result/out-4.txt]
22/12/28 19:30:28 INFO TextDataConvertor: DataSet: exp00009/result/out-4.txt is finished
22/12/28 19:30:28 INFO TextDataConvertor: user number: 6000,	 item number is: 14623
22/12/28 19:30:28 INFO OracleAlgo: Job Train completed.
22/12/28 19:30:28 INFO OracleAlgo: begin recommend
22/12/28 19:30:29 INFO OracleAlgo: end recommend
22/12/28 19:30:29 INFO RecommenderJob: Evaluator info:NormalizedDCGEvaluator is 0.11307728692361474
22/12/28 19:30:29 INFO RecommenderJob: Evaluator info:PStatisticalParityEvaluator is -0.6203948312994105
22/12/28 19:30:29 INFO TextDataConvertor: Dataset: [../../../../data/split/cv_5/train.txt]
22/12/28 19:30:29 INFO TextDataConvertor: DataSet: .../../../../data/split/cv_5/train.txt is finished
22/12/28 19:30:29 INFO TextDataConvertor: rating Scale (real): 0.5 to 5.0
22/12/28 19:30:29 INFO TextDataConvertor: user number: 6000,	 item number is: 14623
22/12/28 19:30:29 INFO TextDataModel: Transform data to Convertor successfully!
22/12/28 19:30:29 INFO TextDataConvertor: Dataset: [../../../../data/split/cv_5/test.txt]
22/12/28 19:30:30 INFO TextDataConvertor: DataSet: ..../../../../data/split/cv_5/test.txt is finished
22/12/28 19:30:30 INFO TextDataConvertor: rating Scale (real): 0.5 to 5.0
22/12/28 19:30:30 INFO TextDataConvertor: user number: 6000,	 item number is: 14623
22/12/28 19:30:30 INFO TextDataModel: Split data to train Set and test Set successfully!
22/12/28 19:30:30 INFO TextDataModel: Data cardinality of training is 447256
22/12/28 19:30:30 INFO TextDataModel: Data cardinality of testing is 111814
22/12/28 19:30:30 INFO TextDataModel: Feature appender loaded successfully!
22/12/28 19:30:30 INFO OracleAlgo: Job Setup completed.
** Training model in OracleAlgo **
22/12/28 19:30:30 INFO TextDataConvertor: Dataset: [exp00009/result/out-5.txt]
22/12/28 19:30:30 INFO TextDataConvertor: DataSet: exp00009/result/out-5.txt is finished
22/12/28 19:30:30 INFO TextDataConvertor: user number: 6000,	 item number is: 14623
22/12/28 19:30:30 INFO OracleAlgo: Job Train completed.
22/12/28 19:30:30 INFO OracleAlgo: begin recommend
22/12/28 19:30:32 INFO OracleAlgo: end recommend
22/12/28 19:30:32 INFO RecommenderJob: Evaluator info:NormalizedDCGEvaluator is 0.13350639121766333
22/12/28 19:30:32 INFO RecommenderJob: Evaluator info:PStatisticalParityEvaluator is -0.6136648184582926
