22/12/28 17:52:24 INFO TextDataConvertor: Dataset: [../../../../data/ml_sample_6000.csv]
22/12/28 17:52:25 INFO TextDataConvertor: DataSet: ../../../../data/ml_sample_6000.csv is finished
22/12/28 17:52:25 INFO TextDataConvertor: rating Scale (real): 0.5 to 5.0
22/12/28 17:52:25 INFO TextDataConvertor: user number: 6000,	 item number is: 14623
22/12/28 17:52:25 INFO TextDataModel: Transform data to Convertor successfully!
22/12/28 17:52:26 INFO TextDataModel: Split data to train Set and test Set successfully!
22/12/28 17:52:26 INFO TextDataModel: Feature appender loaded successfully!
22/12/28 17:52:26 INFO TextDataConvertor: Dataset: [../../../../data/split/cv_1/train.txt]
22/12/28 17:52:27 INFO TextDataConvertor: DataSet: .../../../../data/split/cv_1/train.txt is finished
22/12/28 17:52:27 INFO TextDataConvertor: rating Scale (real): 0.5 to 5.0
22/12/28 17:52:27 INFO TextDataConvertor: user number: 6000,	 item number is: 14623
22/12/28 17:52:27 INFO TextDataModel: Transform data to Convertor successfully!
22/12/28 17:52:27 INFO TextDataConvertor: Dataset: [../../../../data/split/cv_1/test.txt]
22/12/28 17:52:27 INFO TextDataConvertor: DataSet: ..../../../../data/split/cv_1/test.txt is finished
22/12/28 17:52:27 INFO TextDataConvertor: rating Scale (real): 0.5 to 5.0
22/12/28 17:52:27 INFO TextDataConvertor: user number: 6000,	 item number is: 14623
22/12/28 17:52:27 INFO TextDataModel: Split data to train Set and test Set successfully!
22/12/28 17:52:27 INFO TextDataModel: Data cardinality of training is 447256
22/12/28 17:52:27 INFO TextDataModel: Data cardinality of testing is 111814
22/12/28 17:52:27 INFO TextDataModel: Feature appender loaded successfully!
22/12/28 17:52:27 INFO OracleAlgo: Job Setup completed.
** Training model in OracleAlgo **
22/12/28 17:52:27 INFO TextDataConvertor: Dataset: [exp00004/result/out-1.txt]
22/12/28 17:52:27 INFO TextDataConvertor: DataSet: exp00004/result/out-1.txt is finished
22/12/28 17:52:27 INFO TextDataConvertor: user number: 6000,	 item number is: 14623
22/12/28 17:52:27 INFO OracleAlgo: Job Train completed.
22/12/28 17:52:27 INFO OracleAlgo: begin recommend
22/12/28 17:52:29 INFO OracleAlgo: end recommend
22/12/28 17:52:29 INFO RecommenderJob: Evaluator info:NormalizedDCGEvaluator is 0.061089223536535016
22/12/28 17:52:29 INFO RecommenderJob: Evaluator info:PStatisticalParityEvaluator is -0.5525776899587449
22/12/28 17:52:29 INFO TextDataConvertor: Dataset: [../../../../data/split/cv_2/train.txt]
22/12/28 17:52:30 INFO TextDataConvertor: DataSet: .../../../../data/split/cv_2/train.txt is finished
22/12/28 17:52:30 INFO TextDataConvertor: rating Scale (real): 0.5 to 5.0
22/12/28 17:52:30 INFO TextDataConvertor: user number: 6000,	 item number is: 14623
22/12/28 17:52:30 INFO TextDataModel: Transform data to Convertor successfully!
22/12/28 17:52:30 INFO TextDataConvertor: Dataset: [../../../../data/split/cv_2/test.txt]
22/12/28 17:52:30 INFO TextDataConvertor: DataSet: ..../../../../data/split/cv_2/test.txt is finished
22/12/28 17:52:30 INFO TextDataConvertor: rating Scale (real): 0.5 to 5.0
22/12/28 17:52:30 INFO TextDataConvertor: user number: 6000,	 item number is: 14623
22/12/28 17:52:30 INFO TextDataModel: Split data to train Set and test Set successfully!
22/12/28 17:52:30 INFO TextDataModel: Data cardinality of training is 447256
22/12/28 17:52:30 INFO TextDataModel: Data cardinality of testing is 111814
22/12/28 17:52:30 INFO TextDataModel: Feature appender loaded successfully!
22/12/28 17:52:30 INFO OracleAlgo: Job Setup completed.
** Training model in OracleAlgo **
22/12/28 17:52:30 INFO TextDataConvertor: Dataset: [exp00004/result/out-2.txt]
22/12/28 17:52:30 INFO TextDataConvertor: DataSet: exp00004/result/out-2.txt is finished
22/12/28 17:52:30 INFO TextDataConvertor: user number: 6000,	 item number is: 14623
22/12/28 17:52:30 INFO OracleAlgo: Job Train completed.
22/12/28 17:52:30 INFO OracleAlgo: begin recommend
22/12/28 17:52:32 INFO OracleAlgo: end recommend
22/12/28 17:52:32 INFO RecommenderJob: Evaluator info:NormalizedDCGEvaluator is 0.058547945107832886
22/12/28 17:52:32 INFO RecommenderJob: Evaluator info:PStatisticalParityEvaluator is -0.5488099910794494
22/12/28 17:52:32 INFO TextDataConvertor: Dataset: [../../../../data/split/cv_3/train.txt]
22/12/28 17:52:32 INFO TextDataConvertor: DataSet: .../../../../data/split/cv_3/train.txt is finished
22/12/28 17:52:32 INFO TextDataConvertor: rating Scale (real): 0.5 to 5.0
22/12/28 17:52:32 INFO TextDataConvertor: user number: 6000,	 item number is: 14623
22/12/28 17:52:32 INFO TextDataModel: Transform data to Convertor successfully!
22/12/28 17:52:32 INFO TextDataConvertor: Dataset: [../../../../data/split/cv_3/test.txt]
22/12/28 17:52:32 INFO TextDataConvertor: DataSet: ..../../../../data/split/cv_3/test.txt is finished
22/12/28 17:52:32 INFO TextDataConvertor: rating Scale (real): 0.5 to 5.0
22/12/28 17:52:32 INFO TextDataConvertor: user number: 6000,	 item number is: 14623
22/12/28 17:52:32 INFO TextDataModel: Split data to train Set and test Set successfully!
22/12/28 17:52:32 INFO TextDataModel: Data cardinality of training is 447256
22/12/28 17:52:32 INFO TextDataModel: Data cardinality of testing is 111814
22/12/28 17:52:32 INFO TextDataModel: Feature appender loaded successfully!
22/12/28 17:52:32 INFO OracleAlgo: Job Setup completed.
** Training model in OracleAlgo **
22/12/28 17:52:32 INFO TextDataConvertor: Dataset: [exp00004/result/out-3.txt]
22/12/28 17:52:32 INFO TextDataConvertor: DataSet: exp00004/result/out-3.txt is finished
22/12/28 17:52:32 INFO TextDataConvertor: user number: 6000,	 item number is: 14623
22/12/28 17:52:32 INFO OracleAlgo: Job Train completed.
22/12/28 17:52:32 INFO OracleAlgo: begin recommend
22/12/28 17:52:34 INFO OracleAlgo: end recommend
22/12/28 17:52:34 INFO RecommenderJob: Evaluator info:NormalizedDCGEvaluator is 0.05986050922274343
22/12/28 17:52:34 INFO RecommenderJob: Evaluator info:PStatisticalParityEvaluator is -0.52866487935663
22/12/28 17:52:34 INFO TextDataConvertor: Dataset: [../../../../data/split/cv_4/train.txt]
22/12/28 17:52:34 INFO TextDataConvertor: DataSet: .../../../../data/split/cv_4/train.txt is finished
22/12/28 17:52:34 INFO TextDataConvertor: rating Scale (real): 0.5 to 5.0
22/12/28 17:52:34 INFO TextDataConvertor: user number: 6000,	 item number is: 14623
22/12/28 17:52:34 INFO TextDataModel: Transform data to Convertor successfully!
22/12/28 17:52:34 INFO TextDataConvertor: Dataset: [../../../../data/split/cv_4/test.txt]
22/12/28 17:52:34 INFO TextDataConvertor: DataSet: ..../../../../data/split/cv_4/test.txt is finished
22/12/28 17:52:34 INFO TextDataConvertor: rating Scale (real): 0.5 to 5.0
22/12/28 17:52:34 INFO TextDataConvertor: user number: 6000,	 item number is: 14623
22/12/28 17:52:34 INFO TextDataModel: Split data to train Set and test Set successfully!
22/12/28 17:52:34 INFO TextDataModel: Data cardinality of training is 447256
22/12/28 17:52:34 INFO TextDataModel: Data cardinality of testing is 111814
22/12/28 17:52:35 INFO TextDataModel: Feature appender loaded successfully!
22/12/28 17:52:35 INFO OracleAlgo: Job Setup completed.
** Training model in OracleAlgo **
22/12/28 17:52:35 INFO TextDataConvertor: Dataset: [exp00004/result/out-4.txt]
22/12/28 17:52:35 INFO TextDataConvertor: DataSet: exp00004/result/out-4.txt is finished
22/12/28 17:52:35 INFO TextDataConvertor: user number: 6000,	 item number is: 14623
22/12/28 17:52:35 INFO OracleAlgo: Job Train completed.
22/12/28 17:52:35 INFO OracleAlgo: begin recommend
22/12/28 17:52:36 INFO OracleAlgo: end recommend
22/12/28 17:52:36 INFO RecommenderJob: Evaluator info:NormalizedDCGEvaluator is 0.061532440657930725
22/12/28 17:52:36 INFO RecommenderJob: Evaluator info:PStatisticalParityEvaluator is -0.574134960516921
22/12/28 17:52:36 INFO TextDataConvertor: Dataset: [../../../../data/split/cv_5/train.txt]
22/12/28 17:52:36 INFO TextDataConvertor: DataSet: .../../../../data/split/cv_5/train.txt is finished
22/12/28 17:52:36 INFO TextDataConvertor: rating Scale (real): 0.5 to 5.0
22/12/28 17:52:36 INFO TextDataConvertor: user number: 6000,	 item number is: 14623
22/12/28 17:52:36 INFO TextDataModel: Transform data to Convertor successfully!
22/12/28 17:52:36 INFO TextDataConvertor: Dataset: [../../../../data/split/cv_5/test.txt]
22/12/28 17:52:36 INFO TextDataConvertor: DataSet: ..../../../../data/split/cv_5/test.txt is finished
22/12/28 17:52:36 INFO TextDataConvertor: rating Scale (real): 0.5 to 5.0
22/12/28 17:52:36 INFO TextDataConvertor: user number: 6000,	 item number is: 14623
22/12/28 17:52:37 INFO TextDataModel: Split data to train Set and test Set successfully!
22/12/28 17:52:37 INFO TextDataModel: Data cardinality of training is 447256
22/12/28 17:52:37 INFO TextDataModel: Data cardinality of testing is 111814
22/12/28 17:52:37 INFO TextDataModel: Feature appender loaded successfully!
22/12/28 17:52:37 INFO OracleAlgo: Job Setup completed.
** Training model in OracleAlgo **
22/12/28 17:52:37 INFO TextDataConvertor: Dataset: [exp00004/result/out-5.txt]
22/12/28 17:52:37 INFO TextDataConvertor: DataSet: exp00004/result/out-5.txt is finished
22/12/28 17:52:37 INFO TextDataConvertor: user number: 6000,	 item number is: 14623
22/12/28 17:52:37 INFO OracleAlgo: Job Train completed.
22/12/28 17:52:37 INFO OracleAlgo: begin recommend
22/12/28 17:52:38 INFO OracleAlgo: end recommend
22/12/28 17:52:38 INFO RecommenderJob: Evaluator info:NormalizedDCGEvaluator is 0.06054563351349302
22/12/28 17:52:38 INFO RecommenderJob: Evaluator info:PStatisticalParityEvaluator is -0.5766624932928454
