22/12/28 17:37:18 INFO TextDataConvertor: Dataset: [../../../../data/ml_sample_6000.csv]
22/12/28 17:37:18 INFO TextDataConvertor: DataSet: ../../../../data/ml_sample_6000.csv is finished
22/12/28 17:37:18 INFO TextDataConvertor: rating Scale (real): 0.5 to 5.0
22/12/28 17:37:18 INFO TextDataConvertor: user number: 6000,	 item number is: 14623
22/12/28 17:37:18 INFO TextDataModel: Transform data to Convertor successfully!
22/12/28 17:37:19 INFO TextDataModel: Split data to train Set and test Set successfully!
22/12/28 17:37:20 INFO TextDataModel: Feature appender loaded successfully!
22/12/28 17:37:20 INFO TextDataConvertor: Dataset: [../../../../data/split/cv_1/train.txt]
22/12/28 17:37:20 INFO TextDataConvertor: DataSet: .../../../../data/split/cv_1/train.txt is finished
22/12/28 17:37:20 INFO TextDataConvertor: rating Scale (real): 0.5 to 5.0
22/12/28 17:37:20 INFO TextDataConvertor: user number: 6000,	 item number is: 14623
22/12/28 17:37:20 INFO TextDataModel: Transform data to Convertor successfully!
22/12/28 17:37:20 INFO TextDataConvertor: Dataset: [../../../../data/split/cv_1/test.txt]
22/12/28 17:37:20 INFO TextDataConvertor: DataSet: ..../../../../data/split/cv_1/test.txt is finished
22/12/28 17:37:20 INFO TextDataConvertor: rating Scale (real): 0.5 to 5.0
22/12/28 17:37:20 INFO TextDataConvertor: user number: 6000,	 item number is: 14623
22/12/28 17:37:20 INFO TextDataModel: Split data to train Set and test Set successfully!
22/12/28 17:37:20 INFO TextDataModel: Data cardinality of training is 447256
22/12/28 17:37:20 INFO TextDataModel: Data cardinality of testing is 111814
22/12/28 17:37:20 INFO TextDataModel: Feature appender loaded successfully!
22/12/28 17:37:20 INFO OracleAlgo: Job Setup completed.
** Training model in OracleAlgo **
22/12/28 17:37:20 INFO TextDataConvertor: Dataset: [exp00003/result/out-1.txt]
22/12/28 17:37:20 INFO TextDataConvertor: DataSet: exp00003/result/out-1.txt is finished
22/12/28 17:37:20 INFO TextDataConvertor: user number: 6000,	 item number is: 14623
22/12/28 17:37:20 INFO OracleAlgo: Job Train completed.
22/12/28 17:37:20 INFO OracleAlgo: begin recommend
22/12/28 17:37:22 INFO OracleAlgo: end recommend
22/12/28 17:37:22 INFO RecommenderJob: Evaluator info:NormalizedDCGEvaluator is 0.05905502291983577
22/12/28 17:37:22 INFO RecommenderJob: Evaluator info:PStatisticalParityEvaluator is -0.40497934255429213
22/12/28 17:37:22 INFO TextDataConvertor: Dataset: [../../../../data/split/cv_2/train.txt]
22/12/28 17:37:22 INFO TextDataConvertor: DataSet: .../../../../data/split/cv_2/train.txt is finished
22/12/28 17:37:22 INFO TextDataConvertor: rating Scale (real): 0.5 to 5.0
22/12/28 17:37:22 INFO TextDataConvertor: user number: 6000,	 item number is: 14623
22/12/28 17:37:22 INFO TextDataModel: Transform data to Convertor successfully!
22/12/28 17:37:22 INFO TextDataConvertor: Dataset: [../../../../data/split/cv_2/test.txt]
22/12/28 17:37:22 INFO TextDataConvertor: DataSet: ..../../../../data/split/cv_2/test.txt is finished
22/12/28 17:37:22 INFO TextDataConvertor: rating Scale (real): 0.5 to 5.0
22/12/28 17:37:22 INFO TextDataConvertor: user number: 6000,	 item number is: 14623
22/12/28 17:37:23 INFO TextDataModel: Split data to train Set and test Set successfully!
22/12/28 17:37:23 INFO TextDataModel: Data cardinality of training is 447256
22/12/28 17:37:23 INFO TextDataModel: Data cardinality of testing is 111814
22/12/28 17:37:23 INFO TextDataModel: Feature appender loaded successfully!
22/12/28 17:37:23 INFO OracleAlgo: Job Setup completed.
** Training model in OracleAlgo **
22/12/28 17:37:23 INFO TextDataConvertor: Dataset: [exp00003/result/out-2.txt]
22/12/28 17:37:23 INFO TextDataConvertor: DataSet: exp00003/result/out-2.txt is finished
22/12/28 17:37:23 INFO TextDataConvertor: user number: 6000,	 item number is: 14623
22/12/28 17:37:23 INFO OracleAlgo: Job Train completed.
22/12/28 17:37:23 INFO OracleAlgo: begin recommend
22/12/28 17:37:24 INFO OracleAlgo: end recommend
22/12/28 17:37:24 INFO RecommenderJob: Evaluator info:NormalizedDCGEvaluator is 0.05462888557295071
22/12/28 17:37:24 INFO RecommenderJob: Evaluator info:PStatisticalParityEvaluator is -0.40159857270289745
22/12/28 17:37:24 INFO TextDataConvertor: Dataset: [../../../../data/split/cv_3/train.txt]
22/12/28 17:37:24 INFO TextDataConvertor: DataSet: .../../../../data/split/cv_3/train.txt is finished
22/12/28 17:37:24 INFO TextDataConvertor: rating Scale (real): 0.5 to 5.0
22/12/28 17:37:24 INFO TextDataConvertor: user number: 6000,	 item number is: 14623
22/12/28 17:37:24 INFO TextDataModel: Transform data to Convertor successfully!
22/12/28 17:37:24 INFO TextDataConvertor: Dataset: [../../../../data/split/cv_3/test.txt]
22/12/28 17:37:25 INFO TextDataConvertor: DataSet: ..../../../../data/split/cv_3/test.txt is finished
22/12/28 17:37:25 INFO TextDataConvertor: rating Scale (real): 0.5 to 5.0
22/12/28 17:37:25 INFO TextDataConvertor: user number: 6000,	 item number is: 14623
22/12/28 17:37:25 INFO TextDataModel: Split data to train Set and test Set successfully!
22/12/28 17:37:25 INFO TextDataModel: Data cardinality of training is 447256
22/12/28 17:37:25 INFO TextDataModel: Data cardinality of testing is 111814
22/12/28 17:37:25 INFO TextDataModel: Feature appender loaded successfully!
22/12/28 17:37:25 INFO OracleAlgo: Job Setup completed.
** Training model in OracleAlgo **
22/12/28 17:37:25 INFO TextDataConvertor: Dataset: [exp00003/result/out-3.txt]
22/12/28 17:37:25 INFO TextDataConvertor: DataSet: exp00003/result/out-3.txt is finished
22/12/28 17:37:25 INFO TextDataConvertor: user number: 6000,	 item number is: 14623
22/12/28 17:37:25 INFO OracleAlgo: Job Train completed.
22/12/28 17:37:25 INFO OracleAlgo: begin recommend
22/12/28 17:37:26 INFO OracleAlgo: end recommend
22/12/28 17:37:26 INFO RecommenderJob: Evaluator info:NormalizedDCGEvaluator is 0.057741557773565606
22/12/28 17:37:26 INFO RecommenderJob: Evaluator info:PStatisticalParityEvaluator is -0.4017372654155032
22/12/28 17:37:26 INFO TextDataConvertor: Dataset: [../../../../data/split/cv_4/train.txt]
22/12/28 17:37:27 INFO TextDataConvertor: DataSet: .../../../../data/split/cv_4/train.txt is finished
22/12/28 17:37:27 INFO TextDataConvertor: rating Scale (real): 0.5 to 5.0
22/12/28 17:37:27 INFO TextDataConvertor: user number: 6000,	 item number is: 14623
22/12/28 17:37:27 INFO TextDataModel: Transform data to Convertor successfully!
22/12/28 17:37:27 INFO TextDataConvertor: Dataset: [../../../../data/split/cv_4/test.txt]
22/12/28 17:37:27 INFO TextDataConvertor: DataSet: ..../../../../data/split/cv_4/test.txt is finished
22/12/28 17:37:27 INFO TextDataConvertor: rating Scale (real): 0.5 to 5.0
22/12/28 17:37:27 INFO TextDataConvertor: user number: 6000,	 item number is: 14623
22/12/28 17:37:27 INFO TextDataModel: Split data to train Set and test Set successfully!
22/12/28 17:37:27 INFO TextDataModel: Data cardinality of training is 447256
22/12/28 17:37:27 INFO TextDataModel: Data cardinality of testing is 111814
22/12/28 17:37:27 INFO TextDataModel: Feature appender loaded successfully!
22/12/28 17:37:27 INFO OracleAlgo: Job Setup completed.
** Training model in OracleAlgo **
22/12/28 17:37:27 INFO TextDataConvertor: Dataset: [exp00003/result/out-4.txt]
22/12/28 17:37:27 INFO TextDataConvertor: DataSet: exp00003/result/out-4.txt is finished
22/12/28 17:37:27 INFO TextDataConvertor: user number: 6000,	 item number is: 14623
22/12/28 17:37:27 INFO OracleAlgo: Job Train completed.
22/12/28 17:37:27 INFO OracleAlgo: begin recommend
22/12/28 17:37:28 INFO OracleAlgo: end recommend
22/12/28 17:37:28 INFO RecommenderJob: Evaluator info:NormalizedDCGEvaluator is 0.05620523674002466
22/12/28 17:37:28 INFO RecommenderJob: Evaluator info:PStatisticalParityEvaluator is -0.40608758076090196
22/12/28 17:37:28 INFO TextDataConvertor: Dataset: [../../../../data/split/cv_5/train.txt]
22/12/28 17:37:29 INFO TextDataConvertor: DataSet: .../../../../data/split/cv_5/train.txt is finished
22/12/28 17:37:29 INFO TextDataConvertor: rating Scale (real): 0.5 to 5.0
22/12/28 17:37:29 INFO TextDataConvertor: user number: 6000,	 item number is: 14623
22/12/28 17:37:29 INFO TextDataModel: Transform data to Convertor successfully!
22/12/28 17:37:29 INFO TextDataConvertor: Dataset: [../../../../data/split/cv_5/test.txt]
22/12/28 17:37:29 INFO TextDataConvertor: DataSet: ..../../../../data/split/cv_5/test.txt is finished
22/12/28 17:37:29 INFO TextDataConvertor: rating Scale (real): 0.5 to 5.0
22/12/28 17:37:29 INFO TextDataConvertor: user number: 6000,	 item number is: 14623
22/12/28 17:37:29 INFO TextDataModel: Split data to train Set and test Set successfully!
22/12/28 17:37:29 INFO TextDataModel: Data cardinality of training is 447256
22/12/28 17:37:29 INFO TextDataModel: Data cardinality of testing is 111814
22/12/28 17:37:29 INFO TextDataModel: Feature appender loaded successfully!
22/12/28 17:37:29 INFO OracleAlgo: Job Setup completed.
** Training model in OracleAlgo **
22/12/28 17:37:29 INFO TextDataConvertor: Dataset: [exp00003/result/out-5.txt]
22/12/28 17:37:29 INFO TextDataConvertor: DataSet: exp00003/result/out-5.txt is finished
22/12/28 17:37:29 INFO TextDataConvertor: user number: 6000,	 item number is: 14623
22/12/28 17:37:29 INFO OracleAlgo: Job Train completed.
22/12/28 17:37:29 INFO OracleAlgo: begin recommend
22/12/28 17:37:30 INFO OracleAlgo: end recommend
22/12/28 17:37:30 INFO RecommenderJob: Evaluator info:NormalizedDCGEvaluator is 0.053365947085209184
22/12/28 17:37:30 INFO RecommenderJob: Evaluator info:PStatisticalParityEvaluator is -0.4019531389733036
