22/12/28 20:08:03 INFO TextDataConvertor: Dataset: [../../../../data/ml_sample_6000.csv]
22/12/28 20:08:04 INFO TextDataConvertor: DataSet: ../../../../data/ml_sample_6000.csv is finished
22/12/28 20:08:04 INFO TextDataConvertor: rating Scale (real): 0.5 to 5.0
22/12/28 20:08:04 INFO TextDataConvertor: user number: 6000,	 item number is: 14623
22/12/28 20:08:04 INFO TextDataModel: Transform data to Convertor successfully!
22/12/28 20:08:06 INFO TextDataModel: Split data to train Set and test Set successfully!
22/12/28 20:08:06 INFO TextDataModel: Feature appender loaded successfully!
22/12/28 20:08:06 INFO TextDataConvertor: Dataset: [../../../../data/split/cv_1/train.txt]
22/12/28 20:08:06 INFO TextDataConvertor: DataSet: .../../../../data/split/cv_1/train.txt is finished
22/12/28 20:08:06 INFO TextDataConvertor: rating Scale (real): 0.5 to 5.0
22/12/28 20:08:06 INFO TextDataConvertor: user number: 6000,	 item number is: 14623
22/12/28 20:08:06 INFO TextDataModel: Transform data to Convertor successfully!
22/12/28 20:08:06 INFO TextDataConvertor: Dataset: [../../../../data/split/cv_1/test.txt]
22/12/28 20:08:07 INFO TextDataConvertor: DataSet: ..../../../../data/split/cv_1/test.txt is finished
22/12/28 20:08:07 INFO TextDataConvertor: rating Scale (real): 0.5 to 5.0
22/12/28 20:08:07 INFO TextDataConvertor: user number: 6000,	 item number is: 14623
22/12/28 20:08:07 INFO TextDataModel: Split data to train Set and test Set successfully!
22/12/28 20:08:07 INFO TextDataModel: Data cardinality of training is 447256
22/12/28 20:08:07 INFO TextDataModel: Data cardinality of testing is 111814
22/12/28 20:08:07 INFO TextDataModel: Feature appender loaded successfully!
22/12/28 20:08:07 INFO OracleAlgo: Job Setup completed.
** Training model in OracleAlgo **
22/12/28 20:08:07 INFO TextDataConvertor: Dataset: [exp00011/result/out-1.txt]
22/12/28 20:08:07 INFO TextDataConvertor: DataSet: exp00011/result/out-1.txt is finished
22/12/28 20:08:07 INFO TextDataConvertor: user number: 6000,	 item number is: 14623
22/12/28 20:08:07 INFO OracleAlgo: Job Train completed.
22/12/28 20:08:07 INFO OracleAlgo: begin recommend
22/12/28 20:08:09 INFO OracleAlgo: end recommend
22/12/28 20:08:10 INFO RecommenderJob: Evaluator info:NormalizedDCGEvaluator is 0.06083697582840755
22/12/28 20:08:10 INFO RecommenderJob: Evaluator info:PStatisticalParityEvaluator is -0.6122579486258882
22/12/28 20:08:10 INFO TextDataConvertor: Dataset: [../../../../data/split/cv_2/train.txt]
22/12/28 20:08:10 INFO TextDataConvertor: DataSet: .../../../../data/split/cv_2/train.txt is finished
22/12/28 20:08:10 INFO TextDataConvertor: rating Scale (real): 0.5 to 5.0
22/12/28 20:08:10 INFO TextDataConvertor: user number: 6000,	 item number is: 14623
22/12/28 20:08:10 INFO TextDataModel: Transform data to Convertor successfully!
22/12/28 20:08:10 INFO TextDataConvertor: Dataset: [../../../../data/split/cv_2/test.txt]
22/12/28 20:08:10 INFO TextDataConvertor: DataSet: ..../../../../data/split/cv_2/test.txt is finished
22/12/28 20:08:10 INFO TextDataConvertor: rating Scale (real): 0.5 to 5.0
22/12/28 20:08:10 INFO TextDataConvertor: user number: 6000,	 item number is: 14623
22/12/28 20:08:11 INFO TextDataModel: Split data to train Set and test Set successfully!
22/12/28 20:08:11 INFO TextDataModel: Data cardinality of training is 447256
22/12/28 20:08:11 INFO TextDataModel: Data cardinality of testing is 111814
22/12/28 20:08:11 INFO TextDataModel: Feature appender loaded successfully!
22/12/28 20:08:11 INFO OracleAlgo: Job Setup completed.
** Training model in OracleAlgo **
22/12/28 20:08:11 INFO TextDataConvertor: Dataset: [exp00011/result/out-2.txt]
22/12/28 20:08:11 INFO TextDataConvertor: DataSet: exp00011/result/out-2.txt is finished
22/12/28 20:08:11 INFO TextDataConvertor: user number: 6000,	 item number is: 14623
22/12/28 20:08:11 INFO OracleAlgo: Job Train completed.
22/12/28 20:08:11 INFO OracleAlgo: begin recommend
22/12/28 20:08:12 INFO OracleAlgo: end recommend
22/12/28 20:08:12 INFO RecommenderJob: Evaluator info:NormalizedDCGEvaluator is 0.059467899486940666
22/12/28 20:08:12 INFO RecommenderJob: Evaluator info:PStatisticalParityEvaluator is -0.6125602140946145
22/12/28 20:08:12 INFO TextDataConvertor: Dataset: [../../../../data/split/cv_3/train.txt]
22/12/28 20:08:13 INFO TextDataConvertor: DataSet: .../../../../data/split/cv_3/train.txt is finished
22/12/28 20:08:13 INFO TextDataConvertor: rating Scale (real): 0.5 to 5.0
22/12/28 20:08:13 INFO TextDataConvertor: user number: 6000,	 item number is: 14623
22/12/28 20:08:13 INFO TextDataModel: Transform data to Convertor successfully!
22/12/28 20:08:13 INFO TextDataConvertor: Dataset: [../../../../data/split/cv_3/test.txt]
22/12/28 20:08:13 INFO TextDataConvertor: DataSet: ..../../../../data/split/cv_3/test.txt is finished
22/12/28 20:08:13 INFO TextDataConvertor: rating Scale (real): 0.5 to 5.0
22/12/28 20:08:13 INFO TextDataConvertor: user number: 6000,	 item number is: 14623
22/12/28 20:08:13 INFO TextDataModel: Split data to train Set and test Set successfully!
22/12/28 20:08:13 INFO TextDataModel: Data cardinality of training is 447256
22/12/28 20:08:13 INFO TextDataModel: Data cardinality of testing is 111814
22/12/28 20:08:13 INFO TextDataModel: Feature appender loaded successfully!
22/12/28 20:08:13 INFO OracleAlgo: Job Setup completed.
** Training model in OracleAlgo **
22/12/28 20:08:13 INFO TextDataConvertor: Dataset: [exp00011/result/out-3.txt]
22/12/28 20:08:14 INFO TextDataConvertor: DataSet: exp00011/result/out-3.txt is finished
22/12/28 20:08:14 INFO TextDataConvertor: user number: 6000,	 item number is: 14623
22/12/28 20:08:14 INFO OracleAlgo: Job Train completed.
22/12/28 20:08:14 INFO OracleAlgo: begin recommend
22/12/28 20:08:15 INFO OracleAlgo: end recommend
22/12/28 20:08:15 INFO RecommenderJob: Evaluator info:NormalizedDCGEvaluator is 0.06066040571660769
22/12/28 20:08:15 INFO RecommenderJob: Evaluator info:PStatisticalParityEvaluator is -0.6121680071492984
22/12/28 20:08:15 INFO TextDataConvertor: Dataset: [../../../../data/split/cv_4/train.txt]
22/12/28 20:08:16 INFO TextDataConvertor: DataSet: .../../../../data/split/cv_4/train.txt is finished
22/12/28 20:08:16 INFO TextDataConvertor: rating Scale (real): 0.5 to 5.0
22/12/28 20:08:16 INFO TextDataConvertor: user number: 6000,	 item number is: 14623
22/12/28 20:08:16 INFO TextDataModel: Transform data to Convertor successfully!
22/12/28 20:08:16 INFO TextDataConvertor: Dataset: [../../../../data/split/cv_4/test.txt]
22/12/28 20:08:16 INFO TextDataConvertor: DataSet: ..../../../../data/split/cv_4/test.txt is finished
22/12/28 20:08:16 INFO TextDataConvertor: rating Scale (real): 0.5 to 5.0
22/12/28 20:08:16 INFO TextDataConvertor: user number: 6000,	 item number is: 14623
22/12/28 20:08:16 INFO TextDataModel: Split data to train Set and test Set successfully!
22/12/28 20:08:16 INFO TextDataModel: Data cardinality of training is 447256
22/12/28 20:08:16 INFO TextDataModel: Data cardinality of testing is 111814
22/12/28 20:08:16 INFO TextDataModel: Feature appender loaded successfully!
22/12/28 20:08:16 INFO OracleAlgo: Job Setup completed.
** Training model in OracleAlgo **
22/12/28 20:08:16 INFO TextDataConvertor: Dataset: [exp00011/result/out-4.txt]
22/12/28 20:08:16 INFO TextDataConvertor: DataSet: exp00011/result/out-4.txt is finished
22/12/28 20:08:16 INFO TextDataConvertor: user number: 6000,	 item number is: 14623
22/12/28 20:08:16 INFO OracleAlgo: Job Train completed.
22/12/28 20:08:16 INFO OracleAlgo: begin recommend
22/12/28 20:08:18 INFO OracleAlgo: end recommend
22/12/28 20:08:18 INFO RecommenderJob: Evaluator info:NormalizedDCGEvaluator is 0.059282732306535836
22/12/28 20:08:18 INFO RecommenderJob: Evaluator info:PStatisticalParityEvaluator is -0.6127351040919442
22/12/28 20:08:18 INFO TextDataConvertor: Dataset: [../../../../data/split/cv_5/train.txt]
22/12/28 20:08:19 INFO TextDataConvertor: DataSet: .../../../../data/split/cv_5/train.txt is finished
22/12/28 20:08:19 INFO TextDataConvertor: rating Scale (real): 0.5 to 5.0
22/12/28 20:08:19 INFO TextDataConvertor: user number: 6000,	 item number is: 14623
22/12/28 20:08:19 INFO TextDataModel: Transform data to Convertor successfully!
22/12/28 20:08:19 INFO TextDataConvertor: Dataset: [../../../../data/split/cv_5/test.txt]
22/12/28 20:08:19 INFO TextDataConvertor: DataSet: ..../../../../data/split/cv_5/test.txt is finished
22/12/28 20:08:19 INFO TextDataConvertor: rating Scale (real): 0.5 to 5.0
22/12/28 20:08:19 INFO TextDataConvertor: user number: 6000,	 item number is: 14623
22/12/28 20:08:19 INFO TextDataModel: Split data to train Set and test Set successfully!
22/12/28 20:08:19 INFO TextDataModel: Data cardinality of training is 447256
22/12/28 20:08:19 INFO TextDataModel: Data cardinality of testing is 111814
22/12/28 20:08:19 INFO TextDataModel: Feature appender loaded successfully!
22/12/28 20:08:19 INFO OracleAlgo: Job Setup completed.
** Training model in OracleAlgo **
22/12/28 20:08:19 INFO TextDataConvertor: Dataset: [exp00011/result/out-5.txt]
22/12/28 20:08:19 INFO TextDataConvertor: DataSet: exp00011/result/out-5.txt is finished
22/12/28 20:08:19 INFO TextDataConvertor: user number: 6000,	 item number is: 14623
22/12/28 20:08:19 INFO OracleAlgo: Job Train completed.
22/12/28 20:08:19 INFO OracleAlgo: begin recommend
22/12/28 20:08:21 INFO OracleAlgo: end recommend
22/12/28 20:08:21 INFO RecommenderJob: Evaluator info:NormalizedDCGEvaluator is 0.060220084451085044
22/12/28 20:08:21 INFO RecommenderJob: Evaluator info:PStatisticalParityEvaluator is -0.6116401359328056
