22/12/28 19:10:45 INFO TextDataConvertor: Dataset: [../../../../data/ml_sample_6000.csv]
22/12/28 19:10:45 INFO TextDataConvertor: DataSet: ../../../../data/ml_sample_6000.csv is finished
22/12/28 19:10:46 INFO TextDataConvertor: rating Scale (real): 0.5 to 5.0
22/12/28 19:10:46 INFO TextDataConvertor: user number: 6000,	 item number is: 14623
22/12/28 19:10:46 INFO TextDataModel: Transform data to Convertor successfully!
22/12/28 19:10:47 INFO TextDataModel: Split data to train Set and test Set successfully!
22/12/28 19:10:48 INFO TextDataModel: Feature appender loaded successfully!
22/12/28 19:10:48 INFO TextDataConvertor: Dataset: [../../../../data/split/cv_1/train.txt]
22/12/28 19:10:48 INFO TextDataConvertor: DataSet: .../../../../data/split/cv_1/train.txt is finished
22/12/28 19:10:48 INFO TextDataConvertor: rating Scale (real): 0.5 to 5.0
22/12/28 19:10:48 INFO TextDataConvertor: user number: 6000,	 item number is: 14623
22/12/28 19:10:48 INFO TextDataModel: Transform data to Convertor successfully!
22/12/28 19:10:48 INFO TextDataConvertor: Dataset: [../../../../data/split/cv_1/test.txt]
22/12/28 19:10:48 INFO TextDataConvertor: DataSet: ..../../../../data/split/cv_1/test.txt is finished
22/12/28 19:10:48 INFO TextDataConvertor: rating Scale (real): 0.5 to 5.0
22/12/28 19:10:48 INFO TextDataConvertor: user number: 6000,	 item number is: 14623
22/12/28 19:10:49 INFO TextDataModel: Split data to train Set and test Set successfully!
22/12/28 19:10:49 INFO TextDataModel: Data cardinality of training is 447256
22/12/28 19:10:49 INFO TextDataModel: Data cardinality of testing is 111814
22/12/28 19:10:49 INFO TextDataModel: Feature appender loaded successfully!
22/12/28 19:10:49 INFO OracleAlgo: Job Setup completed.
** Training model in OracleAlgo **
22/12/28 19:10:49 INFO TextDataConvertor: Dataset: [exp00008/result/out-1.txt]
22/12/28 19:10:49 INFO TextDataConvertor: DataSet: exp00008/result/out-1.txt is finished
22/12/28 19:10:49 INFO TextDataConvertor: user number: 6000,	 item number is: 14623
22/12/28 19:10:49 INFO OracleAlgo: Job Train completed.
22/12/28 19:10:49 INFO OracleAlgo: begin recommend
22/12/28 19:10:51 INFO OracleAlgo: end recommend
22/12/28 19:10:51 INFO RecommenderJob: Evaluator info:NormalizedDCGEvaluator is 0.0668805067047362
22/12/28 19:10:51 INFO RecommenderJob: Evaluator info:PStatisticalParityEvaluator is -0.5875480510149651
22/12/28 19:10:51 INFO TextDataConvertor: Dataset: [../../../../data/split/cv_2/train.txt]
22/12/28 19:10:51 INFO TextDataConvertor: DataSet: .../../../../data/split/cv_2/train.txt is finished
22/12/28 19:10:51 INFO TextDataConvertor: rating Scale (real): 0.5 to 5.0
22/12/28 19:10:51 INFO TextDataConvertor: user number: 6000,	 item number is: 14623
22/12/28 19:10:51 INFO TextDataModel: Transform data to Convertor successfully!
22/12/28 19:10:51 INFO TextDataConvertor: Dataset: [../../../../data/split/cv_2/test.txt]
22/12/28 19:10:51 INFO TextDataConvertor: DataSet: ..../../../../data/split/cv_2/test.txt is finished
22/12/28 19:10:51 INFO TextDataConvertor: rating Scale (real): 0.5 to 5.0
22/12/28 19:10:51 INFO TextDataConvertor: user number: 6000,	 item number is: 14623
22/12/28 19:10:52 INFO TextDataModel: Split data to train Set and test Set successfully!
22/12/28 19:10:52 INFO TextDataModel: Data cardinality of training is 447256
22/12/28 19:10:52 INFO TextDataModel: Data cardinality of testing is 111814
22/12/28 19:10:52 INFO TextDataModel: Feature appender loaded successfully!
22/12/28 19:10:52 INFO OracleAlgo: Job Setup completed.
** Training model in OracleAlgo **
22/12/28 19:10:52 INFO TextDataConvertor: Dataset: [exp00008/result/out-2.txt]
22/12/28 19:10:52 INFO TextDataConvertor: DataSet: exp00008/result/out-2.txt is finished
22/12/28 19:10:52 INFO TextDataConvertor: user number: 6000,	 item number is: 14623
22/12/28 19:10:52 INFO OracleAlgo: Job Train completed.
22/12/28 19:10:52 INFO OracleAlgo: begin recommend
22/12/28 19:10:54 INFO OracleAlgo: end recommend
22/12/28 19:10:54 INFO RecommenderJob: Evaluator info:NormalizedDCGEvaluator is 0.0649783949027929
22/12/28 19:10:54 INFO RecommenderJob: Evaluator info:PStatisticalParityEvaluator is -0.5865334522748099
22/12/28 19:10:54 INFO TextDataConvertor: Dataset: [../../../../data/split/cv_3/train.txt]
22/12/28 19:10:54 INFO TextDataConvertor: DataSet: .../../../../data/split/cv_3/train.txt is finished
22/12/28 19:10:54 INFO TextDataConvertor: rating Scale (real): 0.5 to 5.0
22/12/28 19:10:54 INFO TextDataConvertor: user number: 6000,	 item number is: 14623
22/12/28 19:10:54 INFO TextDataModel: Transform data to Convertor successfully!
22/12/28 19:10:54 INFO TextDataConvertor: Dataset: [../../../../data/split/cv_3/test.txt]
22/12/28 19:10:54 INFO TextDataConvertor: DataSet: ..../../../../data/split/cv_3/test.txt is finished
22/12/28 19:10:54 INFO TextDataConvertor: rating Scale (real): 0.5 to 5.0
22/12/28 19:10:54 INFO TextDataConvertor: user number: 6000,	 item number is: 14623
22/12/28 19:10:54 INFO TextDataModel: Split data to train Set and test Set successfully!
22/12/28 19:10:54 INFO TextDataModel: Data cardinality of training is 447256
22/12/28 19:10:54 INFO TextDataModel: Data cardinality of testing is 111814
22/12/28 19:10:55 INFO TextDataModel: Feature appender loaded successfully!
22/12/28 19:10:55 INFO OracleAlgo: Job Setup completed.
** Training model in OracleAlgo **
22/12/28 19:10:55 INFO TextDataConvertor: Dataset: [exp00008/result/out-3.txt]
22/12/28 19:10:55 INFO TextDataConvertor: DataSet: exp00008/result/out-3.txt is finished
22/12/28 19:10:55 INFO TextDataConvertor: user number: 6000,	 item number is: 14623
22/12/28 19:10:55 INFO OracleAlgo: Job Train completed.
22/12/28 19:10:55 INFO OracleAlgo: begin recommend
22/12/28 19:10:56 INFO OracleAlgo: end recommend
22/12/28 19:10:56 INFO RecommenderJob: Evaluator info:NormalizedDCGEvaluator is 0.06480890944847312
22/12/28 19:10:56 INFO RecommenderJob: Evaluator info:PStatisticalParityEvaluator is -0.5853726541555518
22/12/28 19:10:56 INFO TextDataConvertor: Dataset: [../../../../data/split/cv_4/train.txt]
22/12/28 19:10:57 INFO TextDataConvertor: DataSet: .../../../../data/split/cv_4/train.txt is finished
22/12/28 19:10:57 INFO TextDataConvertor: rating Scale (real): 0.5 to 5.0
22/12/28 19:10:57 INFO TextDataConvertor: user number: 6000,	 item number is: 14623
22/12/28 19:10:57 INFO TextDataModel: Transform data to Convertor successfully!
22/12/28 19:10:57 INFO TextDataConvertor: Dataset: [../../../../data/split/cv_4/test.txt]
22/12/28 19:10:57 INFO TextDataConvertor: DataSet: ..../../../../data/split/cv_4/test.txt is finished
22/12/28 19:10:57 INFO TextDataConvertor: rating Scale (real): 0.5 to 5.0
22/12/28 19:10:57 INFO TextDataConvertor: user number: 6000,	 item number is: 14623
22/12/28 19:10:57 INFO TextDataModel: Split data to train Set and test Set successfully!
22/12/28 19:10:57 INFO TextDataModel: Data cardinality of training is 447256
22/12/28 19:10:57 INFO TextDataModel: Data cardinality of testing is 111814
22/12/28 19:10:57 INFO TextDataModel: Feature appender loaded successfully!
22/12/28 19:10:57 INFO OracleAlgo: Job Setup completed.
** Training model in OracleAlgo **
22/12/28 19:10:57 INFO TextDataConvertor: Dataset: [exp00008/result/out-4.txt]
22/12/28 19:10:57 INFO TextDataConvertor: DataSet: exp00008/result/out-4.txt is finished
22/12/28 19:10:57 INFO TextDataConvertor: user number: 6000,	 item number is: 14623
22/12/28 19:10:57 INFO OracleAlgo: Job Train completed.
22/12/28 19:10:57 INFO OracleAlgo: begin recommend
22/12/28 19:10:59 INFO OracleAlgo: end recommend
22/12/28 19:10:59 INFO RecommenderJob: Evaluator info:NormalizedDCGEvaluator is 0.06397112068545434
22/12/28 19:10:59 INFO RecommenderJob: Evaluator info:PStatisticalParityEvaluator is -0.5853768844221672
22/12/28 19:10:59 INFO TextDataConvertor: Dataset: [../../../../data/split/cv_5/train.txt]
22/12/28 19:10:59 INFO TextDataConvertor: DataSet: .../../../../data/split/cv_5/train.txt is finished
22/12/28 19:10:59 INFO TextDataConvertor: rating Scale (real): 0.5 to 5.0
22/12/28 19:10:59 INFO TextDataConvertor: user number: 6000,	 item number is: 14623
22/12/28 19:10:59 INFO TextDataModel: Transform data to Convertor successfully!
22/12/28 19:10:59 INFO TextDataConvertor: Dataset: [../../../../data/split/cv_5/test.txt]
22/12/28 19:10:59 INFO TextDataConvertor: DataSet: ..../../../../data/split/cv_5/test.txt is finished
22/12/28 19:10:59 INFO TextDataConvertor: rating Scale (real): 0.5 to 5.0
22/12/28 19:10:59 INFO TextDataConvertor: user number: 6000,	 item number is: 14623
22/12/28 19:11:00 INFO TextDataModel: Split data to train Set and test Set successfully!
22/12/28 19:11:00 INFO TextDataModel: Data cardinality of training is 447256
22/12/28 19:11:00 INFO TextDataModel: Data cardinality of testing is 111814
22/12/28 19:11:00 INFO TextDataModel: Feature appender loaded successfully!
22/12/28 19:11:00 INFO OracleAlgo: Job Setup completed.
** Training model in OracleAlgo **
22/12/28 19:11:00 INFO TextDataConvertor: Dataset: [exp00008/result/out-5.txt]
22/12/28 19:11:00 INFO TextDataConvertor: DataSet: exp00008/result/out-5.txt is finished
22/12/28 19:11:00 INFO TextDataConvertor: user number: 6000,	 item number is: 14623
22/12/28 19:11:00 INFO OracleAlgo: Job Train completed.
22/12/28 19:11:00 INFO OracleAlgo: begin recommend
22/12/28 19:11:01 INFO OracleAlgo: end recommend
22/12/28 19:11:01 INFO RecommenderJob: Evaluator info:NormalizedDCGEvaluator is 0.0652987152601718
22/12/28 19:11:01 INFO RecommenderJob: Evaluator info:PStatisticalParityEvaluator is -0.5861133965301921
