22/12/28 15:12:46 INFO TextDataConvertor: Dataset: [../../../../data/ml_sample_6000.csv]
22/12/28 15:12:46 INFO TextDataConvertor: DataSet: ../../../../data/ml_sample_6000.csv is finished
22/12/28 15:12:46 INFO TextDataConvertor: rating Scale (real): 0.5 to 5.0
22/12/28 15:12:46 INFO TextDataConvertor: user number: 6000,	 item number is: 14623
22/12/28 15:12:46 INFO TextDataModel: Transform data to Convertor successfully!
22/12/28 15:12:47 INFO TextDataModel: Split data to train Set and test Set successfully!
22/12/28 15:12:48 INFO TextDataModel: Feature appender loaded successfully!
22/12/28 15:12:48 INFO TextDataConvertor: Dataset: [../../../../data/split/cv_1/train.txt]
22/12/28 15:12:48 INFO TextDataConvertor: DataSet: .../../../../data/split/cv_1/train.txt is finished
22/12/28 15:12:48 INFO TextDataConvertor: rating Scale (real): 0.5 to 5.0
22/12/28 15:12:48 INFO TextDataConvertor: user number: 6000,	 item number is: 14623
22/12/28 15:12:48 INFO TextDataModel: Transform data to Convertor successfully!
22/12/28 15:12:48 INFO TextDataConvertor: Dataset: [../../../../data/split/cv_1/test.txt]
22/12/28 15:12:48 INFO TextDataConvertor: DataSet: ..../../../../data/split/cv_1/test.txt is finished
22/12/28 15:12:48 INFO TextDataConvertor: rating Scale (real): 0.5 to 5.0
22/12/28 15:12:48 INFO TextDataConvertor: user number: 6000,	 item number is: 14623
22/12/28 15:12:48 INFO TextDataModel: Split data to train Set and test Set successfully!
22/12/28 15:12:48 INFO TextDataModel: Data cardinality of training is 447256
22/12/28 15:12:48 INFO TextDataModel: Data cardinality of testing is 111814
22/12/28 15:12:48 INFO TextDataModel: Feature appender loaded successfully!
22/12/28 15:12:49 INFO OracleAlgo: Job Setup completed.
** Training model in OracleAlgo **
22/12/28 15:12:49 INFO TextDataConvertor: Dataset: [exp00001/result/out-1.txt]
22/12/28 15:12:49 INFO TextDataConvertor: DataSet: exp00001/result/out-1.txt is finished
22/12/28 15:12:49 INFO TextDataConvertor: user number: 6000,	 item number is: 14623
22/12/28 15:12:49 INFO OracleAlgo: Job Train completed.
22/12/28 15:12:49 INFO OracleAlgo: begin recommend
22/12/28 15:12:50 INFO OracleAlgo: end recommend
22/12/28 15:12:50 INFO RecommenderJob: Evaluator info:NormalizedDCGEvaluator is 0.091066573723464
22/12/28 15:12:50 INFO RecommenderJob: Evaluator info:PStatisticalParityEvaluator is -0.6146793605173919
22/12/28 15:12:50 INFO TextDataConvertor: Dataset: [../../../../data/split/cv_2/train.txt]
22/12/28 15:12:51 INFO TextDataConvertor: DataSet: .../../../../data/split/cv_2/train.txt is finished
22/12/28 15:12:51 INFO TextDataConvertor: rating Scale (real): 0.5 to 5.0
22/12/28 15:12:51 INFO TextDataConvertor: user number: 6000,	 item number is: 14623
22/12/28 15:12:51 INFO TextDataModel: Transform data to Convertor successfully!
22/12/28 15:12:51 INFO TextDataConvertor: Dataset: [../../../../data/split/cv_2/test.txt]
22/12/28 15:12:51 INFO TextDataConvertor: DataSet: ..../../../../data/split/cv_2/test.txt is finished
22/12/28 15:12:51 INFO TextDataConvertor: rating Scale (real): 0.5 to 5.0
22/12/28 15:12:51 INFO TextDataConvertor: user number: 6000,	 item number is: 14623
22/12/28 15:12:51 INFO TextDataModel: Split data to train Set and test Set successfully!
22/12/28 15:12:51 INFO TextDataModel: Data cardinality of training is 447256
22/12/28 15:12:51 INFO TextDataModel: Data cardinality of testing is 111814
22/12/28 15:12:51 INFO TextDataModel: Feature appender loaded successfully!
22/12/28 15:12:51 INFO OracleAlgo: Job Setup completed.
** Training model in OracleAlgo **
22/12/28 15:12:51 INFO TextDataConvertor: Dataset: [exp00001/result/out-2.txt]
22/12/28 15:12:51 INFO TextDataConvertor: DataSet: exp00001/result/out-2.txt is finished
22/12/28 15:12:51 INFO TextDataConvertor: user number: 6000,	 item number is: 14623
22/12/28 15:12:51 INFO OracleAlgo: Job Train completed.
22/12/28 15:12:51 INFO OracleAlgo: begin recommend
22/12/28 15:12:53 INFO OracleAlgo: end recommend
22/12/28 15:12:53 INFO RecommenderJob: Evaluator info:NormalizedDCGEvaluator is 0.09223174336196717
22/12/28 15:12:53 INFO RecommenderJob: Evaluator info:PStatisticalParityEvaluator is -0.6181052631579509
22/12/28 15:12:53 INFO TextDataConvertor: Dataset: [../../../../data/split/cv_3/train.txt]
22/12/28 15:12:53 INFO TextDataConvertor: DataSet: .../../../../data/split/cv_3/train.txt is finished
22/12/28 15:12:53 INFO TextDataConvertor: rating Scale (real): 0.5 to 5.0
22/12/28 15:12:53 INFO TextDataConvertor: user number: 6000,	 item number is: 14623
22/12/28 15:12:53 INFO TextDataModel: Transform data to Convertor successfully!
22/12/28 15:12:53 INFO TextDataConvertor: Dataset: [../../../../data/split/cv_3/test.txt]
22/12/28 15:12:53 INFO TextDataConvertor: DataSet: ..../../../../data/split/cv_3/test.txt is finished
22/12/28 15:12:53 INFO TextDataConvertor: rating Scale (real): 0.5 to 5.0
22/12/28 15:12:53 INFO TextDataConvertor: user number: 6000,	 item number is: 14623
22/12/28 15:12:53 INFO TextDataModel: Split data to train Set and test Set successfully!
22/12/28 15:12:53 INFO TextDataModel: Data cardinality of training is 447256
22/12/28 15:12:53 INFO TextDataModel: Data cardinality of testing is 111814
22/12/28 15:12:53 INFO TextDataModel: Feature appender loaded successfully!
22/12/28 15:12:53 INFO OracleAlgo: Job Setup completed.
** Training model in OracleAlgo **
22/12/28 15:12:53 INFO TextDataConvertor: Dataset: [exp00001/result/out-3.txt]
22/12/28 15:12:53 INFO TextDataConvertor: DataSet: exp00001/result/out-3.txt is finished
22/12/28 15:12:53 INFO TextDataConvertor: user number: 6000,	 item number is: 14623
22/12/28 15:12:53 INFO OracleAlgo: Job Train completed.
22/12/28 15:12:53 INFO OracleAlgo: begin recommend
22/12/28 15:12:55 INFO OracleAlgo: end recommend
22/12/28 15:12:55 INFO RecommenderJob: Evaluator info:NormalizedDCGEvaluator is 0.08844693915245387
22/12/28 15:12:55 INFO RecommenderJob: Evaluator info:PStatisticalParityEvaluator is -0.6151349419124782
22/12/28 15:12:55 INFO TextDataConvertor: Dataset: [../../../../data/split/cv_4/train.txt]
22/12/28 15:12:55 INFO TextDataConvertor: DataSet: .../../../../data/split/cv_4/train.txt is finished
22/12/28 15:12:55 INFO TextDataConvertor: rating Scale (real): 0.5 to 5.0
22/12/28 15:12:55 INFO TextDataConvertor: user number: 6000,	 item number is: 14623
22/12/28 15:12:55 INFO TextDataModel: Transform data to Convertor successfully!
22/12/28 15:12:55 INFO TextDataConvertor: Dataset: [../../../../data/split/cv_4/test.txt]
22/12/28 15:12:55 INFO TextDataConvertor: DataSet: ..../../../../data/split/cv_4/test.txt is finished
22/12/28 15:12:55 INFO TextDataConvertor: rating Scale (real): 0.5 to 5.0
22/12/28 15:12:55 INFO TextDataConvertor: user number: 6000,	 item number is: 14623
22/12/28 15:12:55 INFO TextDataModel: Split data to train Set and test Set successfully!
22/12/28 15:12:55 INFO TextDataModel: Data cardinality of training is 447256
22/12/28 15:12:55 INFO TextDataModel: Data cardinality of testing is 111814
22/12/28 15:12:55 INFO TextDataModel: Feature appender loaded successfully!
22/12/28 15:12:55 INFO OracleAlgo: Job Setup completed.
** Training model in OracleAlgo **
22/12/28 15:12:55 INFO TextDataConvertor: Dataset: [exp00001/result/out-4.txt]
22/12/28 15:12:55 INFO TextDataConvertor: DataSet: exp00001/result/out-4.txt is finished
22/12/28 15:12:55 INFO TextDataConvertor: user number: 6000,	 item number is: 14623
22/12/28 15:12:55 INFO OracleAlgo: Job Train completed.
22/12/28 15:12:55 INFO OracleAlgo: begin recommend
22/12/28 15:12:57 INFO OracleAlgo: end recommend
22/12/28 15:12:57 INFO RecommenderJob: Evaluator info:NormalizedDCGEvaluator is 0.08716995303296793
22/12/28 15:12:57 INFO RecommenderJob: Evaluator info:PStatisticalParityEvaluator is -0.616037329504723
22/12/28 15:12:57 INFO TextDataConvertor: Dataset: [../../../../data/split/cv_5/train.txt]
22/12/28 15:12:57 INFO TextDataConvertor: DataSet: .../../../../data/split/cv_5/train.txt is finished
22/12/28 15:12:57 INFO TextDataConvertor: rating Scale (real): 0.5 to 5.0
22/12/28 15:12:57 INFO TextDataConvertor: user number: 6000,	 item number is: 14623
22/12/28 15:12:57 INFO TextDataModel: Transform data to Convertor successfully!
22/12/28 15:12:57 INFO TextDataConvertor: Dataset: [../../../../data/split/cv_5/test.txt]
22/12/28 15:12:57 INFO TextDataConvertor: DataSet: ..../../../../data/split/cv_5/test.txt is finished
22/12/28 15:12:57 INFO TextDataConvertor: rating Scale (real): 0.5 to 5.0
22/12/28 15:12:57 INFO TextDataConvertor: user number: 6000,	 item number is: 14623
22/12/28 15:12:58 INFO TextDataModel: Split data to train Set and test Set successfully!
22/12/28 15:12:58 INFO TextDataModel: Data cardinality of training is 447256
22/12/28 15:12:58 INFO TextDataModel: Data cardinality of testing is 111814
22/12/28 15:12:58 INFO TextDataModel: Feature appender loaded successfully!
22/12/28 15:12:58 INFO OracleAlgo: Job Setup completed.
** Training model in OracleAlgo **
22/12/28 15:12:58 INFO TextDataConvertor: Dataset: [exp00001/result/out-5.txt]
22/12/28 15:12:58 INFO TextDataConvertor: DataSet: exp00001/result/out-5.txt is finished
22/12/28 15:12:58 INFO TextDataConvertor: user number: 6000,	 item number is: 14623
22/12/28 15:12:58 INFO OracleAlgo: Job Train completed.
22/12/28 15:12:58 INFO OracleAlgo: begin recommend
22/12/28 15:12:59 INFO OracleAlgo: end recommend
22/12/28 15:12:59 INFO RecommenderJob: Evaluator info:NormalizedDCGEvaluator is 0.08801645891132281
22/12/28 15:12:59 INFO RecommenderJob: Evaluator info:PStatisticalParityEvaluator is -0.6140726167054766
