22/12/28 14:51:15 INFO TextDataConvertor: Dataset: [../../../../data/ml_sample_6000.csv]
22/12/28 14:51:16 INFO TextDataConvertor: DataSet: ../../../../data/ml_sample_6000.csv is finished
22/12/28 14:51:16 INFO TextDataConvertor: rating Scale (real): 0.5 to 5.0
22/12/28 14:51:16 INFO TextDataConvertor: user number: 6000,	 item number is: 14623
22/12/28 14:51:16 INFO TextDataModel: Transform data to Convertor successfully!
22/12/28 14:51:18 INFO TextDataModel: Split data to train Set and test Set successfully!
22/12/28 14:51:18 INFO TextDataModel: Feature appender loaded successfully!
22/12/28 14:51:18 INFO TextDataConvertor: Dataset: [../../../../data/split/cv_1/train.txt]
22/12/28 14:51:18 INFO TextDataConvertor: DataSet: .../../../../data/split/cv_1/train.txt is finished
22/12/28 14:51:18 INFO TextDataConvertor: rating Scale (real): 0.5 to 5.0
22/12/28 14:51:18 INFO TextDataConvertor: user number: 6000,	 item number is: 14623
22/12/28 14:51:18 INFO TextDataModel: Transform data to Convertor successfully!
22/12/28 14:51:18 INFO TextDataConvertor: Dataset: [../../../../data/split/cv_1/test.txt]
22/12/28 14:51:18 INFO TextDataConvertor: DataSet: ..../../../../data/split/cv_1/test.txt is finished
22/12/28 14:51:18 INFO TextDataConvertor: rating Scale (real): 0.5 to 5.0
22/12/28 14:51:18 INFO TextDataConvertor: user number: 6000,	 item number is: 14623
22/12/28 14:51:19 INFO TextDataModel: Split data to train Set and test Set successfully!
22/12/28 14:51:19 INFO TextDataModel: Data cardinality of training is 447256
22/12/28 14:51:19 INFO TextDataModel: Data cardinality of testing is 111814
22/12/28 14:51:19 INFO TextDataModel: Feature appender loaded successfully!
22/12/28 14:51:19 INFO OracleAlgo: Job Setup completed.
** Training model in OracleAlgo **
22/12/28 14:51:19 INFO TextDataConvertor: Dataset: [exp00000/result/out-1.txt]
22/12/28 14:51:19 INFO TextDataConvertor: DataSet: exp00000/result/out-1.txt is finished
22/12/28 14:51:19 INFO TextDataConvertor: user number: 6000,	 item number is: 14623
22/12/28 14:51:19 INFO OracleAlgo: Job Train completed.
22/12/28 14:51:19 INFO OracleAlgo: begin recommend
22/12/28 14:51:21 INFO OracleAlgo: end recommend
22/12/28 14:51:21 INFO RecommenderJob: Evaluator info:NormalizedDCGEvaluator is 0.08000660317683628
22/12/28 14:51:21 INFO RecommenderJob: Evaluator info:PStatisticalParityEvaluator is -0.4620010777797244
22/12/28 14:51:21 INFO TextDataConvertor: Dataset: [../../../../data/split/cv_2/train.txt]
22/12/28 14:51:21 INFO TextDataConvertor: DataSet: .../../../../data/split/cv_2/train.txt is finished
22/12/28 14:51:21 INFO TextDataConvertor: rating Scale (real): 0.5 to 5.0
22/12/28 14:51:21 INFO TextDataConvertor: user number: 6000,	 item number is: 14623
22/12/28 14:51:21 INFO TextDataModel: Transform data to Convertor successfully!
22/12/28 14:51:21 INFO TextDataConvertor: Dataset: [../../../../data/split/cv_2/test.txt]
22/12/28 14:51:21 INFO TextDataConvertor: DataSet: ..../../../../data/split/cv_2/test.txt is finished
22/12/28 14:51:21 INFO TextDataConvertor: rating Scale (real): 0.5 to 5.0
22/12/28 14:51:21 INFO TextDataConvertor: user number: 6000,	 item number is: 14623
22/12/28 14:51:22 INFO TextDataModel: Split data to train Set and test Set successfully!
22/12/28 14:51:22 INFO TextDataModel: Data cardinality of training is 447256
22/12/28 14:51:22 INFO TextDataModel: Data cardinality of testing is 111814
22/12/28 14:51:22 INFO TextDataModel: Feature appender loaded successfully!
22/12/28 14:51:22 INFO OracleAlgo: Job Setup completed.
** Training model in OracleAlgo **
22/12/28 14:51:22 INFO TextDataConvertor: Dataset: [exp00000/result/out-2.txt]
22/12/28 14:51:22 INFO TextDataConvertor: DataSet: exp00000/result/out-2.txt is finished
22/12/28 14:51:22 INFO TextDataConvertor: user number: 6000,	 item number is: 14623
22/12/28 14:51:22 INFO OracleAlgo: Job Train completed.
22/12/28 14:51:22 INFO OracleAlgo: begin recommend
22/12/28 14:51:24 INFO OracleAlgo: end recommend
22/12/28 14:51:24 INFO RecommenderJob: Evaluator info:NormalizedDCGEvaluator is 0.07923788708048078
22/12/28 14:51:24 INFO RecommenderJob: Evaluator info:PStatisticalParityEvaluator is -0.4618804638714914
22/12/28 14:51:24 INFO TextDataConvertor: Dataset: [../../../../data/split/cv_3/train.txt]
22/12/28 14:51:24 INFO TextDataConvertor: DataSet: .../../../../data/split/cv_3/train.txt is finished
22/12/28 14:51:24 INFO TextDataConvertor: rating Scale (real): 0.5 to 5.0
22/12/28 14:51:24 INFO TextDataConvertor: user number: 6000,	 item number is: 14623
22/12/28 14:51:24 INFO TextDataModel: Transform data to Convertor successfully!
22/12/28 14:51:24 INFO TextDataConvertor: Dataset: [../../../../data/split/cv_3/test.txt]
22/12/28 14:51:24 INFO TextDataConvertor: DataSet: ..../../../../data/split/cv_3/test.txt is finished
22/12/28 14:51:24 INFO TextDataConvertor: rating Scale (real): 0.5 to 5.0
22/12/28 14:51:24 INFO TextDataConvertor: user number: 6000,	 item number is: 14623
22/12/28 14:51:25 INFO TextDataModel: Split data to train Set and test Set successfully!
22/12/28 14:51:25 INFO TextDataModel: Data cardinality of training is 447256
22/12/28 14:51:25 INFO TextDataModel: Data cardinality of testing is 111814
22/12/28 14:51:25 INFO TextDataModel: Feature appender loaded successfully!
22/12/28 14:51:25 INFO OracleAlgo: Job Setup completed.
** Training model in OracleAlgo **
22/12/28 14:51:25 INFO TextDataConvertor: Dataset: [exp00000/result/out-3.txt]
22/12/28 14:51:25 INFO TextDataConvertor: DataSet: exp00000/result/out-3.txt is finished
22/12/28 14:51:25 INFO TextDataConvertor: user number: 6000,	 item number is: 14623
22/12/28 14:51:25 INFO OracleAlgo: Job Train completed.
22/12/28 14:51:25 INFO OracleAlgo: begin recommend
22/12/28 14:51:26 INFO OracleAlgo: end recommend
22/12/28 14:51:26 INFO RecommenderJob: Evaluator info:NormalizedDCGEvaluator is 0.07197944639356137
22/12/28 14:51:26 INFO RecommenderJob: Evaluator info:PStatisticalParityEvaluator is -0.48133690795347
22/12/28 14:51:26 INFO TextDataConvertor: Dataset: [../../../../data/split/cv_4/train.txt]
22/12/28 14:51:27 INFO TextDataConvertor: DataSet: .../../../../data/split/cv_4/train.txt is finished
22/12/28 14:51:27 INFO TextDataConvertor: rating Scale (real): 0.5 to 5.0
22/12/28 14:51:27 INFO TextDataConvertor: user number: 6000,	 item number is: 14623
22/12/28 14:51:27 INFO TextDataModel: Transform data to Convertor successfully!
22/12/28 14:51:27 INFO TextDataConvertor: Dataset: [../../../../data/split/cv_4/test.txt]
22/12/28 14:51:27 INFO TextDataConvertor: DataSet: ..../../../../data/split/cv_4/test.txt is finished
22/12/28 14:51:27 INFO TextDataConvertor: rating Scale (real): 0.5 to 5.0
22/12/28 14:51:27 INFO TextDataConvertor: user number: 6000,	 item number is: 14623
22/12/28 14:51:27 INFO TextDataModel: Split data to train Set and test Set successfully!
22/12/28 14:51:27 INFO TextDataModel: Data cardinality of training is 447256
22/12/28 14:51:27 INFO TextDataModel: Data cardinality of testing is 111814
22/12/28 14:51:27 INFO TextDataModel: Feature appender loaded successfully!
22/12/28 14:51:27 INFO OracleAlgo: Job Setup completed.
** Training model in OracleAlgo **
22/12/28 14:51:27 INFO TextDataConvertor: Dataset: [exp00000/result/out-4.txt]
22/12/28 14:51:28 INFO TextDataConvertor: DataSet: exp00000/result/out-4.txt is finished
22/12/28 14:51:28 INFO TextDataConvertor: user number: 6000,	 item number is: 14623
22/12/28 14:51:28 INFO OracleAlgo: Job Train completed.
22/12/28 14:51:28 INFO OracleAlgo: begin recommend
22/12/28 14:51:29 INFO OracleAlgo: end recommend
22/12/28 14:51:29 INFO RecommenderJob: Evaluator info:NormalizedDCGEvaluator is 0.07867587893606852
22/12/28 14:51:29 INFO RecommenderJob: Evaluator info:PStatisticalParityEvaluator is -0.4859942569992286
22/12/28 14:51:29 INFO TextDataConvertor: Dataset: [../../../../data/split/cv_5/train.txt]
22/12/28 14:51:30 INFO TextDataConvertor: DataSet: .../../../../data/split/cv_5/train.txt is finished
22/12/28 14:51:30 INFO TextDataConvertor: rating Scale (real): 0.5 to 5.0
22/12/28 14:51:30 INFO TextDataConvertor: user number: 6000,	 item number is: 14623
22/12/28 14:51:30 INFO TextDataModel: Transform data to Convertor successfully!
22/12/28 14:51:30 INFO TextDataConvertor: Dataset: [../../../../data/split/cv_5/test.txt]
22/12/28 14:51:30 INFO TextDataConvertor: DataSet: ..../../../../data/split/cv_5/test.txt is finished
22/12/28 14:51:30 INFO TextDataConvertor: rating Scale (real): 0.5 to 5.0
22/12/28 14:51:30 INFO TextDataConvertor: user number: 6000,	 item number is: 14623
22/12/28 14:51:30 INFO TextDataModel: Split data to train Set and test Set successfully!
22/12/28 14:51:30 INFO TextDataModel: Data cardinality of training is 447256
22/12/28 14:51:30 INFO TextDataModel: Data cardinality of testing is 111814
22/12/28 14:51:30 INFO TextDataModel: Feature appender loaded successfully!
22/12/28 14:51:30 INFO OracleAlgo: Job Setup completed.
** Training model in OracleAlgo **
22/12/28 14:51:30 INFO TextDataConvertor: Dataset: [exp00000/result/out-5.txt]
22/12/28 14:51:30 INFO TextDataConvertor: DataSet: exp00000/result/out-5.txt is finished
22/12/28 14:51:30 INFO TextDataConvertor: user number: 6000,	 item number is: 14623
22/12/28 14:51:30 INFO OracleAlgo: Job Train completed.
22/12/28 14:51:30 INFO OracleAlgo: begin recommend
22/12/28 14:51:32 INFO OracleAlgo: end recommend
22/12/28 14:51:32 INFO RecommenderJob: Evaluator info:NormalizedDCGEvaluator is 0.06811466075557561
22/12/28 14:51:32 INFO RecommenderJob: Evaluator info:PStatisticalParityEvaluator is -0.45347165086741004
