22/12/28 14:32:54 INFO TextDataConvertor: Dataset: [../../../../data/ml_sample_6000.csv]
22/12/28 14:32:55 INFO TextDataConvertor: DataSet: ../../../../data/ml_sample_6000.csv is finished
22/12/28 14:32:55 INFO TextDataConvertor: rating Scale (real): 0.5 to 5.0
22/12/28 14:32:55 INFO TextDataConvertor: user number: 6000,	 item number is: 14623
22/12/28 14:32:55 INFO TextDataModel: Transform data to Convertor successfully!
22/12/28 14:32:57 INFO TextDataModel: Split data to train Set and test Set successfully!
22/12/28 14:32:57 INFO TextDataModel: Feature appender loaded successfully!
22/12/28 14:32:57 INFO RecommenderJob: SplitCMD: START - Splitting training and testing.
22/12/28 14:32:58 INFO RecommenderJob: SplitCMD: Splitting training and testing with 0.8% ratio on fold 1.
22/12/28 14:32:58 INFO TextDataModel: Split data to train Set and test Set successfully!
22/12/28 14:32:58 INFO TextDataModel: Data cardinality of training is 447256
22/12/28 14:32:58 INFO TextDataModel: Data cardinality of testing is 111814
22/12/28 14:32:58 INFO RecommenderJob: SplitCMD: START - Splitting training and testing.
22/12/28 14:32:58 INFO RecommenderJob: SplitCMD: Splitting training and testing with 0.8% ratio on fold 2.
22/12/28 14:32:58 INFO TextDataModel: Split data to train Set and test Set successfully!
22/12/28 14:32:58 INFO TextDataModel: Data cardinality of training is 447256
22/12/28 14:32:58 INFO TextDataModel: Data cardinality of testing is 111814
22/12/28 14:32:58 INFO RecommenderJob: SplitCMD: START - Splitting training and testing.
22/12/28 14:32:58 INFO RecommenderJob: SplitCMD: Splitting training and testing with 0.8% ratio on fold 3.
22/12/28 14:32:58 INFO TextDataModel: Split data to train Set and test Set successfully!
22/12/28 14:32:58 INFO TextDataModel: Data cardinality of training is 447256
22/12/28 14:32:58 INFO TextDataModel: Data cardinality of testing is 111814
22/12/28 14:32:59 INFO RecommenderJob: SplitCMD: START - Splitting training and testing.
22/12/28 14:32:59 INFO RecommenderJob: SplitCMD: Splitting training and testing with 0.8% ratio on fold 4.
22/12/28 14:32:59 INFO TextDataModel: Split data to train Set and test Set successfully!
22/12/28 14:32:59 INFO TextDataModel: Data cardinality of training is 447256
22/12/28 14:32:59 INFO TextDataModel: Data cardinality of testing is 111814
22/12/28 14:32:59 INFO RecommenderJob: SplitCMD: START - Splitting training and testing.
22/12/28 14:32:59 INFO RecommenderJob: SplitCMD: Splitting training and testing with 0.8% ratio on fold 5.
22/12/28 14:32:59 INFO TextDataModel: Split data to train Set and test Set successfully!
22/12/28 14:32:59 INFO TextDataModel: Data cardinality of training is 447256
22/12/28 14:32:59 INFO TextDataModel: Data cardinality of testing is 111814
22/12/28 14:32:59 INFO RecommenderJob: Average Evaluation Result of Cross Validation:
