23/04/01 12:48:02 INFO TextDataConvertor: Dataset: [../../../../data/ml_sample_6000.csv]
23/04/01 12:48:02 INFO TextDataConvertor: DataSet: ../../../../data/ml_sample_6000.csv is finished
23/04/01 12:48:03 INFO TextDataConvertor: rating Scale (real): 0.5 to 5.0
23/04/01 12:48:03 INFO TextDataConvertor: user number: 6000,	 item number is: 14623
23/04/01 12:48:03 INFO TextDataModel: Transform data to Convertor successfully!
23/04/01 12:48:04 INFO TextDataModel: Split data to train Set and test Set successfully!
23/04/01 12:48:04 INFO TextDataModel: Feature appender loaded successfully!
23/04/01 12:48:04 INFO TextDataConvertor: Dataset: [../../../../data/split/cv_1/train.txt]
23/04/01 12:48:04 INFO TextDataConvertor: DataSet: .../../../../data/split/cv_1/train.txt is finished
23/04/01 12:48:04 INFO TextDataConvertor: rating Scale (real): 0.5 to 5.0
23/04/01 12:48:04 INFO TextDataConvertor: user number: 6000,	 item number is: 14623
23/04/01 12:48:04 INFO TextDataModel: Transform data to Convertor successfully!
23/04/01 12:48:04 INFO TextDataConvertor: Dataset: [../../../../data/split/cv_1/test.txt]
23/04/01 12:48:04 INFO TextDataConvertor: DataSet: ..../../../../data/split/cv_1/test.txt is finished
23/04/01 12:48:04 INFO TextDataConvertor: rating Scale (real): 0.5 to 5.0
23/04/01 12:48:04 INFO TextDataConvertor: user number: 6000,	 item number is: 14623
23/04/01 12:48:05 INFO TextDataModel: Split data to train Set and test Set successfully!
23/04/01 12:48:05 INFO TextDataModel: Data cardinality of training is 447256
23/04/01 12:48:05 INFO TextDataModel: Data cardinality of testing is 111814
23/04/01 12:48:05 INFO TextDataModel: Feature appender loaded successfully!
23/04/01 12:48:14 INFO OracleAlgo: Job Setup completed.
** Training model in OracleAlgo **
23/04/01 12:48:14 INFO TextDataConvertor: Dataset: [exp00002/result/out-1.txt]
23/04/01 12:48:14 INFO TextDataConvertor: DataSet: exp00002/result/out-1.txt is finished
23/04/01 12:48:14 INFO TextDataConvertor: user number: 6000,	 item number is: 14623
23/04/01 12:48:14 INFO OracleAlgo: Job Train completed.
23/04/01 12:48:14 INFO OracleAlgo: begin recommend
23/04/01 12:48:17 INFO OracleAlgo: end recommend
23/04/01 12:48:17 INFO RecommenderJob: Evaluator info:NormalizedDCGEvaluator is 0.024304974066056858
23/04/01 12:48:17 INFO RecommenderJob: Evaluator info:PStatisticalParityEvaluator is -0.7903790192204421
23/04/01 12:48:17 INFO TextDataConvertor: Dataset: [../../../../data/split/cv_2/train.txt]
23/04/01 12:48:17 INFO TextDataConvertor: DataSet: .../../../../data/split/cv_2/train.txt is finished
23/04/01 12:48:17 INFO TextDataConvertor: rating Scale (real): 0.5 to 5.0
23/04/01 12:48:17 INFO TextDataConvertor: user number: 6000,	 item number is: 14623
23/04/01 12:48:17 INFO TextDataModel: Transform data to Convertor successfully!
23/04/01 12:48:17 INFO TextDataConvertor: Dataset: [../../../../data/split/cv_2/test.txt]
23/04/01 12:48:17 INFO TextDataConvertor: DataSet: ..../../../../data/split/cv_2/test.txt is finished
23/04/01 12:48:17 INFO TextDataConvertor: rating Scale (real): 0.5 to 5.0
23/04/01 12:48:17 INFO TextDataConvertor: user number: 6000,	 item number is: 14623
23/04/01 12:48:18 INFO TextDataModel: Split data to train Set and test Set successfully!
23/04/01 12:48:18 INFO TextDataModel: Data cardinality of training is 447256
23/04/01 12:48:18 INFO TextDataModel: Data cardinality of testing is 111814
23/04/01 12:48:18 INFO TextDataModel: Feature appender loaded successfully!
23/04/01 12:48:27 INFO OracleAlgo: Job Setup completed.
** Training model in OracleAlgo **
23/04/01 12:48:27 INFO TextDataConvertor: Dataset: [exp00002/result/out-2.txt]
23/04/01 12:48:27 INFO TextDataConvertor: DataSet: exp00002/result/out-2.txt is finished
23/04/01 12:48:27 INFO TextDataConvertor: user number: 6000,	 item number is: 14623
23/04/01 12:48:27 INFO OracleAlgo: Job Train completed.
23/04/01 12:48:27 INFO OracleAlgo: begin recommend
23/04/01 12:48:29 INFO OracleAlgo: end recommend
23/04/01 12:48:29 INFO RecommenderJob: Evaluator info:NormalizedDCGEvaluator is 0.024139245728531468
23/04/01 12:48:29 INFO RecommenderJob: Evaluator info:PStatisticalParityEvaluator is -0.7659875111507852
23/04/01 12:48:29 INFO TextDataConvertor: Dataset: [../../../../data/split/cv_3/train.txt]
23/04/01 12:48:29 INFO TextDataConvertor: DataSet: .../../../../data/split/cv_3/train.txt is finished
23/04/01 12:48:29 INFO TextDataConvertor: rating Scale (real): 0.5 to 5.0
23/04/01 12:48:29 INFO TextDataConvertor: user number: 6000,	 item number is: 14623
23/04/01 12:48:29 INFO TextDataModel: Transform data to Convertor successfully!
23/04/01 12:48:29 INFO TextDataConvertor: Dataset: [../../../../data/split/cv_3/test.txt]
23/04/01 12:48:29 INFO TextDataConvertor: DataSet: ..../../../../data/split/cv_3/test.txt is finished
23/04/01 12:48:29 INFO TextDataConvertor: rating Scale (real): 0.5 to 5.0
23/04/01 12:48:29 INFO TextDataConvertor: user number: 6000,	 item number is: 14623
23/04/01 12:48:29 INFO TextDataModel: Split data to train Set and test Set successfully!
23/04/01 12:48:29 INFO TextDataModel: Data cardinality of training is 447256
23/04/01 12:48:29 INFO TextDataModel: Data cardinality of testing is 111814
23/04/01 12:48:29 INFO TextDataModel: Feature appender loaded successfully!
23/04/01 12:48:37 INFO OracleAlgo: Job Setup completed.
** Training model in OracleAlgo **
23/04/01 12:48:37 INFO TextDataConvertor: Dataset: [exp00002/result/out-3.txt]
23/04/01 12:48:37 INFO TextDataConvertor: DataSet: exp00002/result/out-3.txt is finished
23/04/01 12:48:37 INFO TextDataConvertor: user number: 6000,	 item number is: 14623
23/04/01 12:48:37 INFO OracleAlgo: Job Train completed.
23/04/01 12:48:37 INFO OracleAlgo: begin recommend
23/04/01 12:48:40 INFO OracleAlgo: end recommend
23/04/01 12:48:40 INFO RecommenderJob: Evaluator info:NormalizedDCGEvaluator is 0.022941050105857314
23/04/01 12:48:40 INFO RecommenderJob: Evaluator info:PStatisticalParityEvaluator is -0.799442359249352
23/04/01 12:48:40 INFO TextDataConvertor: Dataset: [../../../../data/split/cv_4/train.txt]
23/04/01 12:48:40 INFO TextDataConvertor: DataSet: .../../../../data/split/cv_4/train.txt is finished
23/04/01 12:48:40 INFO TextDataConvertor: rating Scale (real): 0.5 to 5.0
23/04/01 12:48:40 INFO TextDataConvertor: user number: 6000,	 item number is: 14623
23/04/01 12:48:40 INFO TextDataModel: Transform data to Convertor successfully!
23/04/01 12:48:40 INFO TextDataConvertor: Dataset: [../../../../data/split/cv_4/test.txt]
23/04/01 12:48:40 INFO TextDataConvertor: DataSet: ..../../../../data/split/cv_4/test.txt is finished
23/04/01 12:48:40 INFO TextDataConvertor: rating Scale (real): 0.5 to 5.0
23/04/01 12:48:40 INFO TextDataConvertor: user number: 6000,	 item number is: 14623
23/04/01 12:48:41 INFO TextDataModel: Split data to train Set and test Set successfully!
23/04/01 12:48:41 INFO TextDataModel: Data cardinality of training is 447256
23/04/01 12:48:41 INFO TextDataModel: Data cardinality of testing is 111814
23/04/01 12:48:41 INFO TextDataModel: Feature appender loaded successfully!
23/04/01 12:48:48 INFO OracleAlgo: Job Setup completed.
** Training model in OracleAlgo **
23/04/01 12:48:48 INFO TextDataConvertor: Dataset: [exp00002/result/out-4.txt]
23/04/01 12:48:48 INFO TextDataConvertor: DataSet: exp00002/result/out-4.txt is finished
23/04/01 12:48:48 INFO TextDataConvertor: user number: 6000,	 item number is: 14623
23/04/01 12:48:48 INFO OracleAlgo: Job Train completed.
23/04/01 12:48:48 INFO OracleAlgo: begin recommend
23/04/01 12:48:50 INFO OracleAlgo: end recommend
23/04/01 12:48:50 INFO RecommenderJob: Evaluator info:NormalizedDCGEvaluator is 0.02313028423843689
23/04/01 12:48:50 INFO RecommenderJob: Evaluator info:PStatisticalParityEvaluator is -0.812900215362543
23/04/01 12:48:50 INFO TextDataConvertor: Dataset: [../../../../data/split/cv_5/train.txt]
23/04/01 12:48:50 INFO TextDataConvertor: DataSet: .../../../../data/split/cv_5/train.txt is finished
23/04/01 12:48:50 INFO TextDataConvertor: rating Scale (real): 0.5 to 5.0
23/04/01 12:48:50 INFO TextDataConvertor: user number: 6000,	 item number is: 14623
23/04/01 12:48:50 INFO TextDataModel: Transform data to Convertor successfully!
23/04/01 12:48:50 INFO TextDataConvertor: Dataset: [../../../../data/split/cv_5/test.txt]
23/04/01 12:48:50 INFO TextDataConvertor: DataSet: ..../../../../data/split/cv_5/test.txt is finished
23/04/01 12:48:50 INFO TextDataConvertor: rating Scale (real): 0.5 to 5.0
23/04/01 12:48:50 INFO TextDataConvertor: user number: 6000,	 item number is: 14623
23/04/01 12:48:51 INFO TextDataModel: Split data to train Set and test Set successfully!
23/04/01 12:48:51 INFO TextDataModel: Data cardinality of training is 447256
23/04/01 12:48:51 INFO TextDataModel: Data cardinality of testing is 111814
23/04/01 12:48:51 INFO TextDataModel: Feature appender loaded successfully!
23/04/01 12:48:58 INFO OracleAlgo: Job Setup completed.
** Training model in OracleAlgo **
23/04/01 12:48:58 INFO TextDataConvertor: Dataset: [exp00002/result/out-5.txt]
23/04/01 12:48:58 INFO TextDataConvertor: DataSet: exp00002/result/out-5.txt is finished
23/04/01 12:48:58 INFO TextDataConvertor: user number: 6000,	 item number is: 14623
23/04/01 12:48:58 INFO OracleAlgo: Job Train completed.
23/04/01 12:48:58 INFO OracleAlgo: begin recommend
23/04/01 12:49:00 INFO OracleAlgo: end recommend
23/04/01 12:49:00 INFO RecommenderJob: Evaluator info:NormalizedDCGEvaluator is 0.02369047336831271
23/04/01 12:49:00 INFO RecommenderJob: Evaluator info:PStatisticalParityEvaluator is -0.765866571275291
