22/12/28 18:53:43 INFO TextDataConvertor: Dataset: [../../../../data/ml_sample_6000.csv]
22/12/28 18:53:43 INFO TextDataConvertor: DataSet: ../../../../data/ml_sample_6000.csv is finished
22/12/28 18:53:43 INFO TextDataConvertor: rating Scale (real): 0.5 to 5.0
22/12/28 18:53:43 INFO TextDataConvertor: user number: 6000,	 item number is: 14623
22/12/28 18:53:43 INFO TextDataModel: Transform data to Convertor successfully!
22/12/28 18:53:44 INFO TextDataModel: Split data to train Set and test Set successfully!
22/12/28 18:53:44 INFO TextDataModel: Feature appender loaded successfully!
22/12/28 18:53:44 INFO TextDataConvertor: Dataset: [../../../../data/split/cv_1/train.txt]
22/12/28 18:53:45 INFO TextDataConvertor: DataSet: .../../../../data/split/cv_1/train.txt is finished
22/12/28 18:53:45 INFO TextDataConvertor: rating Scale (real): 0.5 to 5.0
22/12/28 18:53:45 INFO TextDataConvertor: user number: 6000,	 item number is: 14623
22/12/28 18:53:45 INFO TextDataModel: Transform data to Convertor successfully!
22/12/28 18:53:45 INFO TextDataConvertor: Dataset: [../../../../data/split/cv_1/test.txt]
22/12/28 18:53:45 INFO TextDataConvertor: DataSet: ..../../../../data/split/cv_1/test.txt is finished
22/12/28 18:53:45 INFO TextDataConvertor: rating Scale (real): 0.5 to 5.0
22/12/28 18:53:45 INFO TextDataConvertor: user number: 6000,	 item number is: 14623
22/12/28 18:53:45 INFO TextDataModel: Split data to train Set and test Set successfully!
22/12/28 18:53:45 INFO TextDataModel: Data cardinality of training is 447256
22/12/28 18:53:45 INFO TextDataModel: Data cardinality of testing is 111814
22/12/28 18:53:45 INFO TextDataModel: Feature appender loaded successfully!
22/12/28 18:53:45 INFO OracleAlgo: Job Setup completed.
** Training model in OracleAlgo **
22/12/28 18:53:45 INFO TextDataConvertor: Dataset: [exp00007/result/out-1.txt]
22/12/28 18:53:45 INFO TextDataConvertor: DataSet: exp00007/result/out-1.txt is finished
22/12/28 18:53:45 INFO TextDataConvertor: user number: 6000,	 item number is: 14623
22/12/28 18:53:45 INFO OracleAlgo: Job Train completed.
22/12/28 18:53:45 INFO OracleAlgo: begin recommend
22/12/28 18:53:47 INFO OracleAlgo: end recommend
22/12/28 18:53:47 INFO RecommenderJob: Evaluator info:NormalizedDCGEvaluator is 0.06353900288090034
22/12/28 18:53:47 INFO RecommenderJob: Evaluator info:PStatisticalParityEvaluator is -0.5969247350458604
22/12/28 18:53:47 INFO TextDataConvertor: Dataset: [../../../../data/split/cv_2/train.txt]
22/12/28 18:53:47 INFO TextDataConvertor: DataSet: .../../../../data/split/cv_2/train.txt is finished
22/12/28 18:53:47 INFO TextDataConvertor: rating Scale (real): 0.5 to 5.0
22/12/28 18:53:47 INFO TextDataConvertor: user number: 6000,	 item number is: 14623
22/12/28 18:53:47 INFO TextDataModel: Transform data to Convertor successfully!
22/12/28 18:53:47 INFO TextDataConvertor: Dataset: [../../../../data/split/cv_2/test.txt]
22/12/28 18:53:47 INFO TextDataConvertor: DataSet: ..../../../../data/split/cv_2/test.txt is finished
22/12/28 18:53:47 INFO TextDataConvertor: rating Scale (real): 0.5 to 5.0
22/12/28 18:53:47 INFO TextDataConvertor: user number: 6000,	 item number is: 14623
22/12/28 18:53:48 INFO TextDataModel: Split data to train Set and test Set successfully!
22/12/28 18:53:48 INFO TextDataModel: Data cardinality of training is 447256
22/12/28 18:53:48 INFO TextDataModel: Data cardinality of testing is 111814
22/12/28 18:53:48 INFO TextDataModel: Feature appender loaded successfully!
22/12/28 18:53:48 INFO OracleAlgo: Job Setup completed.
** Training model in OracleAlgo **
22/12/28 18:53:48 INFO TextDataConvertor: Dataset: [exp00007/result/out-2.txt]
22/12/28 18:53:48 INFO TextDataConvertor: DataSet: exp00007/result/out-2.txt is finished
22/12/28 18:53:48 INFO TextDataConvertor: user number: 6000,	 item number is: 14623
22/12/28 18:53:48 INFO OracleAlgo: Job Train completed.
22/12/28 18:53:48 INFO OracleAlgo: begin recommend
22/12/28 18:53:49 INFO OracleAlgo: end recommend
22/12/28 18:53:49 INFO RecommenderJob: Evaluator info:NormalizedDCGEvaluator is 0.06242130114248568
22/12/28 18:53:49 INFO RecommenderJob: Evaluator info:PStatisticalParityEvaluator is -0.594376449598627
22/12/28 18:53:49 INFO TextDataConvertor: Dataset: [../../../../data/split/cv_3/train.txt]
22/12/28 18:53:49 INFO TextDataConvertor: DataSet: .../../../../data/split/cv_3/train.txt is finished
22/12/28 18:53:49 INFO TextDataConvertor: rating Scale (real): 0.5 to 5.0
22/12/28 18:53:49 INFO TextDataConvertor: user number: 6000,	 item number is: 14623
22/12/28 18:53:49 INFO TextDataModel: Transform data to Convertor successfully!
22/12/28 18:53:49 INFO TextDataConvertor: Dataset: [../../../../data/split/cv_3/test.txt]
22/12/28 18:53:49 INFO TextDataConvertor: DataSet: ..../../../../data/split/cv_3/test.txt is finished
22/12/28 18:53:49 INFO TextDataConvertor: rating Scale (real): 0.5 to 5.0
22/12/28 18:53:49 INFO TextDataConvertor: user number: 6000,	 item number is: 14623
22/12/28 18:53:50 INFO TextDataModel: Split data to train Set and test Set successfully!
22/12/28 18:53:50 INFO TextDataModel: Data cardinality of training is 447256
22/12/28 18:53:50 INFO TextDataModel: Data cardinality of testing is 111814
22/12/28 18:53:50 INFO TextDataModel: Feature appender loaded successfully!
22/12/28 18:53:50 INFO OracleAlgo: Job Setup completed.
** Training model in OracleAlgo **
22/12/28 18:53:50 INFO TextDataConvertor: Dataset: [exp00007/result/out-3.txt]
22/12/28 18:53:50 INFO TextDataConvertor: DataSet: exp00007/result/out-3.txt is finished
22/12/28 18:53:50 INFO TextDataConvertor: user number: 6000,	 item number is: 14623
22/12/28 18:53:50 INFO OracleAlgo: Job Train completed.
22/12/28 18:53:50 INFO OracleAlgo: begin recommend
22/12/28 18:53:51 INFO OracleAlgo: end recommend
22/12/28 18:53:51 INFO RecommenderJob: Evaluator info:NormalizedDCGEvaluator is 0.06259629549113016
22/12/28 18:53:51 INFO RecommenderJob: Evaluator info:PStatisticalParityEvaluator is -0.5950884718499215
22/12/28 18:53:51 INFO TextDataConvertor: Dataset: [../../../../data/split/cv_4/train.txt]
22/12/28 18:53:51 INFO TextDataConvertor: DataSet: .../../../../data/split/cv_4/train.txt is finished
22/12/28 18:53:51 INFO TextDataConvertor: rating Scale (real): 0.5 to 5.0
22/12/28 18:53:51 INFO TextDataConvertor: user number: 6000,	 item number is: 14623
22/12/28 18:53:51 INFO TextDataModel: Transform data to Convertor successfully!
22/12/28 18:53:51 INFO TextDataConvertor: Dataset: [../../../../data/split/cv_4/test.txt]
22/12/28 18:53:51 INFO TextDataConvertor: DataSet: ..../../../../data/split/cv_4/test.txt is finished
22/12/28 18:53:52 INFO TextDataConvertor: rating Scale (real): 0.5 to 5.0
22/12/28 18:53:52 INFO TextDataConvertor: user number: 6000,	 item number is: 14623
22/12/28 18:53:52 INFO TextDataModel: Split data to train Set and test Set successfully!
22/12/28 18:53:52 INFO TextDataModel: Data cardinality of training is 447256
22/12/28 18:53:52 INFO TextDataModel: Data cardinality of testing is 111814
22/12/28 18:53:52 INFO TextDataModel: Feature appender loaded successfully!
22/12/28 18:53:52 INFO OracleAlgo: Job Setup completed.
** Training model in OracleAlgo **
22/12/28 18:53:52 INFO TextDataConvertor: Dataset: [exp00007/result/out-4.txt]
22/12/28 18:53:52 INFO TextDataConvertor: DataSet: exp00007/result/out-4.txt is finished
22/12/28 18:53:52 INFO TextDataConvertor: user number: 6000,	 item number is: 14623
22/12/28 18:53:52 INFO OracleAlgo: Job Train completed.
22/12/28 18:53:52 INFO OracleAlgo: begin recommend
22/12/28 18:53:53 INFO OracleAlgo: end recommend
22/12/28 18:53:53 INFO RecommenderJob: Evaluator info:NormalizedDCGEvaluator is 0.06145839404258354
22/12/28 18:53:53 INFO RecommenderJob: Evaluator info:PStatisticalParityEvaluator is -0.5971284996411185
22/12/28 18:53:53 INFO TextDataConvertor: Dataset: [../../../../data/split/cv_5/train.txt]
22/12/28 18:53:53 INFO TextDataConvertor: DataSet: .../../../../data/split/cv_5/train.txt is finished
22/12/28 18:53:54 INFO TextDataConvertor: rating Scale (real): 0.5 to 5.0
22/12/28 18:53:54 INFO TextDataConvertor: user number: 6000,	 item number is: 14623
22/12/28 18:53:54 INFO TextDataModel: Transform data to Convertor successfully!
22/12/28 18:53:54 INFO TextDataConvertor: Dataset: [../../../../data/split/cv_5/test.txt]
22/12/28 18:53:54 INFO TextDataConvertor: DataSet: ..../../../../data/split/cv_5/test.txt is finished
22/12/28 18:53:54 INFO TextDataConvertor: rating Scale (real): 0.5 to 5.0
22/12/28 18:53:54 INFO TextDataConvertor: user number: 6000,	 item number is: 14623
22/12/28 18:53:54 INFO TextDataModel: Split data to train Set and test Set successfully!
22/12/28 18:53:54 INFO TextDataModel: Data cardinality of training is 447256
22/12/28 18:53:54 INFO TextDataModel: Data cardinality of testing is 111814
22/12/28 18:53:54 INFO TextDataModel: Feature appender loaded successfully!
22/12/28 18:53:54 INFO OracleAlgo: Job Setup completed.
** Training model in OracleAlgo **
22/12/28 18:53:54 INFO TextDataConvertor: Dataset: [exp00007/result/out-5.txt]
22/12/28 18:53:54 INFO TextDataConvertor: DataSet: exp00007/result/out-5.txt is finished
22/12/28 18:53:54 INFO TextDataConvertor: user number: 6000,	 item number is: 14623
22/12/28 18:53:54 INFO OracleAlgo: Job Train completed.
22/12/28 18:53:54 INFO OracleAlgo: begin recommend
22/12/28 18:53:55 INFO OracleAlgo: end recommend
22/12/28 18:53:55 INFO RecommenderJob: Evaluator info:NormalizedDCGEvaluator is 0.06192291677986369
22/12/28 18:53:55 INFO RecommenderJob: Evaluator info:PStatisticalParityEvaluator is -0.5943695224468429
