22/12/29 13:56:35 INFO TextDataConvertor: Dataset: [../../../../data/ml_sample_6000.csv]
22/12/29 13:56:35 INFO TextDataConvertor: DataSet: ../../../../data/ml_sample_6000.csv is finished
22/12/29 13:56:35 INFO TextDataConvertor: rating Scale (real): 0.5 to 5.0
22/12/29 13:56:35 INFO TextDataConvertor: user number: 6000,	 item number is: 14623
22/12/29 13:56:35 INFO TextDataModel: Transform data to Convertor successfully!
22/12/29 13:56:36 INFO TextDataModel: Split data to train Set and test Set successfully!
22/12/29 13:56:36 INFO TextDataModel: Feature appender loaded successfully!
22/12/29 13:56:36 INFO TextDataConvertor: Dataset: [../../../../data/split/cv_1/train.txt]
22/12/29 13:56:36 INFO TextDataConvertor: DataSet: .../../../../data/split/cv_1/train.txt is finished
22/12/29 13:56:36 INFO TextDataConvertor: rating Scale (real): 0.5 to 5.0
22/12/29 13:56:36 INFO TextDataConvertor: user number: 6000,	 item number is: 14623
22/12/29 13:56:36 INFO TextDataModel: Transform data to Convertor successfully!
22/12/29 13:56:36 INFO TextDataConvertor: Dataset: [../../../../data/split/cv_1/test.txt]
22/12/29 13:56:37 INFO TextDataConvertor: DataSet: ..../../../../data/split/cv_1/test.txt is finished
22/12/29 13:56:37 INFO TextDataConvertor: rating Scale (real): 0.5 to 5.0
22/12/29 13:56:37 INFO TextDataConvertor: user number: 6000,	 item number is: 14623
22/12/29 13:56:37 INFO TextDataModel: Split data to train Set and test Set successfully!
22/12/29 13:56:37 INFO TextDataModel: Data cardinality of training is 447256
22/12/29 13:56:37 INFO TextDataModel: Data cardinality of testing is 111814
22/12/29 13:56:37 INFO TextDataModel: Feature appender loaded successfully!
22/12/29 13:56:37 INFO OracleAlgo: Job Setup completed.
** Training model in OracleAlgo **
22/12/29 13:56:37 INFO TextDataConvertor: Dataset: [exp00015/result/out-1.txt]
22/12/29 13:56:37 INFO TextDataConvertor: DataSet: exp00015/result/out-1.txt is finished
22/12/29 13:56:37 INFO TextDataConvertor: user number: 6000,	 item number is: 14623
22/12/29 13:56:37 INFO OracleAlgo: Job Train completed.
22/12/29 13:56:37 INFO OracleAlgo: begin recommend
22/12/29 13:56:39 INFO OracleAlgo: end recommend
22/12/29 13:56:39 INFO RecommenderJob: Evaluator info:NormalizedDCGEvaluator is 0.06187264169086069
22/12/29 13:56:39 INFO RecommenderJob: Evaluator info:PStatisticalParityEvaluator is -0.5752829171906404
22/12/29 13:56:39 INFO TextDataConvertor: Dataset: [../../../../data/split/cv_2/train.txt]
22/12/29 13:56:39 INFO TextDataConvertor: DataSet: .../../../../data/split/cv_2/train.txt is finished
22/12/29 13:56:40 INFO TextDataConvertor: rating Scale (real): 0.5 to 5.0
22/12/29 13:56:40 INFO TextDataConvertor: user number: 6000,	 item number is: 14623
22/12/29 13:56:40 INFO TextDataModel: Transform data to Convertor successfully!
22/12/29 13:56:40 INFO TextDataConvertor: Dataset: [../../../../data/split/cv_2/test.txt]
22/12/29 13:56:40 INFO TextDataConvertor: DataSet: ..../../../../data/split/cv_2/test.txt is finished
22/12/29 13:56:40 INFO TextDataConvertor: rating Scale (real): 0.5 to 5.0
22/12/29 13:56:40 INFO TextDataConvertor: user number: 6000,	 item number is: 14623
22/12/29 13:56:40 INFO TextDataModel: Split data to train Set and test Set successfully!
22/12/29 13:56:40 INFO TextDataModel: Data cardinality of training is 447256
22/12/29 13:56:40 INFO TextDataModel: Data cardinality of testing is 111814
22/12/29 13:56:40 INFO TextDataModel: Feature appender loaded successfully!
22/12/29 13:56:40 INFO OracleAlgo: Job Setup completed.
** Training model in OracleAlgo **
22/12/29 13:56:40 INFO TextDataConvertor: Dataset: [exp00015/result/out-2.txt]
22/12/29 13:56:40 INFO TextDataConvertor: DataSet: exp00015/result/out-2.txt is finished
22/12/29 13:56:40 INFO TextDataConvertor: user number: 6000,	 item number is: 14623
22/12/29 13:56:40 INFO OracleAlgo: Job Train completed.
22/12/29 13:56:40 INFO OracleAlgo: begin recommend
22/12/29 13:56:42 INFO OracleAlgo: end recommend
22/12/29 13:56:42 INFO RecommenderJob: Evaluator info:NormalizedDCGEvaluator is 0.06045509956513704
22/12/29 13:56:42 INFO RecommenderJob: Evaluator info:PStatisticalParityEvaluator is -0.5716895628903244
22/12/29 13:56:42 INFO TextDataConvertor: Dataset: [../../../../data/split/cv_3/train.txt]
22/12/29 13:56:42 INFO TextDataConvertor: DataSet: .../../../../data/split/cv_3/train.txt is finished
22/12/29 13:56:42 INFO TextDataConvertor: rating Scale (real): 0.5 to 5.0
22/12/29 13:56:42 INFO TextDataConvertor: user number: 6000,	 item number is: 14623
22/12/29 13:56:42 INFO TextDataModel: Transform data to Convertor successfully!
22/12/29 13:56:42 INFO TextDataConvertor: Dataset: [../../../../data/split/cv_3/test.txt]
22/12/29 13:56:42 INFO TextDataConvertor: DataSet: ..../../../../data/split/cv_3/test.txt is finished
22/12/29 13:56:42 INFO TextDataConvertor: rating Scale (real): 0.5 to 5.0
22/12/29 13:56:42 INFO TextDataConvertor: user number: 6000,	 item number is: 14623
22/12/29 13:56:43 INFO TextDataModel: Split data to train Set and test Set successfully!
22/12/29 13:56:43 INFO TextDataModel: Data cardinality of training is 447256
22/12/29 13:56:43 INFO TextDataModel: Data cardinality of testing is 111814
22/12/29 13:56:43 INFO TextDataModel: Feature appender loaded successfully!
22/12/29 13:56:43 INFO OracleAlgo: Job Setup completed.
** Training model in OracleAlgo **
22/12/29 13:56:43 INFO TextDataConvertor: Dataset: [exp00015/result/out-3.txt]
22/12/29 13:56:43 INFO TextDataConvertor: DataSet: exp00015/result/out-3.txt is finished
22/12/29 13:56:43 INFO TextDataConvertor: user number: 6000,	 item number is: 14623
22/12/29 13:56:43 INFO OracleAlgo: Job Train completed.
22/12/29 13:56:43 INFO OracleAlgo: begin recommend
22/12/29 13:56:45 INFO OracleAlgo: end recommend
22/12/29 13:56:45 INFO RecommenderJob: Evaluator info:NormalizedDCGEvaluator is 0.06148190125886586
22/12/29 13:56:45 INFO RecommenderJob: Evaluator info:PStatisticalParityEvaluator is -0.54851117068817
22/12/29 13:56:45 INFO TextDataConvertor: Dataset: [../../../../data/split/cv_4/train.txt]
22/12/29 13:56:45 INFO TextDataConvertor: DataSet: .../../../../data/split/cv_4/train.txt is finished
22/12/29 13:56:45 INFO TextDataConvertor: rating Scale (real): 0.5 to 5.0
22/12/29 13:56:45 INFO TextDataConvertor: user number: 6000,	 item number is: 14623
22/12/29 13:56:45 INFO TextDataModel: Transform data to Convertor successfully!
22/12/29 13:56:45 INFO TextDataConvertor: Dataset: [../../../../data/split/cv_4/test.txt]
22/12/29 13:56:45 INFO TextDataConvertor: DataSet: ..../../../../data/split/cv_4/test.txt is finished
22/12/29 13:56:45 INFO TextDataConvertor: rating Scale (real): 0.5 to 5.0
22/12/29 13:56:45 INFO TextDataConvertor: user number: 6000,	 item number is: 14623
22/12/29 13:56:46 INFO TextDataModel: Split data to train Set and test Set successfully!
22/12/29 13:56:46 INFO TextDataModel: Data cardinality of training is 447256
22/12/29 13:56:46 INFO TextDataModel: Data cardinality of testing is 111814
22/12/29 13:56:46 INFO TextDataModel: Feature appender loaded successfully!
22/12/29 13:56:46 INFO OracleAlgo: Job Setup completed.
** Training model in OracleAlgo **
22/12/29 13:56:46 INFO TextDataConvertor: Dataset: [exp00015/result/out-4.txt]
22/12/29 13:56:46 INFO TextDataConvertor: DataSet: exp00015/result/out-4.txt is finished
22/12/29 13:56:46 INFO TextDataConvertor: user number: 6000,	 item number is: 14623
22/12/29 13:56:46 INFO OracleAlgo: Job Train completed.
22/12/29 13:56:46 INFO OracleAlgo: begin recommend
22/12/29 13:56:47 INFO OracleAlgo: end recommend
22/12/29 13:56:47 INFO RecommenderJob: Evaluator info:NormalizedDCGEvaluator is 0.06145495891758814
22/12/29 13:56:47 INFO RecommenderJob: Evaluator info:PStatisticalParityEvaluator is -0.573431442928982
22/12/29 13:56:47 INFO TextDataConvertor: Dataset: [../../../../data/split/cv_5/train.txt]
22/12/29 13:56:48 INFO TextDataConvertor: DataSet: .../../../../data/split/cv_5/train.txt is finished
22/12/29 13:56:48 INFO TextDataConvertor: rating Scale (real): 0.5 to 5.0
22/12/29 13:56:48 INFO TextDataConvertor: user number: 6000,	 item number is: 14623
22/12/29 13:56:48 INFO TextDataModel: Transform data to Convertor successfully!
22/12/29 13:56:48 INFO TextDataConvertor: Dataset: [../../../../data/split/cv_5/test.txt]
22/12/29 13:56:48 INFO TextDataConvertor: DataSet: ..../../../../data/split/cv_5/test.txt is finished
22/12/29 13:56:48 INFO TextDataConvertor: rating Scale (real): 0.5 to 5.0
22/12/29 13:56:48 INFO TextDataConvertor: user number: 6000,	 item number is: 14623
22/12/29 13:56:48 INFO TextDataModel: Split data to train Set and test Set successfully!
22/12/29 13:56:48 INFO TextDataModel: Data cardinality of training is 447256
22/12/29 13:56:48 INFO TextDataModel: Data cardinality of testing is 111814
22/12/29 13:56:48 INFO TextDataModel: Feature appender loaded successfully!
22/12/29 13:56:48 INFO OracleAlgo: Job Setup completed.
** Training model in OracleAlgo **
22/12/29 13:56:48 INFO TextDataConvertor: Dataset: [exp00015/result/out-5.txt]
22/12/29 13:56:48 INFO TextDataConvertor: DataSet: exp00015/result/out-5.txt is finished
22/12/29 13:56:48 INFO TextDataConvertor: user number: 6000,	 item number is: 14623
22/12/29 13:56:48 INFO OracleAlgo: Job Train completed.
22/12/29 13:56:48 INFO OracleAlgo: begin recommend
22/12/29 13:56:50 INFO OracleAlgo: end recommend
22/12/29 13:56:50 INFO RecommenderJob: Evaluator info:NormalizedDCGEvaluator is 0.0606980797288997
22/12/29 13:56:50 INFO RecommenderJob: Evaluator info:PStatisticalParityEvaluator is -0.5749597567519746
