22/12/28 18:35:16 INFO TextDataConvertor: Dataset: [../../../../data/ml_sample_6000.csv]
22/12/28 18:35:17 INFO TextDataConvertor: DataSet: ../../../../data/ml_sample_6000.csv is finished
22/12/28 18:35:17 INFO TextDataConvertor: rating Scale (real): 0.5 to 5.0
22/12/28 18:35:17 INFO TextDataConvertor: user number: 6000,	 item number is: 14623
22/12/28 18:35:17 INFO TextDataModel: Transform data to Convertor successfully!
22/12/28 18:35:18 INFO TextDataModel: Split data to train Set and test Set successfully!
22/12/28 18:35:19 INFO TextDataModel: Feature appender loaded successfully!
22/12/28 18:35:19 INFO TextDataConvertor: Dataset: [../../../../data/split/cv_1/train.txt]
22/12/28 18:35:19 INFO TextDataConvertor: DataSet: .../../../../data/split/cv_1/train.txt is finished
22/12/28 18:35:19 INFO TextDataConvertor: rating Scale (real): 0.5 to 5.0
22/12/28 18:35:19 INFO TextDataConvertor: user number: 6000,	 item number is: 14623
22/12/28 18:35:19 INFO TextDataModel: Transform data to Convertor successfully!
22/12/28 18:35:19 INFO TextDataConvertor: Dataset: [../../../../data/split/cv_1/test.txt]
22/12/28 18:35:19 INFO TextDataConvertor: DataSet: ..../../../../data/split/cv_1/test.txt is finished
22/12/28 18:35:19 INFO TextDataConvertor: rating Scale (real): 0.5 to 5.0
22/12/28 18:35:19 INFO TextDataConvertor: user number: 6000,	 item number is: 14623
22/12/28 18:35:20 INFO TextDataModel: Split data to train Set and test Set successfully!
22/12/28 18:35:20 INFO TextDataModel: Data cardinality of training is 447256
22/12/28 18:35:20 INFO TextDataModel: Data cardinality of testing is 111814
22/12/28 18:35:20 INFO TextDataModel: Feature appender loaded successfully!
22/12/28 18:35:20 INFO OracleAlgo: Job Setup completed.
** Training model in OracleAlgo **
22/12/28 18:35:20 INFO TextDataConvertor: Dataset: [exp00006/result/out-1.txt]
22/12/28 18:35:20 INFO TextDataConvertor: DataSet: exp00006/result/out-1.txt is finished
22/12/28 18:35:20 INFO TextDataConvertor: user number: 6000,	 item number is: 14623
22/12/28 18:35:20 INFO OracleAlgo: Job Train completed.
22/12/28 18:35:20 INFO OracleAlgo: begin recommend
22/12/28 18:35:22 INFO OracleAlgo: end recommend
22/12/28 18:35:22 INFO RecommenderJob: Evaluator info:NormalizedDCGEvaluator is 0.06125666261505543
22/12/28 18:35:22 INFO RecommenderJob: Evaluator info:PStatisticalParityEvaluator is -0.5987857014550585
22/12/28 18:35:22 INFO TextDataConvertor: Dataset: [../../../../data/split/cv_2/train.txt]
22/12/28 18:35:23 INFO TextDataConvertor: DataSet: .../../../../data/split/cv_2/train.txt is finished
22/12/28 18:35:23 INFO TextDataConvertor: rating Scale (real): 0.5 to 5.0
22/12/28 18:35:23 INFO TextDataConvertor: user number: 6000,	 item number is: 14623
22/12/28 18:35:23 INFO TextDataModel: Transform data to Convertor successfully!
22/12/28 18:35:23 INFO TextDataConvertor: Dataset: [../../../../data/split/cv_2/test.txt]
22/12/28 18:35:23 INFO TextDataConvertor: DataSet: ..../../../../data/split/cv_2/test.txt is finished
22/12/28 18:35:23 INFO TextDataConvertor: rating Scale (real): 0.5 to 5.0
22/12/28 18:35:23 INFO TextDataConvertor: user number: 6000,	 item number is: 14623
22/12/28 18:35:23 INFO TextDataModel: Split data to train Set and test Set successfully!
22/12/28 18:35:23 INFO TextDataModel: Data cardinality of training is 447256
22/12/28 18:35:23 INFO TextDataModel: Data cardinality of testing is 111814
22/12/28 18:35:23 INFO TextDataModel: Feature appender loaded successfully!
22/12/28 18:35:23 INFO OracleAlgo: Job Setup completed.
** Training model in OracleAlgo **
22/12/28 18:35:23 INFO TextDataConvertor: Dataset: [exp00006/result/out-2.txt]
22/12/28 18:35:23 INFO TextDataConvertor: DataSet: exp00006/result/out-2.txt is finished
22/12/28 18:35:23 INFO TextDataConvertor: user number: 6000,	 item number is: 14623
22/12/28 18:35:23 INFO OracleAlgo: Job Train completed.
22/12/28 18:35:23 INFO OracleAlgo: begin recommend
22/12/28 18:35:25 INFO OracleAlgo: end recommend
22/12/28 18:35:25 INFO RecommenderJob: Evaluator info:NormalizedDCGEvaluator is 0.06027770159764649
22/12/28 18:35:25 INFO RecommenderJob: Evaluator info:PStatisticalParityEvaluator is -0.6043532560214662
22/12/28 18:35:25 INFO TextDataConvertor: Dataset: [../../../../data/split/cv_3/train.txt]
22/12/28 18:35:25 INFO TextDataConvertor: DataSet: .../../../../data/split/cv_3/train.txt is finished
22/12/28 18:35:25 INFO TextDataConvertor: rating Scale (real): 0.5 to 5.0
22/12/28 18:35:25 INFO TextDataConvertor: user number: 6000,	 item number is: 14623
22/12/28 18:35:25 INFO TextDataModel: Transform data to Convertor successfully!
22/12/28 18:35:25 INFO TextDataConvertor: Dataset: [../../../../data/split/cv_3/test.txt]
22/12/28 18:35:25 INFO TextDataConvertor: DataSet: ..../../../../data/split/cv_3/test.txt is finished
22/12/28 18:35:25 INFO TextDataConvertor: rating Scale (real): 0.5 to 5.0
22/12/28 18:35:25 INFO TextDataConvertor: user number: 6000,	 item number is: 14623
22/12/28 18:35:26 INFO TextDataModel: Split data to train Set and test Set successfully!
22/12/28 18:35:26 INFO TextDataModel: Data cardinality of training is 447256
22/12/28 18:35:26 INFO TextDataModel: Data cardinality of testing is 111814
22/12/28 18:35:26 INFO TextDataModel: Feature appender loaded successfully!
22/12/28 18:35:26 INFO OracleAlgo: Job Setup completed.
** Training model in OracleAlgo **
22/12/28 18:35:26 INFO TextDataConvertor: Dataset: [exp00006/result/out-3.txt]
22/12/28 18:35:26 INFO TextDataConvertor: DataSet: exp00006/result/out-3.txt is finished
22/12/28 18:35:26 INFO TextDataConvertor: user number: 6000,	 item number is: 14623
22/12/28 18:35:26 INFO OracleAlgo: Job Train completed.
22/12/28 18:35:26 INFO OracleAlgo: begin recommend
22/12/28 18:35:27 INFO OracleAlgo: end recommend
22/12/28 18:35:27 INFO RecommenderJob: Evaluator info:NormalizedDCGEvaluator is 0.06043850323860108
22/12/28 18:35:27 INFO RecommenderJob: Evaluator info:PStatisticalParityEvaluator is -0.6193744414656539
22/12/28 18:35:27 INFO TextDataConvertor: Dataset: [../../../../data/split/cv_4/train.txt]
22/12/28 18:35:28 INFO TextDataConvertor: DataSet: .../../../../data/split/cv_4/train.txt is finished
22/12/28 18:35:28 INFO TextDataConvertor: rating Scale (real): 0.5 to 5.0
22/12/28 18:35:28 INFO TextDataConvertor: user number: 6000,	 item number is: 14623
22/12/28 18:35:28 INFO TextDataModel: Transform data to Convertor successfully!
22/12/28 18:35:28 INFO TextDataConvertor: Dataset: [../../../../data/split/cv_4/test.txt]
22/12/28 18:35:28 INFO TextDataConvertor: DataSet: ..../../../../data/split/cv_4/test.txt is finished
22/12/28 18:35:28 INFO TextDataConvertor: rating Scale (real): 0.5 to 5.0
22/12/28 18:35:28 INFO TextDataConvertor: user number: 6000,	 item number is: 14623
22/12/28 18:35:28 INFO TextDataModel: Split data to train Set and test Set successfully!
22/12/28 18:35:28 INFO TextDataModel: Data cardinality of training is 447256
22/12/28 18:35:28 INFO TextDataModel: Data cardinality of testing is 111814
22/12/28 18:35:28 INFO TextDataModel: Feature appender loaded successfully!
22/12/28 18:35:28 INFO OracleAlgo: Job Setup completed.
** Training model in OracleAlgo **
22/12/28 18:35:28 INFO TextDataConvertor: Dataset: [exp00006/result/out-4.txt]
22/12/28 18:35:29 INFO TextDataConvertor: DataSet: exp00006/result/out-4.txt is finished
22/12/28 18:35:29 INFO TextDataConvertor: user number: 6000,	 item number is: 14623
22/12/28 18:35:29 INFO OracleAlgo: Job Train completed.
22/12/28 18:35:29 INFO OracleAlgo: begin recommend
22/12/28 18:35:30 INFO OracleAlgo: end recommend
22/12/28 18:35:30 INFO RecommenderJob: Evaluator info:NormalizedDCGEvaluator is 0.05984153248512528
22/12/28 18:35:30 INFO RecommenderJob: Evaluator info:PStatisticalParityEvaluator is -0.6203661162958234
22/12/28 18:35:30 INFO TextDataConvertor: Dataset: [../../../../data/split/cv_5/train.txt]
22/12/28 18:35:30 INFO TextDataConvertor: DataSet: .../../../../data/split/cv_5/train.txt is finished
22/12/28 18:35:31 INFO TextDataConvertor: rating Scale (real): 0.5 to 5.0
22/12/28 18:35:31 INFO TextDataConvertor: user number: 6000,	 item number is: 14623
22/12/28 18:35:31 INFO TextDataModel: Transform data to Convertor successfully!
22/12/28 18:35:31 INFO TextDataConvertor: Dataset: [../../../../data/split/cv_5/test.txt]
22/12/28 18:35:31 INFO TextDataConvertor: DataSet: ..../../../../data/split/cv_5/test.txt is finished
22/12/28 18:35:31 INFO TextDataConvertor: rating Scale (real): 0.5 to 5.0
22/12/28 18:35:31 INFO TextDataConvertor: user number: 6000,	 item number is: 14623
22/12/28 18:35:31 INFO TextDataModel: Split data to train Set and test Set successfully!
22/12/28 18:35:31 INFO TextDataModel: Data cardinality of training is 447256
22/12/28 18:35:31 INFO TextDataModel: Data cardinality of testing is 111814
22/12/28 18:35:31 INFO TextDataModel: Feature appender loaded successfully!
22/12/28 18:35:31 INFO OracleAlgo: Job Setup completed.
** Training model in OracleAlgo **
22/12/28 18:35:31 INFO TextDataConvertor: Dataset: [exp00006/result/out-5.txt]
22/12/28 18:35:31 INFO TextDataConvertor: DataSet: exp00006/result/out-5.txt is finished
22/12/28 18:35:31 INFO TextDataConvertor: user number: 6000,	 item number is: 14623
22/12/28 18:35:31 INFO OracleAlgo: Job Train completed.
22/12/28 18:35:31 INFO OracleAlgo: begin recommend
22/12/28 18:35:33 INFO OracleAlgo: end recommend
22/12/28 18:35:33 INFO RecommenderJob: Evaluator info:NormalizedDCGEvaluator is 0.06124840525556555
22/12/28 18:35:33 INFO RecommenderJob: Evaluator info:PStatisticalParityEvaluator is -0.6016311929887872
