22/12/29 12:26:49 INFO TextDataConvertor: Dataset: [../../../../data/ml_sample_6000.csv]
22/12/29 12:26:50 INFO TextDataConvertor: DataSet: ../../../../data/ml_sample_6000.csv is finished
22/12/29 12:26:50 INFO TextDataConvertor: rating Scale (real): 0.5 to 5.0
22/12/29 12:26:50 INFO TextDataConvertor: user number: 6000,	 item number is: 14623
22/12/29 12:26:50 INFO TextDataModel: Transform data to Convertor successfully!
22/12/29 12:26:51 INFO TextDataModel: Split data to train Set and test Set successfully!
22/12/29 12:26:52 INFO TextDataModel: Feature appender loaded successfully!
22/12/29 12:26:52 INFO TextDataConvertor: Dataset: [../../../../data/split/cv_1/train.txt]
22/12/29 12:26:52 INFO TextDataConvertor: DataSet: .../../../../data/split/cv_1/train.txt is finished
22/12/29 12:26:52 INFO TextDataConvertor: rating Scale (real): 0.5 to 5.0
22/12/29 12:26:52 INFO TextDataConvertor: user number: 6000,	 item number is: 14623
22/12/29 12:26:52 INFO TextDataModel: Transform data to Convertor successfully!
22/12/29 12:26:52 INFO TextDataConvertor: Dataset: [../../../../data/split/cv_1/test.txt]
22/12/29 12:26:52 INFO TextDataConvertor: DataSet: ..../../../../data/split/cv_1/test.txt is finished
22/12/29 12:26:52 INFO TextDataConvertor: rating Scale (real): 0.5 to 5.0
22/12/29 12:26:52 INFO TextDataConvertor: user number: 6000,	 item number is: 14623
22/12/29 12:26:53 INFO TextDataModel: Split data to train Set and test Set successfully!
22/12/29 12:26:53 INFO TextDataModel: Data cardinality of training is 447256
22/12/29 12:26:53 INFO TextDataModel: Data cardinality of testing is 111814
22/12/29 12:26:53 INFO TextDataModel: Feature appender loaded successfully!
22/12/29 12:26:53 INFO OracleAlgo: Job Setup completed.
** Training model in OracleAlgo **
22/12/29 12:26:53 INFO TextDataConvertor: Dataset: [exp00014/result/out-1.txt]
22/12/29 12:26:53 INFO TextDataConvertor: DataSet: exp00014/result/out-1.txt is finished
22/12/29 12:26:53 INFO TextDataConvertor: user number: 6000,	 item number is: 14623
22/12/29 12:26:53 INFO OracleAlgo: Job Train completed.
22/12/29 12:26:53 INFO OracleAlgo: begin recommend
22/12/29 12:26:55 INFO OracleAlgo: end recommend
22/12/29 12:26:55 INFO RecommenderJob: Evaluator info:NormalizedDCGEvaluator is 0.0621064342598825
22/12/29 12:26:55 INFO RecommenderJob: Evaluator info:PStatisticalParityEvaluator is -0.5966660679001805
22/12/29 12:26:55 INFO TextDataConvertor: Dataset: [../../../../data/split/cv_2/train.txt]
22/12/29 12:26:55 INFO TextDataConvertor: DataSet: .../../../../data/split/cv_2/train.txt is finished
22/12/29 12:26:55 INFO TextDataConvertor: rating Scale (real): 0.5 to 5.0
22/12/29 12:26:55 INFO TextDataConvertor: user number: 6000,	 item number is: 14623
22/12/29 12:26:55 INFO TextDataModel: Transform data to Convertor successfully!
22/12/29 12:26:55 INFO TextDataConvertor: Dataset: [../../../../data/split/cv_2/test.txt]
22/12/29 12:26:55 INFO TextDataConvertor: DataSet: ..../../../../data/split/cv_2/test.txt is finished
22/12/29 12:26:55 INFO TextDataConvertor: rating Scale (real): 0.5 to 5.0
22/12/29 12:26:55 INFO TextDataConvertor: user number: 6000,	 item number is: 14623
22/12/29 12:26:56 INFO TextDataModel: Split data to train Set and test Set successfully!
22/12/29 12:26:56 INFO TextDataModel: Data cardinality of training is 447256
22/12/29 12:26:56 INFO TextDataModel: Data cardinality of testing is 111814
22/12/29 12:26:56 INFO TextDataModel: Feature appender loaded successfully!
22/12/29 12:26:56 INFO OracleAlgo: Job Setup completed.
** Training model in OracleAlgo **
22/12/29 12:26:56 INFO TextDataConvertor: Dataset: [exp00014/result/out-2.txt]
22/12/29 12:26:56 INFO TextDataConvertor: DataSet: exp00014/result/out-2.txt is finished
22/12/29 12:26:56 INFO TextDataConvertor: user number: 6000,	 item number is: 14623
22/12/29 12:26:56 INFO OracleAlgo: Job Train completed.
22/12/29 12:26:56 INFO OracleAlgo: begin recommend
22/12/29 12:26:58 INFO OracleAlgo: end recommend
22/12/29 12:26:58 INFO RecommenderJob: Evaluator info:NormalizedDCGEvaluator is 0.0597442479827305
22/12/29 12:26:58 INFO RecommenderJob: Evaluator info:PStatisticalParityEvaluator is -0.59575379125786
22/12/29 12:26:58 INFO TextDataConvertor: Dataset: [../../../../data/split/cv_3/train.txt]
22/12/29 12:26:58 INFO TextDataConvertor: DataSet: .../../../../data/split/cv_3/train.txt is finished
22/12/29 12:26:58 INFO TextDataConvertor: rating Scale (real): 0.5 to 5.0
22/12/29 12:26:58 INFO TextDataConvertor: user number: 6000,	 item number is: 14623
22/12/29 12:26:58 INFO TextDataModel: Transform data to Convertor successfully!
22/12/29 12:26:58 INFO TextDataConvertor: Dataset: [../../../../data/split/cv_3/test.txt]
22/12/29 12:26:58 INFO TextDataConvertor: DataSet: ..../../../../data/split/cv_3/test.txt is finished
22/12/29 12:26:58 INFO TextDataConvertor: rating Scale (real): 0.5 to 5.0
22/12/29 12:26:58 INFO TextDataConvertor: user number: 6000,	 item number is: 14623
22/12/29 12:26:58 INFO TextDataModel: Split data to train Set and test Set successfully!
22/12/29 12:26:58 INFO TextDataModel: Data cardinality of training is 447256
22/12/29 12:26:58 INFO TextDataModel: Data cardinality of testing is 111814
22/12/29 12:26:58 INFO TextDataModel: Feature appender loaded successfully!
22/12/29 12:26:58 INFO OracleAlgo: Job Setup completed.
** Training model in OracleAlgo **
22/12/29 12:26:58 INFO TextDataConvertor: Dataset: [exp00014/result/out-3.txt]
22/12/29 12:26:59 INFO TextDataConvertor: DataSet: exp00014/result/out-3.txt is finished
22/12/29 12:26:59 INFO TextDataConvertor: user number: 6000,	 item number is: 14623
22/12/29 12:26:59 INFO OracleAlgo: Job Train completed.
22/12/29 12:26:59 INFO OracleAlgo: begin recommend
22/12/29 12:27:00 INFO OracleAlgo: end recommend
22/12/29 12:27:00 INFO RecommenderJob: Evaluator info:NormalizedDCGEvaluator is 0.06160716516434085
22/12/29 12:27:00 INFO RecommenderJob: Evaluator info:PStatisticalParityEvaluator is -0.5971617515639522
22/12/29 12:27:00 INFO TextDataConvertor: Dataset: [../../../../data/split/cv_4/train.txt]
22/12/29 12:27:01 INFO TextDataConvertor: DataSet: .../../../../data/split/cv_4/train.txt is finished
22/12/29 12:27:01 INFO TextDataConvertor: rating Scale (real): 0.5 to 5.0
22/12/29 12:27:01 INFO TextDataConvertor: user number: 6000,	 item number is: 14623
22/12/29 12:27:01 INFO TextDataModel: Transform data to Convertor successfully!
22/12/29 12:27:01 INFO TextDataConvertor: Dataset: [../../../../data/split/cv_4/test.txt]
22/12/29 12:27:01 INFO TextDataConvertor: DataSet: ..../../../../data/split/cv_4/test.txt is finished
22/12/29 12:27:01 INFO TextDataConvertor: rating Scale (real): 0.5 to 5.0
22/12/29 12:27:01 INFO TextDataConvertor: user number: 6000,	 item number is: 14623
22/12/29 12:27:01 INFO TextDataModel: Split data to train Set and test Set successfully!
22/12/29 12:27:01 INFO TextDataModel: Data cardinality of training is 447256
22/12/29 12:27:01 INFO TextDataModel: Data cardinality of testing is 111814
22/12/29 12:27:01 INFO TextDataModel: Feature appender loaded successfully!
22/12/29 12:27:01 INFO OracleAlgo: Job Setup completed.
** Training model in OracleAlgo **
22/12/29 12:27:01 INFO TextDataConvertor: Dataset: [exp00014/result/out-4.txt]
22/12/29 12:27:01 INFO TextDataConvertor: DataSet: exp00014/result/out-4.txt is finished
22/12/29 12:27:01 INFO TextDataConvertor: user number: 6000,	 item number is: 14623
22/12/29 12:27:01 INFO OracleAlgo: Job Train completed.
22/12/29 12:27:01 INFO OracleAlgo: begin recommend
22/12/29 12:27:03 INFO OracleAlgo: end recommend
22/12/29 12:27:03 INFO RecommenderJob: Evaluator info:NormalizedDCGEvaluator is 0.05957406925007395
22/12/29 12:27:03 INFO RecommenderJob: Evaluator info:PStatisticalParityEvaluator is -0.5972505384063738
22/12/29 12:27:03 INFO TextDataConvertor: Dataset: [../../../../data/split/cv_5/train.txt]
22/12/29 12:27:03 INFO TextDataConvertor: DataSet: .../../../../data/split/cv_5/train.txt is finished
22/12/29 12:27:03 INFO TextDataConvertor: rating Scale (real): 0.5 to 5.0
22/12/29 12:27:03 INFO TextDataConvertor: user number: 6000,	 item number is: 14623
22/12/29 12:27:03 INFO TextDataModel: Transform data to Convertor successfully!
22/12/29 12:27:03 INFO TextDataConvertor: Dataset: [../../../../data/split/cv_5/test.txt]
22/12/29 12:27:03 INFO TextDataConvertor: DataSet: ..../../../../data/split/cv_5/test.txt is finished
22/12/29 12:27:03 INFO TextDataConvertor: rating Scale (real): 0.5 to 5.0
22/12/29 12:27:03 INFO TextDataConvertor: user number: 6000,	 item number is: 14623
22/12/29 12:27:04 INFO TextDataModel: Split data to train Set and test Set successfully!
22/12/29 12:27:04 INFO TextDataModel: Data cardinality of training is 447256
22/12/29 12:27:04 INFO TextDataModel: Data cardinality of testing is 111814
22/12/29 12:27:04 INFO TextDataModel: Feature appender loaded successfully!
22/12/29 12:27:04 INFO OracleAlgo: Job Setup completed.
** Training model in OracleAlgo **
22/12/29 12:27:04 INFO TextDataConvertor: Dataset: [exp00014/result/out-5.txt]
22/12/29 12:27:04 INFO TextDataConvertor: DataSet: exp00014/result/out-5.txt is finished
22/12/29 12:27:04 INFO TextDataConvertor: user number: 6000,	 item number is: 14623
22/12/29 12:27:04 INFO OracleAlgo: Job Train completed.
22/12/29 12:27:04 INFO OracleAlgo: begin recommend
22/12/29 12:27:07 INFO OracleAlgo: end recommend
22/12/29 12:27:07 INFO RecommenderJob: Evaluator info:NormalizedDCGEvaluator is 0.06170152918660424
22/12/29 12:27:07 INFO RecommenderJob: Evaluator info:PStatisticalParityEvaluator is -0.5957932391343772
