23/04/01 12:23:50 INFO TextDataConvertor: Dataset: [../../../../data/ml_sample_6000.csv]
23/04/01 12:23:51 INFO TextDataConvertor: DataSet: ../../../../data/ml_sample_6000.csv is finished
23/04/01 12:23:51 INFO TextDataConvertor: rating Scale (real): 0.5 to 5.0
23/04/01 12:23:51 INFO TextDataConvertor: user number: 6000,	 item number is: 14623
23/04/01 12:23:51 INFO TextDataModel: Transform data to Convertor successfully!
23/04/01 12:23:53 INFO TextDataModel: Split data to train Set and test Set successfully!
23/04/01 12:23:53 INFO TextDataModel: Feature appender loaded successfully!
23/04/01 12:23:53 INFO TextDataConvertor: Dataset: [../../../../data/split/cv_1/train.txt]
23/04/01 12:23:53 INFO TextDataConvertor: DataSet: .../../../../data/split/cv_1/train.txt is finished
23/04/01 12:23:53 INFO TextDataConvertor: rating Scale (real): 0.5 to 5.0
23/04/01 12:23:53 INFO TextDataConvertor: user number: 6000,	 item number is: 14623
23/04/01 12:23:53 INFO TextDataModel: Transform data to Convertor successfully!
23/04/01 12:23:53 INFO TextDataConvertor: Dataset: [../../../../data/split/cv_1/test.txt]
23/04/01 12:23:53 INFO TextDataConvertor: DataSet: ..../../../../data/split/cv_1/test.txt is finished
23/04/01 12:23:53 INFO TextDataConvertor: rating Scale (real): 0.5 to 5.0
23/04/01 12:23:53 INFO TextDataConvertor: user number: 6000,	 item number is: 14623
23/04/01 12:23:54 INFO TextDataModel: Split data to train Set and test Set successfully!
23/04/01 12:23:54 INFO TextDataModel: Data cardinality of training is 447256
23/04/01 12:23:54 INFO TextDataModel: Data cardinality of testing is 111814
23/04/01 12:23:54 INFO TextDataModel: Feature appender loaded successfully!
23/04/01 12:24:06 INFO OracleAlgo: Job Setup completed.
** Training model in OracleAlgo **
23/04/01 12:24:06 INFO TextDataConvertor: Dataset: [exp00000/result/out-1.txt]
23/04/01 12:24:06 INFO TextDataConvertor: DataSet: exp00000/result/out-1.txt is finished
23/04/01 12:24:06 INFO TextDataConvertor: user number: 6000,	 item number is: 14623
23/04/01 12:24:06 INFO OracleAlgo: Job Train completed.
23/04/01 12:24:06 INFO OracleAlgo: begin recommend
23/04/01 12:24:10 INFO OracleAlgo: end recommend
23/04/01 12:24:10 INFO RecommenderJob: Evaluator info:NormalizedDCGEvaluator is 0.028481252339794216
23/04/01 12:24:10 INFO RecommenderJob: Evaluator info:PStatisticalParityEvaluator is -0.8130339500628855
23/04/01 12:24:10 INFO TextDataConvertor: Dataset: [../../../../data/split/cv_2/train.txt]
23/04/01 12:24:10 INFO TextDataConvertor: DataSet: .../../../../data/split/cv_2/train.txt is finished
23/04/01 12:24:10 INFO TextDataConvertor: rating Scale (real): 0.5 to 5.0
23/04/01 12:24:10 INFO TextDataConvertor: user number: 6000,	 item number is: 14623
23/04/01 12:24:10 INFO TextDataModel: Transform data to Convertor successfully!
23/04/01 12:24:10 INFO TextDataConvertor: Dataset: [../../../../data/split/cv_2/test.txt]
23/04/01 12:24:10 INFO TextDataConvertor: DataSet: ..../../../../data/split/cv_2/test.txt is finished
23/04/01 12:24:10 INFO TextDataConvertor: rating Scale (real): 0.5 to 5.0
23/04/01 12:24:10 INFO TextDataConvertor: user number: 6000,	 item number is: 14623
23/04/01 12:24:10 INFO TextDataModel: Split data to train Set and test Set successfully!
23/04/01 12:24:10 INFO TextDataModel: Data cardinality of training is 447256
23/04/01 12:24:10 INFO TextDataModel: Data cardinality of testing is 111814
23/04/01 12:24:11 INFO TextDataModel: Feature appender loaded successfully!
23/04/01 12:24:21 INFO OracleAlgo: Job Setup completed.
** Training model in OracleAlgo **
23/04/01 12:24:21 INFO TextDataConvertor: Dataset: [exp00000/result/out-2.txt]
23/04/01 12:24:21 INFO TextDataConvertor: DataSet: exp00000/result/out-2.txt is finished
23/04/01 12:24:21 INFO TextDataConvertor: user number: 6000,	 item number is: 14623
23/04/01 12:24:21 INFO OracleAlgo: Job Train completed.
23/04/01 12:24:21 INFO OracleAlgo: begin recommend
23/04/01 12:24:23 INFO OracleAlgo: end recommend
23/04/01 12:24:23 INFO RecommenderJob: Evaluator info:NormalizedDCGEvaluator is 0.028127231255639172
23/04/01 12:24:23 INFO RecommenderJob: Evaluator info:PStatisticalParityEvaluator is -0.8260767172167819
23/04/01 12:24:23 INFO TextDataConvertor: Dataset: [../../../../data/split/cv_3/train.txt]
23/04/01 12:24:24 INFO TextDataConvertor: DataSet: .../../../../data/split/cv_3/train.txt is finished
23/04/01 12:24:24 INFO TextDataConvertor: rating Scale (real): 0.5 to 5.0
23/04/01 12:24:24 INFO TextDataConvertor: user number: 6000,	 item number is: 14623
23/04/01 12:24:24 INFO TextDataModel: Transform data to Convertor successfully!
23/04/01 12:24:24 INFO TextDataConvertor: Dataset: [../../../../data/split/cv_3/test.txt]
23/04/01 12:24:24 INFO TextDataConvertor: DataSet: ..../../../../data/split/cv_3/test.txt is finished
23/04/01 12:24:24 INFO TextDataConvertor: rating Scale (real): 0.5 to 5.0
23/04/01 12:24:24 INFO TextDataConvertor: user number: 6000,	 item number is: 14623
23/04/01 12:24:24 INFO TextDataModel: Split data to train Set and test Set successfully!
23/04/01 12:24:24 INFO TextDataModel: Data cardinality of training is 447256
23/04/01 12:24:24 INFO TextDataModel: Data cardinality of testing is 111814
23/04/01 12:24:24 INFO TextDataModel: Feature appender loaded successfully!
23/04/01 12:24:35 INFO OracleAlgo: Job Setup completed.
** Training model in OracleAlgo **
23/04/01 12:24:35 INFO TextDataConvertor: Dataset: [exp00000/result/out-3.txt]
23/04/01 12:24:35 INFO TextDataConvertor: DataSet: exp00000/result/out-3.txt is finished
23/04/01 12:24:35 INFO TextDataConvertor: user number: 6000,	 item number is: 14623
23/04/01 12:24:35 INFO OracleAlgo: Job Train completed.
23/04/01 12:24:35 INFO OracleAlgo: begin recommend
23/04/01 12:24:38 INFO OracleAlgo: end recommend
23/04/01 12:24:38 INFO RecommenderJob: Evaluator info:NormalizedDCGEvaluator is 0.027431558141244747
23/04/01 12:24:38 INFO RecommenderJob: Evaluator info:PStatisticalParityEvaluator is -0.8302698838248519
23/04/01 12:24:38 INFO TextDataConvertor: Dataset: [../../../../data/split/cv_4/train.txt]
23/04/01 12:24:38 INFO TextDataConvertor: DataSet: .../../../../data/split/cv_4/train.txt is finished
23/04/01 12:24:38 INFO TextDataConvertor: rating Scale (real): 0.5 to 5.0
23/04/01 12:24:38 INFO TextDataConvertor: user number: 6000,	 item number is: 14623
23/04/01 12:24:38 INFO TextDataModel: Transform data to Convertor successfully!
23/04/01 12:24:38 INFO TextDataConvertor: Dataset: [../../../../data/split/cv_4/test.txt]
23/04/01 12:24:38 INFO TextDataConvertor: DataSet: ..../../../../data/split/cv_4/test.txt is finished
23/04/01 12:24:38 INFO TextDataConvertor: rating Scale (real): 0.5 to 5.0
23/04/01 12:24:38 INFO TextDataConvertor: user number: 6000,	 item number is: 14623
23/04/01 12:24:39 INFO TextDataModel: Split data to train Set and test Set successfully!
23/04/01 12:24:39 INFO TextDataModel: Data cardinality of training is 447256
23/04/01 12:24:39 INFO TextDataModel: Data cardinality of testing is 111814
23/04/01 12:24:39 INFO TextDataModel: Feature appender loaded successfully!
23/04/01 12:24:49 INFO OracleAlgo: Job Setup completed.
** Training model in OracleAlgo **
23/04/01 12:24:49 INFO TextDataConvertor: Dataset: [exp00000/result/out-4.txt]
23/04/01 12:24:49 INFO TextDataConvertor: DataSet: exp00000/result/out-4.txt is finished
23/04/01 12:24:49 INFO TextDataConvertor: user number: 6000,	 item number is: 14623
23/04/01 12:24:49 INFO OracleAlgo: Job Train completed.
23/04/01 12:24:49 INFO OracleAlgo: begin recommend
23/04/01 12:24:51 INFO OracleAlgo: end recommend
23/04/01 12:24:51 INFO RecommenderJob: Evaluator info:NormalizedDCGEvaluator is 0.027599144830551425
23/04/01 12:24:51 INFO RecommenderJob: Evaluator info:PStatisticalParityEvaluator is -0.8473007896626172
23/04/01 12:24:51 INFO TextDataConvertor: Dataset: [../../../../data/split/cv_5/train.txt]
23/04/01 12:24:52 INFO TextDataConvertor: DataSet: .../../../../data/split/cv_5/train.txt is finished
23/04/01 12:24:52 INFO TextDataConvertor: rating Scale (real): 0.5 to 5.0
23/04/01 12:24:52 INFO TextDataConvertor: user number: 6000,	 item number is: 14623
23/04/01 12:24:52 INFO TextDataModel: Transform data to Convertor successfully!
23/04/01 12:24:52 INFO TextDataConvertor: Dataset: [../../../../data/split/cv_5/test.txt]
23/04/01 12:24:52 INFO TextDataConvertor: DataSet: ..../../../../data/split/cv_5/test.txt is finished
23/04/01 12:24:52 INFO TextDataConvertor: rating Scale (real): 0.5 to 5.0
23/04/01 12:24:52 INFO TextDataConvertor: user number: 6000,	 item number is: 14623
23/04/01 12:24:52 INFO TextDataModel: Split data to train Set and test Set successfully!
23/04/01 12:24:52 INFO TextDataModel: Data cardinality of training is 447256
23/04/01 12:24:52 INFO TextDataModel: Data cardinality of testing is 111814
23/04/01 12:24:52 INFO TextDataModel: Feature appender loaded successfully!
23/04/01 12:25:02 INFO OracleAlgo: Job Setup completed.
** Training model in OracleAlgo **
23/04/01 12:25:02 INFO TextDataConvertor: Dataset: [exp00000/result/out-5.txt]
23/04/01 12:25:02 INFO TextDataConvertor: DataSet: exp00000/result/out-5.txt is finished
23/04/01 12:25:02 INFO TextDataConvertor: user number: 6000,	 item number is: 14623
23/04/01 12:25:02 INFO OracleAlgo: Job Train completed.
23/04/01 12:25:02 INFO OracleAlgo: begin recommend
23/04/01 12:25:04 INFO OracleAlgo: end recommend
23/04/01 12:25:04 INFO RecommenderJob: Evaluator info:NormalizedDCGEvaluator is 0.028404295813974297
23/04/01 12:25:04 INFO RecommenderJob: Evaluator info:PStatisticalParityEvaluator is -0.8362868896440812
