22/12/28 19:55:04 INFO TextDataConvertor: Dataset: [../../../../data/ml_sample_6000.csv]
22/12/28 19:55:05 INFO TextDataConvertor: DataSet: ../../../../data/ml_sample_6000.csv is finished
22/12/28 19:55:05 INFO TextDataConvertor: rating Scale (real): 0.5 to 5.0
22/12/28 19:55:05 INFO TextDataConvertor: user number: 6000,	 item number is: 14623
22/12/28 19:55:05 INFO TextDataModel: Transform data to Convertor successfully!
22/12/28 19:55:07 INFO TextDataModel: Split data to train Set and test Set successfully!
22/12/28 19:55:07 INFO TextDataModel: Feature appender loaded successfully!
22/12/28 19:55:07 INFO TextDataConvertor: Dataset: [../../../../data/split/cv_1/train.txt]
22/12/28 19:55:08 INFO TextDataConvertor: DataSet: .../../../../data/split/cv_1/train.txt is finished
22/12/28 19:55:08 INFO TextDataConvertor: rating Scale (real): 0.5 to 5.0
22/12/28 19:55:08 INFO TextDataConvertor: user number: 6000,	 item number is: 14623
22/12/28 19:55:08 INFO TextDataModel: Transform data to Convertor successfully!
22/12/28 19:55:08 INFO TextDataConvertor: Dataset: [../../../../data/split/cv_1/test.txt]
22/12/28 19:55:08 INFO TextDataConvertor: DataSet: ..../../../../data/split/cv_1/test.txt is finished
22/12/28 19:55:08 INFO TextDataConvertor: rating Scale (real): 0.5 to 5.0
22/12/28 19:55:08 INFO TextDataConvertor: user number: 6000,	 item number is: 14623
22/12/28 19:55:08 INFO TextDataModel: Split data to train Set and test Set successfully!
22/12/28 19:55:08 INFO TextDataModel: Data cardinality of training is 447256
22/12/28 19:55:08 INFO TextDataModel: Data cardinality of testing is 111814
22/12/28 19:55:08 INFO TextDataModel: Feature appender loaded successfully!
22/12/28 19:55:08 INFO OracleAlgo: Job Setup completed.
** Training model in OracleAlgo **
22/12/28 19:55:08 INFO TextDataConvertor: Dataset: [exp00011/result/out-1.txt]
22/12/28 19:55:09 INFO TextDataConvertor: DataSet: exp00011/result/out-1.txt is finished
22/12/28 19:55:09 INFO TextDataConvertor: user number: 6000,	 item number is: 14623
22/12/28 19:55:09 INFO OracleAlgo: Job Train completed.
22/12/28 19:55:09 INFO OracleAlgo: begin recommend
22/12/28 19:55:11 INFO OracleAlgo: end recommend
22/12/28 19:55:11 INFO RecommenderJob: Evaluator info:NormalizedDCGEvaluator is 0.06664296708022527
22/12/28 19:55:11 INFO RecommenderJob: Evaluator info:PStatisticalParityEvaluator is -0.5807149272499165
22/12/28 19:55:11 INFO TextDataConvertor: Dataset: [../../../../data/split/cv_2/train.txt]
22/12/28 19:55:11 INFO TextDataConvertor: DataSet: .../../../../data/split/cv_2/train.txt is finished
22/12/28 19:55:11 INFO TextDataConvertor: rating Scale (real): 0.5 to 5.0
22/12/28 19:55:11 INFO TextDataConvertor: user number: 6000,	 item number is: 14623
22/12/28 19:55:11 INFO TextDataModel: Transform data to Convertor successfully!
22/12/28 19:55:11 INFO TextDataConvertor: Dataset: [../../../../data/split/cv_2/test.txt]
22/12/28 19:55:11 INFO TextDataConvertor: DataSet: ..../../../../data/split/cv_2/test.txt is finished
22/12/28 19:55:11 INFO TextDataConvertor: rating Scale (real): 0.5 to 5.0
22/12/28 19:55:11 INFO TextDataConvertor: user number: 6000,	 item number is: 14623
22/12/28 19:55:12 INFO TextDataModel: Split data to train Set and test Set successfully!
22/12/28 19:55:12 INFO TextDataModel: Data cardinality of training is 447256
22/12/28 19:55:12 INFO TextDataModel: Data cardinality of testing is 111814
22/12/28 19:55:12 INFO TextDataModel: Feature appender loaded successfully!
22/12/28 19:55:12 INFO OracleAlgo: Job Setup completed.
** Training model in OracleAlgo **
22/12/28 19:55:12 INFO TextDataConvertor: Dataset: [exp00011/result/out-2.txt]
22/12/28 19:55:12 INFO TextDataConvertor: DataSet: exp00011/result/out-2.txt is finished
22/12/28 19:55:12 INFO TextDataConvertor: user number: 6000,	 item number is: 14623
22/12/28 19:55:12 INFO OracleAlgo: Job Train completed.
22/12/28 19:55:12 INFO OracleAlgo: begin recommend
22/12/28 19:55:14 INFO OracleAlgo: end recommend
22/12/28 19:55:14 INFO RecommenderJob: Evaluator info:NormalizedDCGEvaluator is 0.06408298688802319
22/12/28 19:55:14 INFO RecommenderJob: Evaluator info:PStatisticalParityEvaluator is -0.5767921498662444
22/12/28 19:55:14 INFO TextDataConvertor: Dataset: [../../../../data/split/cv_3/train.txt]
22/12/28 19:55:14 INFO TextDataConvertor: DataSet: .../../../../data/split/cv_3/train.txt is finished
22/12/28 19:55:14 INFO TextDataConvertor: rating Scale (real): 0.5 to 5.0
22/12/28 19:55:14 INFO TextDataConvertor: user number: 6000,	 item number is: 14623
22/12/28 19:55:14 INFO TextDataModel: Transform data to Convertor successfully!
22/12/28 19:55:14 INFO TextDataConvertor: Dataset: [../../../../data/split/cv_3/test.txt]
22/12/28 19:55:14 INFO TextDataConvertor: DataSet: ..../../../../data/split/cv_3/test.txt is finished
22/12/28 19:55:14 INFO TextDataConvertor: rating Scale (real): 0.5 to 5.0
22/12/28 19:55:14 INFO TextDataConvertor: user number: 6000,	 item number is: 14623
22/12/28 19:55:15 INFO TextDataModel: Split data to train Set and test Set successfully!
22/12/28 19:55:15 INFO TextDataModel: Data cardinality of training is 447256
22/12/28 19:55:15 INFO TextDataModel: Data cardinality of testing is 111814
22/12/28 19:55:15 INFO TextDataModel: Feature appender loaded successfully!
22/12/28 19:55:15 INFO OracleAlgo: Job Setup completed.
** Training model in OracleAlgo **
22/12/28 19:55:15 INFO TextDataConvertor: Dataset: [exp00011/result/out-3.txt]
22/12/28 19:55:15 INFO TextDataConvertor: DataSet: exp00011/result/out-3.txt is finished
22/12/28 19:55:15 INFO TextDataConvertor: user number: 6000,	 item number is: 14623
22/12/28 19:55:15 INFO OracleAlgo: Job Train completed.
22/12/28 19:55:15 INFO OracleAlgo: begin recommend
22/12/28 19:55:16 INFO OracleAlgo: end recommend
22/12/28 19:55:16 INFO RecommenderJob: Evaluator info:NormalizedDCGEvaluator is 0.06506096095533563
22/12/28 19:55:16 INFO RecommenderJob: Evaluator info:PStatisticalParityEvaluator is -0.553651474530889
22/12/28 19:55:16 INFO TextDataConvertor: Dataset: [../../../../data/split/cv_4/train.txt]
22/12/28 19:55:17 INFO TextDataConvertor: DataSet: .../../../../data/split/cv_4/train.txt is finished
22/12/28 19:55:17 INFO TextDataConvertor: rating Scale (real): 0.5 to 5.0
22/12/28 19:55:17 INFO TextDataConvertor: user number: 6000,	 item number is: 14623
22/12/28 19:55:17 INFO TextDataModel: Transform data to Convertor successfully!
22/12/28 19:55:17 INFO TextDataConvertor: Dataset: [../../../../data/split/cv_4/test.txt]
22/12/28 19:55:17 INFO TextDataConvertor: DataSet: ..../../../../data/split/cv_4/test.txt is finished
22/12/28 19:55:17 INFO TextDataConvertor: rating Scale (real): 0.5 to 5.0
22/12/28 19:55:17 INFO TextDataConvertor: user number: 6000,	 item number is: 14623
22/12/28 19:55:17 INFO TextDataModel: Split data to train Set and test Set successfully!
22/12/28 19:55:17 INFO TextDataModel: Data cardinality of training is 447256
22/12/28 19:55:17 INFO TextDataModel: Data cardinality of testing is 111814
22/12/28 19:55:17 INFO TextDataModel: Feature appender loaded successfully!
22/12/28 19:55:17 INFO OracleAlgo: Job Setup completed.
** Training model in OracleAlgo **
22/12/28 19:55:17 INFO TextDataConvertor: Dataset: [exp00011/result/out-4.txt]
22/12/28 19:55:17 INFO TextDataConvertor: DataSet: exp00011/result/out-4.txt is finished
22/12/28 19:55:17 INFO TextDataConvertor: user number: 6000,	 item number is: 14623
22/12/28 19:55:17 INFO OracleAlgo: Job Train completed.
22/12/28 19:55:17 INFO OracleAlgo: begin recommend
22/12/28 19:55:19 INFO OracleAlgo: end recommend
22/12/28 19:55:19 INFO RecommenderJob: Evaluator info:NormalizedDCGEvaluator is 0.06371382334716418
22/12/28 19:55:19 INFO RecommenderJob: Evaluator info:PStatisticalParityEvaluator is -0.5767623833453472
22/12/28 19:55:19 INFO TextDataConvertor: Dataset: [../../../../data/split/cv_5/train.txt]
22/12/28 19:55:19 INFO TextDataConvertor: DataSet: .../../../../data/split/cv_5/train.txt is finished
22/12/28 19:55:19 INFO TextDataConvertor: rating Scale (real): 0.5 to 5.0
22/12/28 19:55:19 INFO TextDataConvertor: user number: 6000,	 item number is: 14623
22/12/28 19:55:19 INFO TextDataModel: Transform data to Convertor successfully!
22/12/28 19:55:19 INFO TextDataConvertor: Dataset: [../../../../data/split/cv_5/test.txt]
22/12/28 19:55:19 INFO TextDataConvertor: DataSet: ..../../../../data/split/cv_5/test.txt is finished
22/12/28 19:55:19 INFO TextDataConvertor: rating Scale (real): 0.5 to 5.0
22/12/28 19:55:19 INFO TextDataConvertor: user number: 6000,	 item number is: 14623
22/12/28 19:55:20 INFO TextDataModel: Split data to train Set and test Set successfully!
22/12/28 19:55:20 INFO TextDataModel: Data cardinality of training is 447256
22/12/28 19:55:20 INFO TextDataModel: Data cardinality of testing is 111814
22/12/28 19:55:20 INFO TextDataModel: Feature appender loaded successfully!
22/12/28 19:55:20 INFO OracleAlgo: Job Setup completed.
** Training model in OracleAlgo **
22/12/28 19:55:20 INFO TextDataConvertor: Dataset: [exp00011/result/out-5.txt]
22/12/28 19:55:21 INFO TextDataConvertor: DataSet: exp00011/result/out-5.txt is finished
22/12/28 19:55:21 INFO TextDataConvertor: user number: 6000,	 item number is: 14623
22/12/28 19:55:21 INFO OracleAlgo: Job Train completed.
22/12/28 19:55:21 INFO OracleAlgo: begin recommend
22/12/28 19:55:23 INFO OracleAlgo: end recommend
22/12/28 19:55:23 INFO RecommenderJob: Evaluator info:NormalizedDCGEvaluator is 0.06440242924292784
22/12/28 19:55:23 INFO RecommenderJob: Evaluator info:PStatisticalParityEvaluator is -0.5510427472724597
